0 info it worked if it ends with ok
1 verbose cli [ 'node', '/usr/local/bin/npm', '-g', 'install', 'weinre' ]
2 info using npm@1.4.13
3 info using node@v0.10.28
4 verbose node symlink /usr/local/bin/node
5 verbose cache add [ 'weinre', null ]
6 verbose cache add name=undefined spec="weinre" args=["weinre",null]
7 verbose parsed url { protocol: null,
7 verbose parsed url   slashes: null,
7 verbose parsed url   auth: null,
7 verbose parsed url   host: null,
7 verbose parsed url   port: null,
7 verbose parsed url   hostname: null,
7 verbose parsed url   hash: null,
7 verbose parsed url   search: null,
7 verbose parsed url   query: null,
7 verbose parsed url   pathname: 'weinre',
7 verbose parsed url   path: 'weinre',
7 verbose parsed url   href: 'weinre' }
8 silly lockFile 752ed9cc-weinre weinre
9 verbose lock weinre /Users/zplovett/.npm/752ed9cc-weinre.lock
10 silly lockFile 752ed9cc-weinre weinre
11 silly lockFile 752ed9cc-weinre weinre
12 verbose addNamed [ 'weinre', '' ]
13 verbose addNamed [ null, '*' ]
14 silly lockFile c2e6926c-weinre weinre@
15 verbose lock weinre@ /Users/zplovett/.npm/c2e6926c-weinre.lock
16 silly addNameRange { name: 'weinre', range: '*', hasData: false }
17 verbose url raw weinre
18 verbose url resolving [ 'https://registry.npmjs.org/', './weinre' ]
19 verbose url resolved https://registry.npmjs.org/weinre
20 info trying registry request attempt 1 at 05:22:01
21 verbose etag "ERWASGX595OI1QNYIG0TVZE29"
22 http GET https://registry.npmjs.org/weinre
23 http 304 https://registry.npmjs.org/weinre
24 silly registry.get cb [ 304,
24 silly registry.get   { date: 'Sat, 07 Jun 2014 21:22:02 GMT',
24 silly registry.get     server: 'Apache',
24 silly registry.get     via: '1.1 varnish',
24 silly registry.get     'last-modified': 'Sat, 07 Jun 2014 21:22:02 GMT',
24 silly registry.get     'cache-control': 'max-age=1',
24 silly registry.get     etag: '"ERWASGX595OI1QNYIG0TVZE29"',
24 silly registry.get     'x-served-by': 'cache-ty68-TYO',
24 silly registry.get     'x-cache': 'MISS',
24 silly registry.get     'x-cache-hits': '0',
24 silly registry.get     'x-timer': 'S1402176122.627926,VS0,VE324',
24 silly registry.get     vary: 'Accept',
24 silly registry.get     'content-length': '0',
24 silly registry.get     'keep-alive': 'timeout=10, max=50',
24 silly registry.get     connection: 'Keep-Alive' } ]
25 verbose etag weinre from cache
26 silly addNameRange number 2 { name: 'weinre', range: '*', hasData: true }
27 silly addNameRange versions [ 'weinre',
27 silly addNameRange   [ '2.0.0-pre-H0WTHDO5-incubating',
27 silly addNameRange     '2.0.0-pre-H1GCS73N-incubating',
27 silly addNameRange     '2.0.0-pre-H3FWTQKQ-incubating',
27 silly addNameRange     '2.0.0-pre-H41DGW8S-incubating',
27 silly addNameRange     '2.0.0-pre-H8EOSCLN-incubating',
27 silly addNameRange     '2.0.0-pre-H9PU2WST-incubating',
27 silly addNameRange     '2.0.0-pre-HA5N9T49',
27 silly addNameRange     '2.0.0-pre-HG9PLCRF',
27 silly addNameRange     '2.0.0-pre-HH0SN197' ] ]
28 verbose addNamed [ 'weinre', '2.0.0-pre-HH0SN197' ]
29 verbose addNamed [ '2.0.0-pre-HH0SN197', '2.0.0-pre-HH0SN197' ]
30 silly lockFile 47d5e455-weinre-2-0-0-pre-HH0SN197 weinre@2.0.0-pre-HH0SN197
31 verbose lock weinre@2.0.0-pre-HH0SN197 /Users/zplovett/.npm/47d5e455-weinre-2-0-0-pre-HH0SN197.lock
32 silly lockFile fad17413-re-weinre-2-0-0-pre-HH0SN197-tgz https://registry.npmjs.org/weinre/-/weinre-2.0.0-pre-HH0SN197.tgz
33 verbose lock https://registry.npmjs.org/weinre/-/weinre-2.0.0-pre-HH0SN197.tgz /Users/zplovett/.npm/fad17413-re-weinre-2-0-0-pre-HH0SN197-tgz.lock
34 verbose addRemoteTarball [ 'https://registry.npmjs.org/weinre/-/weinre-2.0.0-pre-HH0SN197.tgz',
34 verbose addRemoteTarball   'f32c045d0788e2b2454c0a0ad3ee6f99d18c627e' ]
35 info retry fetch attempt 1 at 05:22:03
36 verbose fetch to= /var/folders/hr/0b3xnrgj0y15pbpmq3wwy5bc0000gn/T/npm-52615-WqGJOBan/registry.npmjs.org/weinre/-/weinre-2.0.0-pre-HH0SN197.tgz
37 http GET https://registry.npmjs.org/weinre/-/weinre-2.0.0-pre-HH0SN197.tgz
38 http 200 https://registry.npmjs.org/weinre/-/weinre-2.0.0-pre-HH0SN197.tgz
39 silly lockFile fad17413-re-weinre-2-0-0-pre-HH0SN197-tgz https://registry.npmjs.org/weinre/-/weinre-2.0.0-pre-HH0SN197.tgz
40 silly lockFile fad17413-re-weinre-2-0-0-pre-HH0SN197-tgz https://registry.npmjs.org/weinre/-/weinre-2.0.0-pre-HH0SN197.tgz
41 silly lockFile 47d5e455-weinre-2-0-0-pre-HH0SN197 weinre@2.0.0-pre-HH0SN197
42 silly lockFile 47d5e455-weinre-2-0-0-pre-HH0SN197 weinre@2.0.0-pre-HH0SN197
43 silly lockFile c2e6926c-weinre weinre@
44 silly lockFile c2e6926c-weinre weinre@
45 silly resolved [ { name: 'weinre',
45 silly resolved     description: 'WEb INspector REmote',
45 silly resolved     author: { name: 'apache.org' },
45 silly resolved     version: '2.0.0-pre-HH0SN197',
45 silly resolved     tags: [ 'debug' ],
45 silly resolved     licenses: [ [Object] ],
45 silly resolved     engines: { node: '>=0.6.0' },
45 silly resolved     directories: { lib: './lib' },
45 silly resolved     dependencies:
45 silly resolved      { 'coffee-script': '1.3.x',
45 silly resolved        express: '2.5.x',
45 silly resolved        nopt: '1.0.x',
45 silly resolved        underscore: '1.3.x' },
45 silly resolved     main: './lib/weinre',
45 silly resolved     bin: { weinre: './weinre' },
45 silly resolved     homepage: 'http://people.apache.org/~pmuellr/weinre/',
45 silly resolved     bugs: 'https://issues.apache.org/jira/secure/IssueNavigator!executeAdvanced.jspa?jqlQuery=project%3DCB+and+component%3Dweinre&runQuery=true&clear=true',
45 silly resolved     repository:
45 silly resolved      { type: 'git',
45 silly resolved        url: 'https://git-wip-us.apache.org/repos/asf/cordova-weinre.git' },
45 silly resolved     readme: '<!--\n * Licensed to the Apache Software Foundation (ASF) under one\n * or more contributor license agreements.  See the NOTICE file\n * distributed with this work for additional information\n * regarding copyright ownership.  The ASF licenses this file\n * to you under the Apache License, Version 2.0 (the\n * "License"); you may not use this file except in compliance\n * with the License.  You may obtain a copy of the License at\n *\n *     http://www.apache.org/licenses/LICENSE-2.0\n *\n * Unless required by applicable law or agreed to in writing,\n * software distributed under the License is distributed on an\n * "AS IS" BASIS, WITHOUT WARRANTIES OR CONDITIONS OF ANY\n * KIND, either express or implied.  See the License for the\n * specific language governing permissions and limitations\n * under the License.\n-->\n\nweinre is WEb INspector REmote.\nPronounced like the word "winery".\nOr maybe like the word "weiner".\nWho knows, really.\n\nweinre is a debugger for web pages,\nlike FireBug (for FireFox) and Web Inspector (for WebKit-based browsers),\nexcept it\'s designed to work remotely, and in particular,\nto allow you debug web pages on a mobile device such as a phone.\n\nFor more information on weinre:\n[http://people.apache.org/~pmuellr/weinre/](http://people.apache.org/~pmuellr/weinre/)\n\nrunning\n-------\n\nFor more information about running weinre, you can start the server\nand browse the documentation online.\n\nStart the server with the following command\n\n    node weinre\n\nThis will start the server, and display a message with the URL to the\nserver.  Browse to that URL in your web browser, and then click on\n\'documentation\' link, which will display weinre\'s online documentation.\nFrom there click on the \'Running\' page to get more information about\nrunning weinre.\n\nsource\n------\n\nFollow the link for more information at the top of this file\nfor instructions on obtaining source.\n\nIf you\'re reading this file as part of the source distribution of weinre,\nyou will need to run a \'build\' before being able to run weinre.  See the\n`README.md` file in the root directory of the weinre source distribution\nfor more information.\n\n',
45 silly resolved     _id: 'weinre@2.0.0-pre-HH0SN197',
45 silly resolved     dist:
45 silly resolved      { shasum: 'f32c045d0788e2b2454c0a0ad3ee6f99d18c627e',
45 silly resolved        tarball: 'http://registry.npmjs.org/weinre/-/weinre-2.0.0-pre-HH0SN197.tgz' },
45 silly resolved     _npmVersion: '1.1.62',
45 silly resolved     _npmUser: { name: 'pmuellr', email: 'pmuellr@gmail.com' },
45 silly resolved     maintainers: [ [Object] ],
45 silly resolved     _shasum: 'f32c045d0788e2b2454c0a0ad3ee6f99d18c627e',
45 silly resolved     _from: 'weinre@',
45 silly resolved     _resolved: 'https://registry.npmjs.org/weinre/-/weinre-2.0.0-pre-HH0SN197.tgz' } ]
46 info install weinre@2.0.0-pre-HH0SN197 into /usr/local/lib
47 info installOne weinre@2.0.0-pre-HH0SN197
48 info /usr/local/lib/node_modules/weinre unbuild
49 verbose tar unpack /Users/zplovett/.npm/weinre/2.0.0-pre-HH0SN197/package.tgz
50 silly lockFile 2bb53c29-sr-local-lib-node-modules-weinre tar:///usr/local/lib/node_modules/weinre
51 verbose lock tar:///usr/local/lib/node_modules/weinre /Users/zplovett/.npm/2bb53c29-sr-local-lib-node-modules-weinre.lock
52 silly lockFile b735b8ce-e-2-0-0-pre-HH0SN197-package-tgz tar:///Users/zplovett/.npm/weinre/2.0.0-pre-HH0SN197/package.tgz
53 verbose lock tar:///Users/zplovett/.npm/weinre/2.0.0-pre-HH0SN197/package.tgz /Users/zplovett/.npm/b735b8ce-e-2-0-0-pre-HH0SN197-package-tgz.lock
54 silly gunzTarPerm modes [ '755', '644' ]
55 silly gunzTarPerm extractEntry package.json
56 silly gunzTarPerm extractEntry .npmignore
57 silly gunzTarPerm extractEntry README.md
58 silly gunzTarPerm extractEntry interfaces/WeinreClientCommands.idl
59 silly gunzTarPerm extractEntry interfaces/WeinreClientEvents.idl
60 silly gunzTarPerm extractEntry interfaces/WeinreExtraClientCommands.idl
61 silly gunzTarPerm extractEntry interfaces/WeinreExtraTargetEvents.idl
62 silly gunzTarPerm extractEntry interfaces/WeinreTargetCommands.idl
63 silly gunzTarPerm extractEntry interfaces/WeinreTargetEvents.idl
64 silly gunzTarPerm extractEntry lib/jsonBodyParser.coffee
65 silly gunzTarPerm extractEntry lib/Channel.coffee
66 silly gunzTarPerm extractEntry lib/cli.coffee
67 silly gunzTarPerm extractEntry lib/dumpingHandler.coffee
68 silly gunzTarPerm extractEntry lib/extensionManager.coffee
69 silly gunzTarPerm extractEntry lib/HttpChannelHandler.coffee
70 silly gunzTarPerm extractEntry lib/channelManager.coffee
71 silly gunzTarPerm extractEntry lib/messageHandler.coffee
72 silly gunzTarPerm extractEntry lib/MessageQueue.coffee
73 silly gunzTarPerm extractEntry lib/service/WeinreClientCommands.coffee
74 silly gunzTarPerm extractEntry lib/service/WeinreTargetCommands.coffee
75 silly gunzTarPerm extractEntry lib/serviceManager.coffee
76 silly gunzTarPerm extractEntry lib/utils.coffee
77 silly gunzTarPerm extractEntry lib/weinre.coffee
78 silly gunzTarPerm extractEntry web/index.js
79 silly gunzTarPerm extractEntry web/modjewel.js
80 silly gunzTarPerm extractEntry web/versions.js
81 silly gunzTarPerm extractEntry web/interfaces/all-json-idls-min.js
82 silly gunzTarPerm extractEntry web/interfaces/all-json-idls.js
83 silly gunzTarPerm extractEntry web/interfaces/interfaces.js
84 silly gunzTarPerm extractEntry web/interfaces/WeinreClientCommands.json
85 silly gunzTarPerm extractEntry web/interfaces/Inspector.json
86 silly gunzTarPerm extractEntry web/interfaces/interfaces.css
87 silly gunzTarPerm extractEntry web/interfaces/interfaces.html
88 silly gunzTarPerm extractEntry web/interfaces/InjectedScriptHost.json
89 silly gunzTarPerm extractEntry web/interfaces/InspectorFrontendHost.json
90 silly gunzTarPerm extractEntry web/interfaces/WeinreClientEvents.json
91 silly gunzTarPerm extractEntry web/interfaces/WeinreExtraClientCommands.json
92 silly gunzTarPerm extractEntry web/interfaces/WeinreExtraTargetEvents.json
93 silly gunzTarPerm extractEntry web/interfaces/WeinreTargetCommands.json
94 silly gunzTarPerm extractEntry web/interfaces/WeinreTargetEvents.json
95 silly gunzTarPerm extractEntry web/index.html
96 silly gunzTarPerm extractEntry web/client/ApplicationCacheItemsView.js
97 silly gunzTarPerm extractEntry web/client/TopDownProfileDataGridTree.js
98 silly gunzTarPerm extractEntry web/client/InjectedFakeWorker.js
99 silly gunzTarPerm extractEntry web/client/TimelinePanel.js
100 silly gunzTarPerm extractEntry web/client/ImageView.js
101 silly gunzTarPerm extractEntry web/client/inspector.js
102 silly gunzTarPerm extractEntry web/client/InspectorBackendStub.js
103 silly gunzTarPerm extractEntry web/client/TimelineGrid.js
104 silly gunzTarPerm extractEntry web/client/InspectorFrontendHostStub.js
105 silly gunzTarPerm extractEntry web/client/TimelineAgent.js
106 silly gunzTarPerm extractEntry web/client/treeoutline.js
107 silly gunzTarPerm extractEntry web/client/KeyboardShortcut.js
108 silly gunzTarPerm extractEntry web/client/HelpScreen.js
109 silly gunzTarPerm extractEntry web/client/MetricsSidebarPane.js
110 silly gunzTarPerm extractEntry web/client/utilities.js
111 silly gunzTarPerm extractEntry web/client/NetworkItemView.js
112 silly gunzTarPerm extractEntry web/client/HeapSnapshotView.js
113 silly gunzTarPerm extractEntry web/client/NetworkManager.js
114 silly gunzTarPerm extractEntry web/client/HeapSnapshot.js
115 silly gunzTarPerm extractEntry web/client/AuditCategories.js
116 silly gunzTarPerm extractEntry web/client/View.js
117 silly gunzTarPerm extractEntry web/client/NetworkPanel.js
118 silly gunzTarPerm extractEntry web/client/HAREntry.js
119 silly gunzTarPerm extractEntry web/client/TextViewer.js
120 silly gunzTarPerm extractEntry web/client/GoToLineDialog.js
121 silly gunzTarPerm extractEntry web/client/Object.js
122 silly gunzTarPerm extractEntry web/client/WatchExpressionsSidebarPane.js
123 silly gunzTarPerm extractEntry web/client/ObjectPropertiesSection.js
124 silly gunzTarPerm extractEntry web/client/FontView.js
125 silly gunzTarPerm extractEntry web/client/Panel.js
126 silly gunzTarPerm extractEntry web/client/ExtensionServer.js
127 silly gunzTarPerm extractEntry web/client/PanelEnablerView.js
128 silly gunzTarPerm extractEntry web/client/ExtensionRegistryStub.js
129 silly gunzTarPerm extractEntry web/client/Placard.js
130 silly gunzTarPerm extractEntry web/client/ExtensionPanel.js
131 silly gunzTarPerm extractEntry web/client/PleaseWaitMessage.js
132 silly gunzTarPerm extractEntry web/client/ExtensionCommon.js
133 silly gunzTarPerm extractEntry web/client/TextPrompt.js
134 silly gunzTarPerm extractEntry web/client/ExtensionAuditCategory.js
135 silly gunzTarPerm extractEntry web/client/Popover.js
136 silly gunzTarPerm extractEntry web/client/web-inspector-API.js
137 silly gunzTarPerm extractEntry web/client/ProfileDataGridTree.js
138 silly gunzTarPerm extractEntry web/client/ExtensionAPI.js
139 silly gunzTarPerm extractEntry web/client/ProfilesPanel.js
140 silly gunzTarPerm extractEntry web/client/EventListenersSidebarPane.js
141 silly gunzTarPerm extractEntry web/client/ProfileView.js
142 silly gunzTarPerm extractEntry web/client/ElementsTreeOutline.js
143 silly gunzTarPerm extractEntry web/client/PropertiesSection.js
144 silly gunzTarPerm extractEntry web/client/ElementsPanel.js
145 silly gunzTarPerm extractEntry web/client/PropertiesSidebarPane.js
146 silly gunzTarPerm extractEntry web/client/Drawer.js
147 silly gunzTarPerm extractEntry web/client/RemoteObject.js
148 silly gunzTarPerm extractEntry web/client/DOMSyntaxHighlighter.js
149 silly gunzTarPerm extractEntry web/client/Resource.js
150 silly gunzTarPerm extractEntry web/client/DOMStorageItemsView.js
151 silly gunzTarPerm extractEntry web/client/ResourceCategory.js
152 silly gunzTarPerm extractEntry web/client/DOMStorage.js
153 silly gunzTarPerm extractEntry web/client/ResourceCookiesView.js
154 silly gunzTarPerm extractEntry web/client/DOMAgent.js
155 silly gunzTarPerm extractEntry web/client/ResourceHeadersView.js
156 silly gunzTarPerm extractEntry web/client/DetailedHeapshotView.js
157 silly gunzTarPerm extractEntry web/client/ResourcesPanel.js
158 silly gunzTarPerm extractEntry web/client/DebuggerModel.js
159 silly gunzTarPerm extractEntry web/client/ResourceTimingView.js
160 silly gunzTarPerm extractEntry web/client/DataGrid.js
161 silly gunzTarPerm extractEntry web/client/ResourceTreeModel.js
162 silly gunzTarPerm extractEntry web/client/DatabaseTableView.js
163 silly gunzTarPerm extractEntry web/client/ResourceView.js
164 silly gunzTarPerm extractEntry web/client/DatabaseQueryView.js
165 silly gunzTarPerm extractEntry web/client/ScopeChainSidebarPane.js
166 silly gunzTarPerm extractEntry web/client/Database.js
167 silly gunzTarPerm extractEntry web/client/Script.js
168 silly gunzTarPerm extractEntry web/client/CSSStyleModel.js
169 silly gunzTarPerm extractEntry web/client/ScriptFormatter.js
170 silly gunzTarPerm extractEntry web/client/CSSKeywordCompletions.js
171 silly gunzTarPerm extractEntry web/client/ScriptFormatterWorker.js
172 silly gunzTarPerm extractEntry web/client/CSSCompletions.js
173 silly gunzTarPerm extractEntry web/client/ScriptsPanel.js
174 silly gunzTarPerm extractEntry web/client/CookiesTable.js
175 silly gunzTarPerm extractEntry web/client/Section.js
176 silly gunzTarPerm extractEntry web/client/CookieParser.js
177 silly gunzTarPerm extractEntry web/client/Settings.js
178 silly gunzTarPerm extractEntry web/client/CookieItemsView.js
179 silly gunzTarPerm extractEntry web/client/ShortcutsHelp.js
180 silly gunzTarPerm extractEntry web/client/ContextMenu.js
181 silly gunzTarPerm extractEntry web/client/ShowMoreDataGridNode.js
182 silly gunzTarPerm extractEntry web/client/ConsoleView.js
183 silly gunzTarPerm extractEntry web/client/SidebarPane.js
184 silly gunzTarPerm extractEntry web/client/ConsolePanel.js
185 silly gunzTarPerm extractEntry web/client/SidebarTreeElement.js
186 silly gunzTarPerm extractEntry web/client/Color.js
187 silly gunzTarPerm extractEntry web/client/SourceCSSTokenizer.js
188 silly gunzTarPerm extractEntry web/client/Checkbox.js
189 silly gunzTarPerm extractEntry web/client/TextEditorModel.js
190 silly gunzTarPerm extractEntry web/client/CallStackSidebarPane.js
191 silly gunzTarPerm extractEntry web/client/SourceFrame.js
192 silly gunzTarPerm extractEntry web/client/BreakpointsSidebarPane.js
193 silly gunzTarPerm extractEntry web/client/SourceFrameContent.js
194 silly gunzTarPerm extractEntry web/client/BreakpointManager.js
195 silly gunzTarPerm extractEntry web/client/SourceHTMLTokenizer.js
196 silly gunzTarPerm extractEntry web/client/Breakpoint.js
197 silly gunzTarPerm extractEntry web/client/TextEditorHighlighter.js
198 silly gunzTarPerm extractEntry web/client/BottomUpProfileDataGridTree.js
199 silly gunzTarPerm extractEntry web/client/SourceJavaScriptTokenizer.js
200 silly gunzTarPerm extractEntry web/client/AuditsPanel.js
201 silly gunzTarPerm extractEntry web/client/TestController.js
202 silly gunzTarPerm extractEntry web/client/WelcomeView.js
203 silly gunzTarPerm extractEntry web/client/SourceTokenizer.js
204 silly gunzTarPerm extractEntry web/client/AuditRules.js
205 silly gunzTarPerm extractEntry web/client/StatusBarButton.js
206 silly gunzTarPerm extractEntry web/client/AuditResultView.js
207 silly gunzTarPerm extractEntry web/client/StylesSidebarPane.js
208 silly gunzTarPerm extractEntry web/client/AuditLauncherView.js
209 silly gunzTarPerm extractEntry web/client/SummaryBar.js
210 silly gunzTarPerm extractEntry web/client/AuditFormatters.js
211 silly gunzTarPerm extractEntry web/client/TabbedPane.js
212 silly gunzTarPerm extractEntry web/client/TimelineOverviewPane.js
213 silly gunzTarPerm extractEntry web/client/WorkersSidebarPane.js
214 silly gunzTarPerm extractEntry web/client/index.html
215 silly gunzTarPerm extractEntry web/client/SourceJavaScriptTokenizer.re2js
216 silly gunzTarPerm extractEntry web/client/SourceCSSTokenizer.re2js
217 silly gunzTarPerm extractEntry web/client/popover.css
218 silly gunzTarPerm extractEntry web/client/textViewer.css
219 silly gunzTarPerm extractEntry web/client/nls/English.lproj/localizedStrings.js
220 silly gunzTarPerm extractEntry web/client/inspectorSyntaxHighlight.css
221 silly gunzTarPerm extractEntry web/client/InspectorBackendStub.qrc
222 silly gunzTarPerm extractEntry web/client/inspector.html
223 silly gunzTarPerm extractEntry web/client/inspector.css
224 silly gunzTarPerm extractEntry web/client/SourceHTMLTokenizer.re2js
225 silly gunzTarPerm extractEntry web/client/Images/resourceJSIcon.png
226 silly gunzTarPerm extractEntry web/client/Images/applicationCache.png
227 silly gunzTarPerm extractEntry web/client/Images/back.png
228 silly gunzTarPerm extractEntry web/client/Images/breakpointBorder.png
229 silly gunzTarPerm extractEntry web/client/Images/breakpointConditionalBorder.png
230 silly gunzTarPerm extractEntry web/client/Images/breakpointConditionalCounterBorder.png
231 silly gunzTarPerm extractEntry web/client/Images/breakpointCounterBorder.png
232 silly gunzTarPerm extractEntry web/client/Images/breakpointsActivateButtonGlyph.png
233 silly gunzTarPerm extractEntry web/client/Images/breakpointsDeactivateButtonGlyph.png
234 silly gunzTarPerm extractEntry web/client/Images/checker.png
235 silly gunzTarPerm extractEntry web/client/Images/clearConsoleButtonGlyph.png
236 silly gunzTarPerm extractEntry web/client/Images/closeButtons.png
237 silly gunzTarPerm extractEntry web/client/Images/consoleButtonGlyph.png
238 silly gunzTarPerm extractEntry web/client/Images/consoleIcon.png
239 silly gunzTarPerm extractEntry web/client/Images/cookie.png
240 silly gunzTarPerm extractEntry web/client/Images/database.png
241 silly gunzTarPerm extractEntry web/client/Images/databaseTable.png
242 silly gunzTarPerm extractEntry web/client/Images/debuggerContinue.png
243 silly gunzTarPerm extractEntry web/client/Images/debuggerPause.png
244 silly gunzTarPerm extractEntry web/client/Images/debuggerStepInto.png
245 silly gunzTarPerm extractEntry web/client/Images/debuggerStepOut.png
246 silly gunzTarPerm extractEntry web/client/Images/debuggerStepOver.png
247 silly gunzTarPerm extractEntry web/client/Images/disclosureTriangleSmallDown.png
248 silly gunzTarPerm extractEntry web/client/Images/disclosureTriangleSmallDownBlack.png
249 silly gunzTarPerm extractEntry web/client/Images/disclosureTriangleSmallDownWhite.png
250 silly gunzTarPerm extractEntry web/client/Images/disclosureTriangleSmallRight.png
251 silly gunzTarPerm extractEntry web/client/Images/disclosureTriangleSmallRightBlack.png
252 silly gunzTarPerm extractEntry web/client/Images/disclosureTriangleSmallRightDown.png
253 silly gunzTarPerm extractEntry web/client/Images/disclosureTriangleSmallRightDownBlack.png
254 silly gunzTarPerm extractEntry web/client/Images/disclosureTriangleSmallRightDownWhite.png
255 silly gunzTarPerm extractEntry web/client/Images/disclosureTriangleSmallRightWhite.png
256 silly gunzTarPerm extractEntry web/client/Images/dockButtonGlyph.png
257 silly gunzTarPerm extractEntry web/client/Images/elementsIcon.png
258 silly gunzTarPerm extractEntry web/client/Images/enableOutlineButtonGlyph.png
259 silly gunzTarPerm extractEntry web/client/Images/enableSolidButtonGlyph.png
260 silly gunzTarPerm extractEntry web/client/Images/errorIcon.png
261 silly gunzTarPerm extractEntry web/client/Images/errorMediumIcon.png
262 silly gunzTarPerm extractEntry web/client/Images/errorRedDot.png
263 silly gunzTarPerm extractEntry web/client/Images/excludeButtonGlyph.png
264 silly gunzTarPerm extractEntry web/client/Images/focusButtonGlyph.png
265 silly gunzTarPerm extractEntry web/client/Images/forward.png
266 silly gunzTarPerm extractEntry web/client/Images/frame.png
267 silly gunzTarPerm extractEntry web/client/Images/gearButtonGlyph.png
268 silly gunzTarPerm extractEntry web/client/Images/glossyHeader.png
269 silly gunzTarPerm extractEntry web/client/Images/glossyHeaderPressed.png
270 silly gunzTarPerm extractEntry web/client/Images/glossyHeaderSelected.png
271 silly gunzTarPerm extractEntry web/client/Images/glossyHeaderSelectedPressed.png
272 silly gunzTarPerm extractEntry web/client/Images/goArrow.png
273 silly gunzTarPerm extractEntry web/client/Images/graphLabelCalloutLeft.png
274 silly gunzTarPerm extractEntry web/client/Images/graphLabelCalloutRight.png
275 silly gunzTarPerm extractEntry web/client/Images/largerResourcesButtonGlyph.png
276 silly gunzTarPerm extractEntry web/client/Images/localStorage.png
277 silly gunzTarPerm extractEntry web/client/Images/networkIcon.png
278 silly gunzTarPerm extractEntry web/client/Images/nodeSearchButtonGlyph.png
279 silly gunzTarPerm extractEntry web/client/Images/paneAddButtons.png
280 silly gunzTarPerm extractEntry web/client/Images/paneBottomGrow.png
281 silly gunzTarPerm extractEntry web/client/Images/paneBottomGrowActive.png
282 silly gunzTarPerm extractEntry web/client/Images/paneGrowHandleLine.png
283 silly gunzTarPerm extractEntry web/client/Images/paneSettingsButtons.png
284 silly gunzTarPerm extractEntry web/client/Images/pauseOnExceptionButtonGlyph.png
285 silly gunzTarPerm extractEntry web/client/Images/percentButtonGlyph.png
286 silly gunzTarPerm extractEntry web/client/Images/popoverArrows.png
287 silly gunzTarPerm extractEntry web/client/Images/popoverBackground.png
288 silly gunzTarPerm extractEntry web/client/Images/profileGroupIcon.png
289 silly gunzTarPerm extractEntry web/client/Images/profileIcon.png
290 silly gunzTarPerm extractEntry web/client/Images/profilesIcon.png
291 silly gunzTarPerm extractEntry web/client/Images/profileSmallIcon.png
292 silly gunzTarPerm extractEntry web/client/Images/profilesSilhouette.png
293 silly gunzTarPerm extractEntry web/client/Images/programCounterBorder.png
294 silly gunzTarPerm extractEntry web/client/Images/radioDot.png
295 silly gunzTarPerm extractEntry web/client/Images/recordButtonGlyph.png
296 silly gunzTarPerm extractEntry web/client/Images/recordToggledButtonGlyph.png
297 silly gunzTarPerm extractEntry web/client/Images/reloadButtonGlyph.png
298 silly gunzTarPerm extractEntry web/client/Images/resourceCSSIcon.png
299 silly gunzTarPerm extractEntry web/client/Images/resourceDocumentIcon.png
300 silly gunzTarPerm extractEntry web/client/Images/resourceDocumentIconSmall.png
301 silly gunzTarPerm extractEntry web/client/Images/auditsIcon.png
302 silly gunzTarPerm extractEntry web/client/Images/resourcePlainIcon.png
303 silly gunzTarPerm extractEntry web/client/Images/resourcePlainIconSmall.png
304 silly gunzTarPerm extractEntry web/client/Images/resourcesIcon.png
305 silly gunzTarPerm extractEntry web/client/Images/resourcesSizeGraphIcon.png
306 silly gunzTarPerm extractEntry web/client/Images/resourcesTimeGraphIcon.png
307 silly gunzTarPerm extractEntry web/client/Images/scriptsIcon.png
308 silly gunzTarPerm extractEntry web/client/Images/scriptsSilhouette.png
309 silly gunzTarPerm extractEntry web/client/Images/searchSmallBlue.png
310 silly gunzTarPerm extractEntry web/client/Images/searchSmallBrightBlue.png
311 silly gunzTarPerm extractEntry web/client/Images/searchSmallGray.png
312 silly gunzTarPerm extractEntry web/client/Images/searchSmallWhite.png
313 silly gunzTarPerm extractEntry web/client/Images/segment.png
314 silly gunzTarPerm extractEntry web/client/Images/segmentEnd.png
315 silly gunzTarPerm extractEntry web/client/Images/segmentHover.png
316 silly gunzTarPerm extractEntry web/client/Images/segmentHoverEnd.png
317 silly gunzTarPerm extractEntry web/client/Images/segmentSelected.png
318 silly gunzTarPerm extractEntry web/client/Images/segmentSelectedEnd.png
319 silly gunzTarPerm extractEntry web/client/Images/sessionStorage.png
320 silly gunzTarPerm extractEntry web/client/Images/spinner.gif
321 silly gunzTarPerm extractEntry web/client/Images/splitviewDimple.png
322 silly gunzTarPerm extractEntry web/client/Images/splitviewDividerBackground.png
323 silly gunzTarPerm extractEntry web/client/Images/statusbarBackground.png
324 silly gunzTarPerm extractEntry web/client/Images/statusbarBottomBackground.png
325 silly gunzTarPerm extractEntry web/client/Images/statusbarButtons.png
326 silly gunzTarPerm extractEntry web/client/Images/statusbarMenuButton.png
327 silly gunzTarPerm extractEntry web/client/Images/statusbarMenuButtonSelected.png
328 silly gunzTarPerm extractEntry web/client/Images/statusbarResizerHorizontal.png
329 silly gunzTarPerm extractEntry web/client/Images/statusbarResizerVertical.png
330 silly gunzTarPerm extractEntry web/client/Images/successGreenDot.png
331 silly gunzTarPerm extractEntry web/client/Images/thumbActiveHoriz.png
332 silly gunzTarPerm extractEntry web/client/Images/thumbActiveVert.png
333 silly gunzTarPerm extractEntry web/client/Images/thumbHoriz.png
334 silly gunzTarPerm extractEntry web/client/Images/thumbHoverHoriz.png
335 silly gunzTarPerm extractEntry web/client/Images/thumbHoverVert.png
336 silly gunzTarPerm extractEntry web/client/Images/thumbVert.png
337 silly gunzTarPerm extractEntry web/client/Images/timelineBarBlue.png
338 silly gunzTarPerm extractEntry web/client/Images/timelineBarGray.png
339 silly gunzTarPerm extractEntry web/client/Images/timelineBarGreen.png
340 silly gunzTarPerm extractEntry web/client/Images/timelineBarOrange.png
341 silly gunzTarPerm extractEntry web/client/Images/timelineBarPurple.png
342 silly gunzTarPerm extractEntry web/client/Images/timelineBarRed.png
343 silly gunzTarPerm extractEntry web/client/Images/timelineBarYellow.png
344 silly gunzTarPerm extractEntry web/client/Images/timelineCheckmarks.png
345 silly gunzTarPerm extractEntry web/client/Images/timelineDots.png
346 silly gunzTarPerm extractEntry web/client/Images/timelineHollowPillBlue.png
347 silly gunzTarPerm extractEntry web/client/Images/timelineHollowPillGray.png
348 silly gunzTarPerm extractEntry web/client/Images/timelineHollowPillGreen.png
349 silly gunzTarPerm extractEntry web/client/Images/timelineHollowPillOrange.png
350 silly gunzTarPerm extractEntry web/client/Images/timelineHollowPillPurple.png
351 silly gunzTarPerm extractEntry web/client/Images/timelineHollowPillRed.png
352 silly gunzTarPerm extractEntry web/client/Images/timelineHollowPillYellow.png
353 silly gunzTarPerm extractEntry web/client/Images/timelineIcon.png
354 silly gunzTarPerm extractEntry web/client/Images/timelinePillBlue.png
355 silly gunzTarPerm extractEntry web/client/Images/timelinePillGray.png
356 silly gunzTarPerm extractEntry web/client/Images/timelinePillGreen.png
357 silly gunzTarPerm extractEntry web/client/Images/timelinePillOrange.png
358 silly gunzTarPerm extractEntry web/client/Images/timelinePillPurple.png
359 silly gunzTarPerm extractEntry web/client/Images/timelinePillRed.png
360 silly gunzTarPerm extractEntry web/client/Images/timelinePillYellow.png
361 silly gunzTarPerm extractEntry web/client/Images/toolbarItemSelected.png
362 silly gunzTarPerm extractEntry web/client/Images/trackHoriz.png
363 silly gunzTarPerm extractEntry web/client/Images/trackVert.png
364 silly gunzTarPerm extractEntry web/client/Images/treeDownTriangleBlack.png
365 silly gunzTarPerm extractEntry web/client/Images/treeDownTriangleWhite.png
366 silly gunzTarPerm extractEntry web/client/Images/treeRightTriangleBlack.png
367 silly gunzTarPerm extractEntry web/client/Images/treeRightTriangleWhite.png
368 silly gunzTarPerm extractEntry web/client/Images/treeUpTriangleBlack.png
369 silly gunzTarPerm extractEntry web/client/Images/treeUpTriangleWhite.png
370 silly gunzTarPerm extractEntry web/client/Images/undockButtonGlyph.png
371 silly gunzTarPerm extractEntry web/client/Images/userInputIcon.png
372 silly gunzTarPerm extractEntry web/client/Images/userInputPreviousIcon.png
373 silly gunzTarPerm extractEntry web/client/Images/userInputResultIcon.png
374 silly gunzTarPerm extractEntry web/client/Images/warningIcon.png
375 silly gunzTarPerm extractEntry web/client/Images/warningMediumIcon.png
376 silly gunzTarPerm extractEntry web/client/Images/warningOrangeDot.png
377 silly gunzTarPerm extractEntry web/client/Images/warningsErrors.png
378 silly gunzTarPerm extractEntry web/client/UglifyJS/parse-js.js
379 silly gunzTarPerm extractEntry web/client/UglifyJS/process.js
380 silly gunzTarPerm extractEntry web/client/helpScreen.css
381 silly gunzTarPerm extractEntry web/client/heapProfiler.css
382 silly gunzTarPerm extractEntry web/client/goToLineDialog.css
383 silly gunzTarPerm extractEntry web/client/ExtensionAPISchema.json
384 silly gunzTarPerm extractEntry web/client/WebKit.qrc
385 silly gunzTarPerm extractEntry web/client/weinre/browser-support-check.js
386 silly gunzTarPerm extractEntry web/client/weinre/hacks.js
387 silly gunzTarPerm extractEntry web/client/weinre/client.css
388 silly gunzTarPerm extractEntry web/client/weinre/Images/remoteIcon.png
389 silly gunzTarPerm extractEntry web/client/audits.css
390 silly gunzTarPerm extractEntry web/client/networkPanel.css
391 silly gunzTarPerm extractEntry web/demo/weinre-demo-strict.js
392 silly gunzTarPerm extractEntry web/demo/weinre-demo.js
393 silly gunzTarPerm extractEntry web/demo/split.html
394 silly gunzTarPerm extractEntry web/demo/weinre-demo-min.html
395 silly gunzTarPerm extractEntry web/demo/weinre-demo-strict.html
396 silly gunzTarPerm extractEntry web/demo/weinre-demo.css
397 silly gunzTarPerm extractEntry web/demo/weinre-demo.html
398 silly gunzTarPerm extractEntry web/doc/Installing.html
399 silly gunzTarPerm extractEntry web/doc/build-info.txt
400 silly gunzTarPerm extractEntry web/doc/ChangeLog.html
401 silly gunzTarPerm extractEntry web/doc/css/main.css
402 silly gunzTarPerm extractEntry web/doc/Home.html
403 silly gunzTarPerm extractEntry web/doc/images/panel-elements.png
404 silly gunzTarPerm extractEntry web/doc/images/circled-a.png
405 silly gunzTarPerm extractEntry web/doc/images/circled-c.png
406 silly gunzTarPerm extractEntry web/doc/images/circled-d.png
407 silly gunzTarPerm extractEntry web/doc/images/circled-e.png
408 silly gunzTarPerm extractEntry web/doc/images/circled-f.png
409 silly gunzTarPerm extractEntry web/doc/images/circled-g.png
410 silly gunzTarPerm extractEntry web/doc/images/circled-h.png
411 silly gunzTarPerm extractEntry web/doc/images/circled-i.png
412 silly gunzTarPerm extractEntry web/doc/images/circled-j.png
413 silly gunzTarPerm extractEntry web/doc/images/panel-console.png
414 silly gunzTarPerm extractEntry web/doc/images/circled-b.png
415 silly gunzTarPerm extractEntry web/doc/images/panel-network.png
416 silly gunzTarPerm extractEntry web/doc/images/panel-remote-console.png
417 silly gunzTarPerm extractEntry web/doc/images/panel-remote.png
418 silly gunzTarPerm extractEntry web/doc/images/panel-resources.png
419 silly gunzTarPerm extractEntry web/doc/images/panel-timeline.png
420 silly gunzTarPerm extractEntry web/doc/images/server-home.png
421 silly gunzTarPerm extractEntry web/doc/images/weinre-demo.jpg
422 silly gunzTarPerm extractEntry web/doc/images/weinre-icon-128x128.png
423 silly gunzTarPerm extractEntry web/doc/images/weinre-icon-512x512.png
424 silly gunzTarPerm extractEntry web/doc/images/weinre-icon-64x64.png
425 silly gunzTarPerm extractEntry web/doc/index.html
426 silly gunzTarPerm extractEntry web/doc/Building.html
427 silly gunzTarPerm extractEntry web/doc/License.html
428 silly gunzTarPerm extractEntry web/doc/MultiUser.html
429 silly gunzTarPerm extractEntry web/doc/Running.html
430 silly gunzTarPerm extractEntry web/doc/scripts/main.js
431 silly gunzTarPerm extractEntry web/doc/Security.html
432 silly gunzTarPerm extractEntry web/doc/UserInterface.html
433 silly gunzTarPerm extractEntry web/target/target-script-min.js
434 silly gunzTarPerm extractEntry web/target/target-script.js
435 silly gunzTarPerm extractEntry web/tests/element-highlighter.html
436 silly gunzTarPerm extractEntry web/tests/index.html
437 silly gunzTarPerm extractEntry web/images/weinre-icon-128x128.png
438 silly gunzTarPerm extractEntry web/images/weinre-icon-32x32.png
439 silly gunzTarPerm extractEntry web/images/weinre-icon-64x64.png
440 silly gunzTarPerm extractEntry web/weinre/client/Client.amd.js
441 silly gunzTarPerm extractEntry web/weinre/client/ConnectorList.amd.js
442 silly gunzTarPerm extractEntry web/weinre/client/DOMTemplates.amd.js
443 silly gunzTarPerm extractEntry web/weinre/client/ExtensionRegistryImpl.amd.js
444 silly gunzTarPerm extractEntry web/weinre/client/InspectorBackendImpl.amd.js
445 silly gunzTarPerm extractEntry web/weinre/client/InspectorFrontendHostImpl.amd.js
446 silly gunzTarPerm extractEntry web/weinre/client/RemotePanel.amd.js
447 silly gunzTarPerm extractEntry web/weinre/client/WeinreClientEventsImpl.amd.js
448 silly gunzTarPerm extractEntry web/weinre/client/WeinreExtraTargetEventsImpl.amd.js
449 silly gunzTarPerm extractEntry web/weinre/common/Binding.amd.js
450 silly gunzTarPerm extractEntry web/weinre/common/EventListeners.amd.js
451 silly gunzTarPerm extractEntry web/weinre/common/Ex.amd.js
452 silly gunzTarPerm extractEntry web/weinre/common/HookLib.amd.js
453 silly gunzTarPerm extractEntry web/weinre/common/Debug.amd.js
454 silly gunzTarPerm extractEntry web/weinre/common/IDLTools.amd.js
455 silly gunzTarPerm extractEntry web/weinre/common/MessageDispatcher.amd.js
456 silly gunzTarPerm extractEntry web/weinre/common/MethodNamer.amd.js
457 silly gunzTarPerm extractEntry web/weinre/common/StackTrace.amd.js
458 silly gunzTarPerm extractEntry web/weinre/common/WebSocketXhr.amd.js
459 silly gunzTarPerm extractEntry web/weinre/common/Callback.amd.js
460 silly gunzTarPerm extractEntry web/weinre/common/Weinre.amd.js
461 silly gunzTarPerm extractEntry web/weinre/common/IDGenerator.amd.js
462 silly gunzTarPerm extractEntry web/weinre/target/BrowserHacks.amd.js
463 silly gunzTarPerm extractEntry web/weinre/target/InjectedScriptHostImpl.amd.js
464 silly gunzTarPerm extractEntry web/weinre/target/NetworkRequest.amd.js
465 silly gunzTarPerm extractEntry web/weinre/target/NodeStore.amd.js
466 silly gunzTarPerm extractEntry web/weinre/target/InjectedScript.js
467 silly gunzTarPerm extractEntry web/weinre/target/Target.amd.js
468 silly gunzTarPerm extractEntry web/weinre/target/Timeline.amd.js
469 silly gunzTarPerm extractEntry web/weinre/target/WeinreExtraClientCommandsImpl.amd.js
470 silly gunzTarPerm extractEntry web/weinre/target/WeinreTargetEventsImpl.amd.js
471 silly gunzTarPerm extractEntry web/weinre/target/WiConsoleImpl.amd.js
472 silly gunzTarPerm extractEntry web/weinre/target/HookSites.amd.js
473 silly gunzTarPerm extractEntry web/weinre/target/WiCSSImpl.amd.js
474 silly gunzTarPerm extractEntry web/weinre/target/ElementHighlighterDivs2.amd.js
475 silly gunzTarPerm extractEntry web/weinre/target/WiDatabaseImpl.amd.js
476 silly gunzTarPerm extractEntry web/weinre/target/ElementHighlighter.amd.js
477 silly gunzTarPerm extractEntry web/weinre/target/WiDOMImpl.amd.js
478 silly gunzTarPerm extractEntry web/weinre/target/CSSStore.amd.js
479 silly gunzTarPerm extractEntry web/weinre/target/WiDOMStorageImpl.amd.js
480 silly gunzTarPerm extractEntry web/weinre/target/Console.amd.js
481 silly gunzTarPerm extractEntry web/weinre/target/WiInspectorImpl.amd.js
482 silly gunzTarPerm extractEntry web/weinre/target/CheckForProblems.amd.js
483 silly gunzTarPerm extractEntry web/weinre/target/WiRuntimeImpl.amd.js
484 silly gunzTarPerm extractEntry web/weinre/target/SqlStepper.amd.js
485 silly gunzTarPerm extractEntry weinre
486 silly gunzTarPerm extractEntry weinre-hot
487 silly lockFile 2bb53c29-sr-local-lib-node-modules-weinre tar:///usr/local/lib/node_modules/weinre
488 silly lockFile 2bb53c29-sr-local-lib-node-modules-weinre tar:///usr/local/lib/node_modules/weinre
489 silly lockFile b735b8ce-e-2-0-0-pre-HH0SN197-package-tgz tar:///Users/zplovett/.npm/weinre/2.0.0-pre-HH0SN197/package.tgz
490 silly lockFile b735b8ce-e-2-0-0-pre-HH0SN197-package-tgz tar:///Users/zplovett/.npm/weinre/2.0.0-pre-HH0SN197/package.tgz
491 info preinstall weinre@2.0.0-pre-HH0SN197
492 verbose readDependencies using package.json deps
493 verbose readDependencies using package.json deps
494 verbose cache add [ 'coffee-script@1.3.x', null ]
495 verbose cache add name=undefined spec="coffee-script@1.3.x" args=["coffee-script@1.3.x",null]
496 verbose parsed url { protocol: null,
496 verbose parsed url   slashes: null,
496 verbose parsed url   auth: null,
496 verbose parsed url   host: null,
496 verbose parsed url   port: null,
496 verbose parsed url   hostname: null,
496 verbose parsed url   hash: null,
496 verbose parsed url   search: null,
496 verbose parsed url   query: null,
496 verbose parsed url   pathname: 'coffee-script@1.3.x',
496 verbose parsed url   path: 'coffee-script@1.3.x',
496 verbose parsed url   href: 'coffee-script@1.3.x' }
497 verbose cache add [ 'express@2.5.x', null ]
498 verbose cache add name=undefined spec="express@2.5.x" args=["express@2.5.x",null]
499 verbose parsed url { protocol: null,
499 verbose parsed url   slashes: null,
499 verbose parsed url   auth: null,
499 verbose parsed url   host: null,
499 verbose parsed url   port: null,
499 verbose parsed url   hostname: null,
499 verbose parsed url   hash: null,
499 verbose parsed url   search: null,
499 verbose parsed url   query: null,
499 verbose parsed url   pathname: 'express@2.5.x',
499 verbose parsed url   path: 'express@2.5.x',
499 verbose parsed url   href: 'express@2.5.x' }
500 verbose cache add name="coffee-script" spec="1.3.x" args=["coffee-script","1.3.x"]
501 verbose parsed url { protocol: null,
501 verbose parsed url   slashes: null,
501 verbose parsed url   auth: null,
501 verbose parsed url   host: null,
501 verbose parsed url   port: null,
501 verbose parsed url   hostname: null,
501 verbose parsed url   hash: null,
501 verbose parsed url   search: null,
501 verbose parsed url   query: null,
501 verbose parsed url   pathname: '1.3.x',
501 verbose parsed url   path: '1.3.x',
501 verbose parsed url   href: '1.3.x' }
502 verbose addNamed [ 'coffee-script', '1.3.x' ]
503 verbose addNamed [ null, '>=1.3.0-0 <1.4.0-0' ]
504 silly lockFile e03bbc53-coffee-script-1-3-x coffee-script@1.3.x
505 verbose lock coffee-script@1.3.x /Users/zplovett/.npm/e03bbc53-coffee-script-1-3-x.lock
506 verbose cache add name="express" spec="2.5.x" args=["express","2.5.x"]
507 verbose parsed url { protocol: null,
507 verbose parsed url   slashes: null,
507 verbose parsed url   auth: null,
507 verbose parsed url   host: null,
507 verbose parsed url   port: null,
507 verbose parsed url   hostname: null,
507 verbose parsed url   hash: null,
507 verbose parsed url   search: null,
507 verbose parsed url   query: null,
507 verbose parsed url   pathname: '2.5.x',
507 verbose parsed url   path: '2.5.x',
507 verbose parsed url   href: '2.5.x' }
508 verbose addNamed [ 'express', '2.5.x' ]
509 verbose addNamed [ null, '>=2.5.0-0 <2.6.0-0' ]
510 silly lockFile 38bf5a2e-express-2-5-x express@2.5.x
511 verbose lock express@2.5.x /Users/zplovett/.npm/38bf5a2e-express-2-5-x.lock
512 verbose cache add [ 'underscore@1.3.x', null ]
513 verbose cache add name=undefined spec="underscore@1.3.x" args=["underscore@1.3.x",null]
514 verbose parsed url { protocol: null,
514 verbose parsed url   slashes: null,
514 verbose parsed url   auth: null,
514 verbose parsed url   host: null,
514 verbose parsed url   port: null,
514 verbose parsed url   hostname: null,
514 verbose parsed url   hash: null,
514 verbose parsed url   search: null,
514 verbose parsed url   query: null,
514 verbose parsed url   pathname: 'underscore@1.3.x',
514 verbose parsed url   path: 'underscore@1.3.x',
514 verbose parsed url   href: 'underscore@1.3.x' }
515 verbose cache add [ 'nopt@1.0.x', null ]
516 verbose cache add name=undefined spec="nopt@1.0.x" args=["nopt@1.0.x",null]
517 verbose parsed url { protocol: null,
517 verbose parsed url   slashes: null,
517 verbose parsed url   auth: null,
517 verbose parsed url   host: null,
517 verbose parsed url   port: null,
517 verbose parsed url   hostname: null,
517 verbose parsed url   hash: null,
517 verbose parsed url   search: null,
517 verbose parsed url   query: null,
517 verbose parsed url   pathname: 'nopt@1.0.x',
517 verbose parsed url   path: 'nopt@1.0.x',
517 verbose parsed url   href: 'nopt@1.0.x' }
518 verbose cache add name="underscore" spec="1.3.x" args=["underscore","1.3.x"]
519 verbose parsed url { protocol: null,
519 verbose parsed url   slashes: null,
519 verbose parsed url   auth: null,
519 verbose parsed url   host: null,
519 verbose parsed url   port: null,
519 verbose parsed url   hostname: null,
519 verbose parsed url   hash: null,
519 verbose parsed url   search: null,
519 verbose parsed url   query: null,
519 verbose parsed url   pathname: '1.3.x',
519 verbose parsed url   path: '1.3.x',
519 verbose parsed url   href: '1.3.x' }
520 verbose addNamed [ 'underscore', '1.3.x' ]
521 verbose addNamed [ null, '>=1.3.0-0 <1.4.0-0' ]
522 silly lockFile bbd761e7-underscore-1-3-x underscore@1.3.x
523 verbose lock underscore@1.3.x /Users/zplovett/.npm/bbd761e7-underscore-1-3-x.lock
524 verbose cache add name="nopt" spec="1.0.x" args=["nopt","1.0.x"]
525 verbose parsed url { protocol: null,
525 verbose parsed url   slashes: null,
525 verbose parsed url   auth: null,
525 verbose parsed url   host: null,
525 verbose parsed url   port: null,
525 verbose parsed url   hostname: null,
525 verbose parsed url   hash: null,
525 verbose parsed url   search: null,
525 verbose parsed url   query: null,
525 verbose parsed url   pathname: '1.0.x',
525 verbose parsed url   path: '1.0.x',
525 verbose parsed url   href: '1.0.x' }
526 verbose addNamed [ 'nopt', '1.0.x' ]
527 verbose addNamed [ null, '>=1.0.0-0 <1.1.0-0' ]
528 silly lockFile b1ad2516-nopt-1-0-x nopt@1.0.x
529 verbose lock nopt@1.0.x /Users/zplovett/.npm/b1ad2516-nopt-1-0-x.lock
530 silly addNameRange { name: 'coffee-script',
530 silly addNameRange   range: '>=1.3.0-0 <1.4.0-0',
530 silly addNameRange   hasData: false }
531 silly addNameRange { name: 'express', range: '>=2.5.0-0 <2.6.0-0', hasData: false }
532 silly addNameRange { name: 'underscore',
532 silly addNameRange   range: '>=1.3.0-0 <1.4.0-0',
532 silly addNameRange   hasData: false }
533 silly addNameRange { name: 'nopt', range: '>=1.0.0-0 <1.1.0-0', hasData: false }
534 verbose url raw coffee-script
535 verbose url resolving [ 'https://registry.npmjs.org/', './coffee-script' ]
536 verbose url resolved https://registry.npmjs.org/coffee-script
537 info trying registry request attempt 1 at 05:22:08
538 http GET https://registry.npmjs.org/coffee-script
539 verbose url raw express
540 verbose url resolving [ 'https://registry.npmjs.org/', './express' ]
541 verbose url resolved https://registry.npmjs.org/express
542 info trying registry request attempt 1 at 05:22:08
543 http GET https://registry.npmjs.org/express
544 verbose url raw underscore
545 verbose url resolving [ 'https://registry.npmjs.org/', './underscore' ]
546 verbose url resolved https://registry.npmjs.org/underscore
547 info trying registry request attempt 1 at 05:22:08
548 verbose etag "5BYY1CYUWW0CE1XXHQLQQCS4K"
549 http GET https://registry.npmjs.org/underscore
550 verbose url raw nopt
551 verbose url resolving [ 'https://registry.npmjs.org/', './nopt' ]
552 verbose url resolved https://registry.npmjs.org/nopt
553 info trying registry request attempt 1 at 05:22:08
554 verbose etag "5QLU65DX50UPKFOQALW73JMEO"
555 http GET https://registry.npmjs.org/nopt
556 http 200 https://registry.npmjs.org/underscore
557 silly registry.get cb [ 200,
557 silly registry.get   { date: 'Sat, 07 Jun 2014 21:22:08 GMT',
557 silly registry.get     server: 'CouchDB/1.5.0 (Erlang OTP/R14B04)',
557 silly registry.get     etag: '"9HKWIKMYJIHROWRAYWSRE4KR0"',
557 silly registry.get     'content-type': 'application/json',
557 silly registry.get     via: '1.1 varnish',
557 silly registry.get     'cache-control': 'max-age=1',
557 silly registry.get     'content-length': '30518',
557 silly registry.get     'accept-ranges': 'bytes',
557 silly registry.get     age: '188',
557 silly registry.get     'x-served-by': 'cache-sv62-SJC3, cache-ty67-TYO',
557 silly registry.get     'x-cache': 'HIT, HIT',
557 silly registry.get     'x-cache-hits': '1, 1',
557 silly registry.get     'x-timer': 'S1402176128.343385,VS0,VE130',
557 silly registry.get     vary: 'Accept',
557 silly registry.get     'keep-alive': 'timeout=10, max=50',
557 silly registry.get     connection: 'Keep-Alive' } ]
558 silly addNameRange number 2 { name: 'underscore',
558 silly addNameRange   range: '>=1.3.0-0 <1.4.0-0',
558 silly addNameRange   hasData: true }
559 silly addNameRange versions [ 'underscore',
559 silly addNameRange   [ '1.0.3',
559 silly addNameRange     '1.0.4',
559 silly addNameRange     '1.1.0',
559 silly addNameRange     '1.1.1',
559 silly addNameRange     '1.1.2',
559 silly addNameRange     '1.1.3',
559 silly addNameRange     '1.1.4',
559 silly addNameRange     '1.1.5',
559 silly addNameRange     '1.1.6',
559 silly addNameRange     '1.1.7',
559 silly addNameRange     '1.2.0',
559 silly addNameRange     '1.2.1',
559 silly addNameRange     '1.2.2',
559 silly addNameRange     '1.2.3',
559 silly addNameRange     '1.2.4',
559 silly addNameRange     '1.3.0',
559 silly addNameRange     '1.3.1',
559 silly addNameRange     '1.3.2',
559 silly addNameRange     '1.3.3',
559 silly addNameRange     '1.4.0',
559 silly addNameRange     '1.4.1',
559 silly addNameRange     '1.4.2',
559 silly addNameRange     '1.4.3',
559 silly addNameRange     '1.4.4',
559 silly addNameRange     '1.5.0',
559 silly addNameRange     '1.5.1',
559 silly addNameRange     '1.5.2',
559 silly addNameRange     '1.6.0' ] ]
560 verbose addNamed [ 'underscore', '1.3.3' ]
561 verbose addNamed [ '1.3.3', '1.3.3' ]
562 silly lockFile 99e765c4-underscore-1-3-3 underscore@1.3.3
563 verbose lock underscore@1.3.3 /Users/zplovett/.npm/99e765c4-underscore-1-3-3.lock
564 silly lockFile a382d150--underscore-underscore-1-3-3-tgz https://registry.npmjs.org/underscore/-/underscore-1.3.3.tgz
565 verbose lock https://registry.npmjs.org/underscore/-/underscore-1.3.3.tgz /Users/zplovett/.npm/a382d150--underscore-underscore-1-3-3-tgz.lock
566 verbose addRemoteTarball [ 'https://registry.npmjs.org/underscore/-/underscore-1.3.3.tgz',
566 verbose addRemoteTarball   '47ac53683daf832bfa952e1774417da47817ae42' ]
567 info retry fetch attempt 1 at 05:22:08
568 verbose fetch to= /var/folders/hr/0b3xnrgj0y15pbpmq3wwy5bc0000gn/T/npm-52615-WqGJOBan/registry.npmjs.org/underscore/-/underscore-1.3.3.tgz
569 http GET https://registry.npmjs.org/underscore/-/underscore-1.3.3.tgz
570 http 200 https://registry.npmjs.org/nopt
571 silly registry.get cb [ 200,
571 silly registry.get   { date: 'Sat, 07 Jun 2014 21:22:08 GMT',
571 silly registry.get     server: 'CouchDB/1.5.0 (Erlang OTP/R16B03)',
571 silly registry.get     etag: '"CTVPZXO5D2ID36311EO03ZSHP"',
571 silly registry.get     'content-type': 'application/json',
571 silly registry.get     via: '1.1 varnish',
571 silly registry.get     'cache-control': 'max-age=1',
571 silly registry.get     'content-length': '25108',
571 silly registry.get     'accept-ranges': 'bytes',
571 silly registry.get     age: '47',
571 silly registry.get     'x-served-by': 'cache-sv62-SJC3, cache-ty66-TYO',
571 silly registry.get     'x-cache': 'HIT, HIT',
571 silly registry.get     'x-cache-hits': '2, 1',
571 silly registry.get     'x-timer': 'S1402176128.344025,VS0,VE152',
571 silly registry.get     vary: 'Accept',
571 silly registry.get     'keep-alive': 'timeout=10, max=50',
571 silly registry.get     connection: 'Keep-Alive' } ]
572 silly addNameRange number 2 { name: 'nopt', range: '>=1.0.0-0 <1.1.0-0', hasData: true }
573 silly addNameRange versions [ 'nopt',
573 silly addNameRange   [ '1.0.0',
573 silly addNameRange     '1.0.1',
573 silly addNameRange     '1.0.2',
573 silly addNameRange     '1.0.3',
573 silly addNameRange     '1.0.4',
573 silly addNameRange     '1.0.5',
573 silly addNameRange     '1.0.6',
573 silly addNameRange     '1.0.7',
573 silly addNameRange     '1.0.8',
573 silly addNameRange     '1.0.9',
573 silly addNameRange     '1.0.10',
573 silly addNameRange     '2.0.0',
573 silly addNameRange     '2.1.0',
573 silly addNameRange     '2.1.1',
573 silly addNameRange     '2.1.2',
573 silly addNameRange     '2.2.0',
573 silly addNameRange     '2.2.1',
573 silly addNameRange     '3.0.0' ] ]
574 verbose addNamed [ 'nopt', '1.0.10' ]
575 verbose addNamed [ '1.0.10', '1.0.10' ]
576 silly lockFile 1be903a1-nopt-1-0-10 nopt@1.0.10
577 verbose lock nopt@1.0.10 /Users/zplovett/.npm/1be903a1-nopt-1-0-10.lock
578 silly lockFile 1be903a1-nopt-1-0-10 nopt@1.0.10
579 silly lockFile 1be903a1-nopt-1-0-10 nopt@1.0.10
580 silly lockFile b1ad2516-nopt-1-0-x nopt@1.0.x
581 silly lockFile b1ad2516-nopt-1-0-x nopt@1.0.x
582 verbose about to build /usr/local/lib/node_modules/weinre
583 info /usr/local/lib/node_modules/weinre unbuild
584 info preuninstall weinre@2.0.0-pre-HH0SN197
585 info uninstall weinre@2.0.0-pre-HH0SN197
586 verbose true,/usr/local/lib/node_modules,/usr/local/lib/node_modules unbuild weinre@2.0.0-pre-HH0SN197
587 verbose /usr/local/bin,[object Object] binRoot
588 info postuninstall weinre@2.0.0-pre-HH0SN197
589 error Error: EACCES, open '/Users/zplovett/.npm/nopt/1.0.10/package/package.json'
589 error  { [Error: EACCES, open '/Users/zplovett/.npm/nopt/1.0.10/package/package.json']
589 error   errno: 3,
589 error   code: 'EACCES',
589 error   path: '/Users/zplovett/.npm/nopt/1.0.10/package/package.json',
589 error   parent: 'weinre' }
590 error Please try running this command again as root/Administrator.
591 error System Darwin 14.0.0
592 error command "node" "/usr/local/bin/npm" "-g" "install" "weinre"
593 error cwd /Users/zplovett/Bingles
594 error node -v v0.10.28
595 error npm -v 1.4.13
596 error path /Users/zplovett/.npm/nopt/1.0.10/package/package.json
597 error code EACCES
598 error errno 3
599 error stack Error: EACCES, open '/Users/zplovett/.npm/nopt/1.0.10/package/package.json'
600 verbose exit [ 3, true ]
