08-Jun-2014 07:50:38.074 WARNING [http-nio-8080-exec-9] org.apache.catalina.realm.LockOutRealm.authenticate An attempt was made to authenticate the locked user "tomcat"
08-Jun-2014 07:50:38.074 WARNING [http-nio-8080-exec-10] org.apache.catalina.realm.LockOutRealm.authenticate An attempt was made to authenticate the locked user "tomcat"
08-Jun-2014 07:50:38.239 WARNING [http-nio-8080-exec-3] org.apache.catalina.realm.LockOutRealm.authenticate An attempt was made to authenticate the locked user "tomcat"
08-Jun-2014 07:50:38.279 WARNING [http-nio-8080-exec-4] org.apache.catalina.realm.LockOutRealm.authenticate An attempt was made to authenticate the locked user "tomcat"
08-Jun-2014 07:50:38.279 WARNING [http-nio-8080-exec-2] org.apache.catalina.realm.LockOutRealm.authenticate An attempt was made to authenticate the locked user "tomcat"
08-Jun-2014 07:50:38.315 WARNING [http-nio-8080-exec-1] org.apache.catalina.realm.LockOutRealm.authenticate An attempt was made to authenticate the locked user "tomcat"
08-Jun-2014 07:50:38.467 WARNING [http-nio-8080-exec-7] org.apache.catalina.realm.LockOutRealm.authenticate An attempt was made to authenticate the locked user "tomcat"
08-Jun-2014 07:50:38.527 WARNING [http-nio-8080-exec-6] org.apache.catalina.realm.LockOutRealm.authenticate An attempt was made to authenticate the locked user "tomcat"
08-Jun-2014 07:50:38.567 WARNING [http-nio-8080-exec-3] org.apache.catalina.realm.LockOutRealm.authenticate An attempt was made to authenticate the locked user "tomcat"
08-Jun-2014 07:50:38.606 WARNING [http-nio-8080-exec-5] org.apache.catalina.realm.LockOutRealm.authenticate An attempt was made to authenticate the locked user "tomcat"
08-Jun-2014 07:50:38.608 WARNING [http-nio-8080-exec-1] org.apache.catalina.realm.LockOutRealm.authenticate An attempt was made to authenticate the locked user "tomcat"
08-Jun-2014 07:50:38.608 WARNING [http-nio-8080-exec-9] org.apache.catalina.realm.LockOutRealm.authenticate An attempt was made to authenticate the locked user "tomcat"
08-Jun-2014 07:50:38.886 WARNING [http-nio-8080-exec-4] org.apache.catalina.realm.LockOutRealm.authenticate An attempt was made to authenticate the locked user "manager"
08-Jun-2014 07:50:38.895 WARNING [http-nio-8080-exec-2] org.apache.catalina.realm.LockOutRealm.authenticate An attempt was made to authenticate the locked user "manager"
08-Jun-2014 07:50:38.911 WARNING [http-nio-8080-exec-1] org.apache.catalina.realm.LockOutRealm.authenticate An attempt was made to authenticate the locked user "manager"
08-Jun-2014 07:50:38.947 WARNING [http-nio-8080-exec-9] org.apache.catalina.realm.LockOutRealm.authenticate An attempt was made to authenticate the locked user "manager"
08-Jun-2014 07:50:38.989 WARNING [http-nio-8080-exec-10] org.apache.catalina.realm.LockOutRealm.authenticate An attempt was made to authenticate the locked user "manager"
08-Jun-2014 07:50:38.991 WARNING [http-nio-8080-exec-8] org.apache.catalina.realm.LockOutRealm.authenticate An attempt was made to authenticate the locked user "manager"
08-Jun-2014 07:50:39.020 WARNING [http-nio-8080-exec-4] org.apache.catalina.realm.LockOutRealm.authenticate An attempt was made to authenticate the locked user "manager"
08-Jun-2014 07:50:39.021 WARNING [http-nio-8080-exec-2] org.apache.catalina.realm.LockOutRealm.authenticate An attempt was made to authenticate the locked user "manager"
08-Jun-2014 07:50:39.164 WARNING [http-nio-8080-exec-7] org.apache.catalina.realm.LockOutRealm.authenticate An attempt was made to authenticate the locked user "manager"
08-Jun-2014 07:50:39.178 WARNING [http-nio-8080-exec-6] org.apache.catalina.realm.LockOutRealm.authenticate An attempt was made to authenticate the locked user "manager"
08-Jun-2014 07:50:39.186 WARNING [http-nio-8080-exec-3] org.apache.catalina.realm.LockOutRealm.authenticate An attempt was made to authenticate the locked user "manager"
08-Jun-2014 07:50:39.351 WARNING [http-nio-8080-exec-1] org.apache.catalina.realm.LockOutRealm.authenticate An attempt was made to authenticate the locked user "manager"
08-Jun-2014 07:50:39.351 WARNING [http-nio-8080-exec-9] org.apache.catalina.realm.LockOutRealm.authenticate An attempt was made to authenticate the locked user "manager"
08-Jun-2014 07:50:39.360 WARNING [http-nio-8080-exec-10] org.apache.catalina.realm.LockOutRealm.authenticate An attempt was made to authenticate the locked user "manager"
08-Jun-2014 07:50:39.495 WARNING [http-nio-8080-exec-4] org.apache.catalina.realm.LockOutRealm.authenticate An attempt was made to authenticate the locked user "admin"
08-Jun-2014 07:50:39.560 WARNING [http-nio-8080-exec-9] org.apache.catalina.realm.LockOutRealm.authenticate An attempt was made to authenticate the locked user "admin"
08-Jun-2014 07:50:39.671 WARNING [http-nio-8080-exec-8] org.apache.catalina.realm.LockOutRealm.authenticate An attempt was made to authenticate the locked user "admin"
08-Jun-2014 07:50:39.747 WARNING [http-nio-8080-exec-6] org.apache.catalina.realm.LockOutRealm.authenticate An attempt was made to authenticate the locked user "admin"
08-Jun-2014 07:50:39.784 WARNING [http-nio-8080-exec-4] org.apache.catalina.realm.LockOutRealm.authenticate An attempt was made to authenticate the locked user "admin"
08-Jun-2014 07:50:39.789 WARNING [http-nio-8080-exec-5] org.apache.catalina.realm.LockOutRealm.authenticate An attempt was made to authenticate the locked user "admin"
08-Jun-2014 07:50:39.816 WARNING [http-nio-8080-exec-1] org.apache.catalina.realm.LockOutRealm.authenticate An attempt was made to authenticate the locked user "admin"
08-Jun-2014 07:50:39.816 WARNING [http-nio-8080-exec-2] org.apache.catalina.realm.LockOutRealm.authenticate An attempt was made to authenticate the locked user "admin"
08-Jun-2014 07:50:40.002 WARNING [http-nio-8080-exec-3] org.apache.catalina.realm.LockOutRealm.authenticate An attempt was made to authenticate the locked user "admin"
08-Jun-2014 07:50:40.002 WARNING [http-nio-8080-exec-4] org.apache.catalina.realm.LockOutRealm.authenticate An attempt was made to authenticate the locked user "admin"
08-Jun-2014 07:50:40.002 WARNING [http-nio-8080-exec-5] org.apache.catalina.realm.LockOutRealm.authenticate An attempt was made to authenticate the locked user "admin"
08-Jun-2014 07:50:40.019 WARNING [http-nio-8080-exec-1] org.apache.catalina.realm.LockOutRealm.authenticate An attempt was made to authenticate the locked user "admin"
08-Jun-2014 07:50:40.210 WARNING [http-nio-8080-exec-6] org.apache.catalina.realm.LockOutRealm.authenticate An attempt was made to authenticate the locked user "admin"
08-Jun-2014 07:50:40.210 WARNING [http-nio-8080-exec-3] org.apache.catalina.realm.LockOutRealm.authenticate An attempt was made to authenticate the locked user "root"
08-Jun-2014 07:50:40.406 WARNING [http-nio-8080-exec-2] org.apache.catalina.realm.LockOutRealm.authenticate An attempt was made to authenticate the locked user "root"
08-Jun-2014 07:50:40.407 WARNING [http-nio-8080-exec-10] org.apache.catalina.realm.LockOutRealm.authenticate An attempt was made to authenticate the locked user "root"
08-Jun-2014 07:50:40.563 WARNING [http-nio-8080-exec-7] org.apache.catalina.realm.LockOutRealm.authenticate An attempt was made to authenticate the locked user "root"
08-Jun-2014 07:50:40.576 WARNING [http-nio-8080-exec-3] org.apache.catalina.realm.LockOutRealm.authenticate An attempt was made to authenticate the locked user "root"
08-Jun-2014 07:50:40.592 WARNING [http-nio-8080-exec-6] org.apache.catalina.realm.LockOutRealm.authenticate An attempt was made to authenticate the locked user "root"
08-Jun-2014 07:50:40.595 WARNING [http-nio-8080-exec-4] org.apache.catalina.realm.LockOutRealm.authenticate An attempt was made to authenticate the locked user "root"
08-Jun-2014 07:50:40.641 WARNING [http-nio-8080-exec-5] org.apache.catalina.realm.LockOutRealm.authenticate An attempt was made to authenticate the locked user "root"
08-Jun-2014 07:50:40.731 WARNING [http-nio-8080-exec-7] org.apache.catalina.realm.LockOutRealm.authenticate An attempt was made to authenticate the locked user "root"
08-Jun-2014 07:50:40.767 WARNING [http-nio-8080-exec-3] org.apache.catalina.realm.LockOutRealm.authenticate An attempt was made to authenticate the locked user "root"
08-Jun-2014 07:50:40.781 WARNING [http-nio-8080-exec-6] org.apache.catalina.realm.LockOutRealm.authenticate An attempt was made to authenticate the locked user "root"
08-Jun-2014 07:50:40.784 WARNING [http-nio-8080-exec-4] org.apache.catalina.realm.LockOutRealm.authenticate An attempt was made to authenticate the locked user "root"
08-Jun-2014 07:50:40.947 WARNING [http-nio-8080-exec-9] org.apache.catalina.realm.LockOutRealm.authenticate An attempt was made to authenticate the locked user "root"
08-Jun-2014 07:50:41.087 WARNING [http-nio-8080-exec-7] org.apache.catalina.realm.LockOutRealm.authenticate An attempt was made to authenticate the locked user "root"
08-Jun-2014 16:19:36.124 WARNING [http-nio-8080-exec-9] org.apache.catalina.realm.LockOutRealm.authenticate An attempt was made to authenticate the locked user "admin"
08-Jun-2014 16:19:36.149 WARNING [http-nio-8080-exec-7] org.apache.catalina.realm.LockOutRealm.authenticate An attempt was made to authenticate the locked user "admin"
08-Jun-2014 16:19:36.185 WARNING [http-nio-8080-exec-6] org.apache.catalina.realm.LockOutRealm.authenticate An attempt was made to authenticate the locked user "admin"
08-Jun-2014 16:19:36.228 WARNING [http-nio-8080-exec-4] org.apache.catalina.realm.LockOutRealm.authenticate An attempt was made to authenticate the locked user "admin"
08-Jun-2014 16:19:36.280 WARNING [http-nio-8080-exec-1] org.apache.catalina.realm.LockOutRealm.authenticate An attempt was made to authenticate the locked user "admin"
08-Jun-2014 16:19:36.322 WARNING [http-nio-8080-exec-8] org.apache.catalina.realm.LockOutRealm.authenticate An attempt was made to authenticate the locked user "admin"
08-Jun-2014 16:19:36.342 WARNING [http-nio-8080-exec-9] org.apache.catalina.realm.LockOutRealm.authenticate An attempt was made to authenticate the locked user "admin"
08-Jun-2014 16:19:36.370 WARNING [http-nio-8080-exec-7] org.apache.catalina.realm.LockOutRealm.authenticate An attempt was made to authenticate the locked user "admin"
08-Jun-2014 16:19:36.409 WARNING [http-nio-8080-exec-4] org.apache.catalina.realm.LockOutRealm.authenticate An attempt was made to authenticate the locked user "admin"
08-Jun-2014 16:19:36.433 WARNING [http-nio-8080-exec-2] org.apache.catalina.realm.LockOutRealm.authenticate An attempt was made to authenticate the locked user "admin"
08-Jun-2014 16:19:36.465 WARNING [http-nio-8080-exec-8] org.apache.catalina.realm.LockOutRealm.authenticate An attempt was made to authenticate the locked user "admin"
08-Jun-2014 16:19:36.523 WARNING [http-nio-8080-exec-7] org.apache.catalina.realm.LockOutRealm.authenticate An attempt was made to authenticate the locked user "admin"
08-Jun-2014 16:19:36.575 WARNING [http-nio-8080-exec-5] org.apache.catalina.realm.LockOutRealm.authenticate An attempt was made to authenticate the locked user "admin"
08-Jun-2014 16:19:36.587 WARNING [http-nio-8080-exec-4] org.apache.catalina.realm.LockOutRealm.authenticate An attempt was made to authenticate the locked user "admin"
08-Jun-2014 16:19:36.627 WARNING [http-nio-8080-exec-3] org.apache.catalina.realm.LockOutRealm.authenticate An attempt was made to authenticate the locked user "admin"
08-Jun-2014 16:19:36.638 WARNING [http-nio-8080-exec-2] org.apache.catalina.realm.LockOutRealm.authenticate An attempt was made to authenticate the locked user "admin"
08-Jun-2014 16:19:36.670 WARNING [http-nio-8080-exec-9] org.apache.catalina.realm.LockOutRealm.authenticate An attempt was made to authenticate the locked user "admin"
08-Jun-2014 16:19:36.701 WARNING [http-nio-8080-exec-10] org.apache.catalina.realm.LockOutRealm.authenticate An attempt was made to authenticate the locked user "admin"
08-Jun-2014 16:19:36.709 WARNING [http-nio-8080-exec-5] org.apache.catalina.realm.LockOutRealm.authenticate An attempt was made to authenticate the locked user "admin"
08-Jun-2014 16:19:36.733 WARNING [http-nio-8080-exec-4] org.apache.catalina.realm.LockOutRealm.authenticate An attempt was made to authenticate the locked user "admin"
08-Jun-2014 16:19:36.744 WARNING [http-nio-8080-exec-1] org.apache.catalina.realm.LockOutRealm.authenticate An attempt was made to authenticate the locked user "admin"
08-Jun-2014 16:19:36.750 WARNING [http-nio-8080-exec-2] org.apache.catalina.realm.LockOutRealm.authenticate An attempt was made to authenticate the locked user "admin"
08-Jun-2014 16:19:36.777 WARNING [http-nio-8080-exec-7] org.apache.catalina.realm.LockOutRealm.authenticate An attempt was made to authenticate the locked user "admin"
08-Jun-2014 16:19:36.815 WARNING [http-nio-8080-exec-5] org.apache.catalina.realm.LockOutRealm.authenticate An attempt was made to authenticate the locked user "admin"
08-Jun-2014 16:19:36.849 WARNING [http-nio-8080-exec-4] org.apache.catalina.realm.LockOutRealm.authenticate An attempt was made to authenticate the locked user "admin"
08-Jun-2014 16:19:36.858 WARNING [http-nio-8080-exec-3] org.apache.catalina.realm.LockOutRealm.authenticate An attempt was made to authenticate the locked user "admin"
08-Jun-2014 16:19:36.896 WARNING [http-nio-8080-exec-2] org.apache.catalina.realm.LockOutRealm.authenticate An attempt was made to authenticate the locked user "admin"
08-Jun-2014 16:19:36.970 WARNING [http-nio-8080-exec-10] org.apache.catalina.realm.LockOutRealm.authenticate An attempt was made to authenticate the locked user "admin"
08-Jun-2014 16:19:37.010 WARNING [http-nio-8080-exec-6] org.apache.catalina.realm.LockOutRealm.authenticate An attempt was made to authenticate the locked user "admin"
08-Jun-2014 16:19:37.027 WARNING [http-nio-8080-exec-5] org.apache.catalina.realm.LockOutRealm.authenticate An attempt was made to authenticate the locked user "admin"
08-Jun-2014 16:19:37.060 WARNING [http-nio-8080-exec-3] org.apache.catalina.realm.LockOutRealm.authenticate An attempt was made to authenticate the locked user "admin"
08-Jun-2014 16:19:37.088 WARNING [http-nio-8080-exec-2] org.apache.catalina.realm.LockOutRealm.authenticate An attempt was made to authenticate the locked user "admin"
08-Jun-2014 16:19:37.105 WARNING [http-nio-8080-exec-9] org.apache.catalina.realm.LockOutRealm.authenticate An attempt was made to authenticate the locked user "admin"
08-Jun-2014 16:19:37.149 WARNING [http-nio-8080-exec-10] org.apache.catalina.realm.LockOutRealm.authenticate An attempt was made to authenticate the locked user "admin"
08-Jun-2014 16:19:37.176 WARNING [http-nio-8080-exec-5] org.apache.catalina.realm.LockOutRealm.authenticate An attempt was made to authenticate the locked user "admin"
08-Jun-2014 16:19:37.197 WARNING [http-nio-8080-exec-1] org.apache.catalina.realm.LockOutRealm.authenticate An attempt was made to authenticate the locked user "admin"
08-Jun-2014 16:19:37.256 WARNING [http-nio-8080-exec-9] org.apache.catalina.realm.LockOutRealm.authenticate An attempt was made to authenticate the locked user "admin"
08-Jun-2014 16:19:37.261 WARNING [http-nio-8080-exec-10] org.apache.catalina.realm.LockOutRealm.authenticate An attempt was made to authenticate the locked user "admin"
08-Jun-2014 16:19:37.278 WARNING [http-nio-8080-exec-6] org.apache.catalina.realm.LockOutRealm.authenticate An attempt was made to authenticate the locked user "admin"
08-Jun-2014 16:19:37.330 WARNING [http-nio-8080-exec-4] org.apache.catalina.realm.LockOutRealm.authenticate An attempt was made to authenticate the locked user "admin"
08-Jun-2014 16:19:37.354 WARNING [http-nio-8080-exec-8] org.apache.catalina.realm.LockOutRealm.authenticate An attempt was made to authenticate the locked user "admin"
08-Jun-2014 16:19:37.377 WARNING [http-nio-8080-exec-9] org.apache.catalina.realm.LockOutRealm.authenticate An attempt was made to authenticate the locked user "admin"
08-Jun-2014 16:19:37.389 WARNING [http-nio-8080-exec-10] org.apache.catalina.realm.LockOutRealm.authenticate An attempt was made to authenticate the locked user "admin"
08-Jun-2014 16:19:37.402 WARNING [http-nio-8080-exec-4] org.apache.catalina.realm.LockOutRealm.authenticate An attempt was made to authenticate the locked user "admin"
08-Jun-2014 16:19:37.456 WARNING [http-nio-8080-exec-3] org.apache.catalina.realm.LockOutRealm.authenticate An attempt was made to authenticate the locked user "admin"
08-Jun-2014 16:19:37.474 WARNING [http-nio-8080-exec-9] org.apache.catalina.realm.LockOutRealm.authenticate An attempt was made to authenticate the locked user "admin"
08-Jun-2014 16:19:37.524 WARNING [http-nio-8080-exec-7] org.apache.catalina.realm.LockOutRealm.authenticate An attempt was made to authenticate the locked user "admin"
08-Jun-2014 16:19:37.558 WARNING [http-nio-8080-exec-4] org.apache.catalina.realm.LockOutRealm.authenticate An attempt was made to authenticate the locked user "admin"
08-Jun-2014 16:19:37.601 WARNING [http-nio-8080-exec-3] org.apache.catalina.realm.LockOutRealm.authenticate An attempt was made to authenticate the locked user "admin"
08-Jun-2014 16:19:37.631 WARNING [http-nio-8080-exec-2] org.apache.catalina.realm.LockOutRealm.authenticate An attempt was made to authenticate the locked user "admin"
08-Jun-2014 16:19:37.652 WARNING [http-nio-8080-exec-8] org.apache.catalina.realm.LockOutRealm.authenticate An attempt was made to authenticate the locked user "admin"
08-Jun-2014 16:19:37.683 WARNING [http-nio-8080-exec-7] org.apache.catalina.realm.LockOutRealm.authenticate An attempt was made to authenticate the locked user "admin"
08-Jun-2014 16:19:37.713 WARNING [http-nio-8080-exec-4] org.apache.catalina.realm.LockOutRealm.authenticate An attempt was made to authenticate the locked user "admin"
08-Jun-2014 16:19:37.760 WARNING [http-nio-8080-exec-3] org.apache.catalina.realm.LockOutRealm.authenticate An attempt was made to authenticate the locked user "admin"
08-Jun-2014 16:19:37.792 WARNING [http-nio-8080-exec-2] org.apache.catalina.realm.LockOutRealm.authenticate An attempt was made to authenticate the locked user "admin"
08-Jun-2014 16:19:37.809 WARNING [http-nio-8080-exec-8] org.apache.catalina.realm.LockOutRealm.authenticate An attempt was made to authenticate the locked user "admin"
08-Jun-2014 16:19:37.869 WARNING [http-nio-8080-exec-10] org.apache.catalina.realm.LockOutRealm.authenticate An attempt was made to authenticate the locked user "admin"
08-Jun-2014 16:19:37.923 WARNING [http-nio-8080-exec-4] org.apache.catalina.realm.LockOutRealm.authenticate An attempt was made to authenticate the locked user "admin"
08-Jun-2014 16:19:37.942 WARNING [http-nio-8080-exec-3] org.apache.catalina.realm.LockOutRealm.authenticate An attempt was made to authenticate the locked user "admin"
08-Jun-2014 16:19:37.964 WARNING [http-nio-8080-exec-1] org.apache.catalina.realm.LockOutRealm.authenticate An attempt was made to authenticate the locked user "admin"
08-Jun-2014 16:19:37.997 WARNING [http-nio-8080-exec-2] org.apache.catalina.realm.LockOutRealm.authenticate An attempt was made to authenticate the locked user "admin"
08-Jun-2014 16:19:38.013 WARNING [http-nio-8080-exec-9] org.apache.catalina.realm.LockOutRealm.authenticate An attempt was made to authenticate the locked user "admin"
08-Jun-2014 16:19:38.034 WARNING [http-nio-8080-exec-7] org.apache.catalina.realm.LockOutRealm.authenticate An attempt was made to authenticate the locked user "admin"
08-Jun-2014 16:19:38.110 WARNING [http-nio-8080-exec-6] org.apache.catalina.realm.LockOutRealm.authenticate An attempt was made to authenticate the locked user "admin"
08-Jun-2014 16:19:38.139 WARNING [http-nio-8080-exec-5] org.apache.catalina.realm.LockOutRealm.authenticate An attempt was made to authenticate the locked user "admin"
08-Jun-2014 16:19:38.183 WARNING [http-nio-8080-exec-3] org.apache.catalina.realm.LockOutRealm.authenticate An attempt was made to authenticate the locked user "admin"
08-Jun-2014 16:19:38.222 WARNING [http-nio-8080-exec-2] org.apache.catalina.realm.LockOutRealm.authenticate An attempt was made to authenticate the locked user "admin"
08-Jun-2014 16:19:38.230 WARNING [http-nio-8080-exec-9] org.apache.catalina.realm.LockOutRealm.authenticate An attempt was made to authenticate the locked user "admin"
08-Jun-2014 16:19:38.273 WARNING [http-nio-8080-exec-10] org.apache.catalina.realm.LockOutRealm.authenticate An attempt was made to authenticate the locked user "admin"
08-Jun-2014 16:19:38.304 WARNING [http-nio-8080-exec-4] org.apache.catalina.realm.LockOutRealm.authenticate An attempt was made to authenticate the locked user "admin"
08-Jun-2014 16:19:38.338 WARNING [http-nio-8080-exec-1] org.apache.catalina.realm.LockOutRealm.authenticate An attempt was made to authenticate the locked user "admin"
08-Jun-2014 16:19:38.370 WARNING [http-nio-8080-exec-9] org.apache.catalina.realm.LockOutRealm.authenticate An attempt was made to authenticate the locked user "admin"
08-Jun-2014 16:19:38.379 WARNING [http-nio-8080-exec-7] org.apache.catalina.realm.LockOutRealm.authenticate An attempt was made to authenticate the locked user "admin"
08-Jun-2014 16:19:38.424 WARNING [http-nio-8080-exec-6] org.apache.catalina.realm.LockOutRealm.authenticate An attempt was made to authenticate the locked user "admin"
08-Jun-2014 16:19:38.495 WARNING [http-nio-8080-exec-1] org.apache.catalina.realm.LockOutRealm.authenticate An attempt was made to authenticate the locked user "admin"
08-Jun-2014 16:19:38.502 WARNING [http-nio-8080-exec-8] org.apache.catalina.realm.LockOutRealm.authenticate An attempt was made to authenticate the locked user "admin"
08-Jun-2014 16:19:38.537 WARNING [http-nio-8080-exec-2] org.apache.catalina.realm.LockOutRealm.authenticate An attempt was made to authenticate the locked user "admin"
08-Jun-2014 16:19:38.546 WARNING [http-nio-8080-exec-7] org.apache.catalina.realm.LockOutRealm.authenticate An attempt was made to authenticate the locked user "admin"
08-Jun-2014 16:19:38.559 WARNING [http-nio-8080-exec-10] org.apache.catalina.realm.LockOutRealm.authenticate An attempt was made to authenticate the locked user "admin"
08-Jun-2014 16:19:38.563 WARNING [http-nio-8080-exec-4] org.apache.catalina.realm.LockOutRealm.authenticate An attempt was made to authenticate the locked user "admin"
08-Jun-2014 16:19:38.569 WARNING [http-nio-8080-exec-3] org.apache.catalina.realm.LockOutRealm.authenticate An attempt was made to authenticate the locked user "admin"
08-Jun-2014 16:19:38.574 WARNING [http-nio-8080-exec-1] org.apache.catalina.realm.LockOutRealm.authenticate An attempt was made to authenticate the locked user "admin"
08-Jun-2014 16:19:38.656 WARNING [http-nio-8080-exec-5] org.apache.catalina.realm.LockOutRealm.authenticate An attempt was made to authenticate the locked user "admin"
08-Jun-2014 16:19:38.757 WARNING [http-nio-8080-exec-3] org.apache.catalina.realm.LockOutRealm.authenticate An attempt was made to authenticate the locked user "admin"
08-Jun-2014 16:19:38.798 WARNING [http-nio-8080-exec-1] org.apache.catalina.realm.LockOutRealm.authenticate An attempt was made to authenticate the locked user "admin"
08-Jun-2014 16:19:38.812 WARNING [http-nio-8080-exec-8] org.apache.catalina.realm.LockOutRealm.authenticate An attempt was made to authenticate the locked user "admin"
08-Jun-2014 16:19:38.855 WARNING [http-nio-8080-exec-9] org.apache.catalina.realm.LockOutRealm.authenticate An attempt was made to authenticate the locked user "admin"
08-Jun-2014 16:19:38.889 WARNING [http-nio-8080-exec-10] org.apache.catalina.realm.LockOutRealm.authenticate An attempt was made to authenticate the locked user "admin"
08-Jun-2014 16:19:38.900 WARNING [http-nio-8080-exec-4] org.apache.catalina.realm.LockOutRealm.authenticate An attempt was made to authenticate the locked user "admin"
08-Jun-2014 16:19:38.924 WARNING [http-nio-8080-exec-6] org.apache.catalina.realm.LockOutRealm.authenticate An attempt was made to authenticate the locked user "admin"
08-Jun-2014 16:19:38.939 WARNING [http-nio-8080-exec-3] org.apache.catalina.realm.LockOutRealm.authenticate An attempt was made to authenticate the locked user "admin"
08-Jun-2014 16:19:38.947 WARNING [http-nio-8080-exec-1] org.apache.catalina.realm.LockOutRealm.authenticate An attempt was made to authenticate the locked user "admin"
08-Jun-2014 16:19:38.980 WARNING [http-nio-8080-exec-9] org.apache.catalina.realm.LockOutRealm.authenticate An attempt was made to authenticate the locked user "admin"
08-Jun-2014 16:19:39.002 WARNING [http-nio-8080-exec-10] org.apache.catalina.realm.LockOutRealm.authenticate An attempt was made to authenticate the locked user "admin"
08-Jun-2014 16:19:39.014 WARNING [http-nio-8080-exec-5] org.apache.catalina.realm.LockOutRealm.authenticate An attempt was made to authenticate the locked user "admin"
08-Jun-2014 16:19:39.060 WARNING [http-nio-8080-exec-6] org.apache.catalina.realm.LockOutRealm.authenticate An attempt was made to authenticate the locked user "admin"
08-Jun-2014 16:19:39.095 WARNING [http-nio-8080-exec-3] org.apache.catalina.realm.LockOutRealm.authenticate An attempt was made to authenticate the locked user "admin"
08-Jun-2014 16:19:39.121 WARNING [http-nio-8080-exec-1] org.apache.catalina.realm.LockOutRealm.authenticate An attempt was made to authenticate the locked user "admin"
08-Jun-2014 16:19:39.137 WARNING [http-nio-8080-exec-2] org.apache.catalina.realm.LockOutRealm.authenticate An attempt was made to authenticate the locked user "admin"
08-Jun-2014 16:19:39.158 WARNING [http-nio-8080-exec-7] org.apache.catalina.realm.LockOutRealm.authenticate An attempt was made to authenticate the locked user "admin"
08-Jun-2014 16:19:39.184 WARNING [http-nio-8080-exec-10] org.apache.catalina.realm.LockOutRealm.authenticate An attempt was made to authenticate the locked user "admin"
08-Jun-2014 16:19:39.214 WARNING [http-nio-8080-exec-4] org.apache.catalina.realm.LockOutRealm.authenticate An attempt was made to authenticate the locked user "admin"
08-Jun-2014 16:19:39.252 WARNING [http-nio-8080-exec-5] org.apache.catalina.realm.LockOutRealm.authenticate An attempt was made to authenticate the locked user "admin"
08-Jun-2014 16:19:39.275 WARNING [http-nio-8080-exec-6] org.apache.catalina.realm.LockOutRealm.authenticate An attempt was made to authenticate the locked user "admin"
08-Jun-2014 16:19:39.311 WARNING [http-nio-8080-exec-3] org.apache.catalina.realm.LockOutRealm.authenticate An attempt was made to authenticate the locked user "admin"
08-Jun-2014 16:19:39.358 WARNING [http-nio-8080-exec-8] org.apache.catalina.realm.LockOutRealm.authenticate An attempt was made to authenticate the locked user "admin"
08-Jun-2014 16:19:39.385 WARNING [http-nio-8080-exec-1] org.apache.catalina.realm.LockOutRealm.authenticate An attempt was made to authenticate the locked user "admin"
08-Jun-2014 16:19:39.401 WARNING [http-nio-8080-exec-9] org.apache.catalina.realm.LockOutRealm.authenticate An attempt was made to authenticate the locked user "admin"
08-Jun-2014 16:19:39.448 WARNING [http-nio-8080-exec-7] org.apache.catalina.realm.LockOutRealm.authenticate An attempt was made to authenticate the locked user "admin"
08-Jun-2014 16:19:39.494 WARNING [http-nio-8080-exec-10] org.apache.catalina.realm.LockOutRealm.authenticate An attempt was made to authenticate the locked user "admin"
08-Jun-2014 16:19:39.541 WARNING [http-nio-8080-exec-4] org.apache.catalina.realm.LockOutRealm.authenticate An attempt was made to authenticate the locked user "admin"
08-Jun-2014 16:19:39.557 WARNING [http-nio-8080-exec-5] org.apache.catalina.realm.LockOutRealm.authenticate An attempt was made to authenticate the locked user "admin"
08-Jun-2014 16:19:39.601 WARNING [http-nio-8080-exec-6] org.apache.catalina.realm.LockOutRealm.authenticate An attempt was made to authenticate the locked user "admin"
08-Jun-2014 16:19:39.636 WARNING [http-nio-8080-exec-3] org.apache.catalina.realm.LockOutRealm.authenticate An attempt was made to authenticate the locked user "admin"
08-Jun-2014 16:19:39.651 WARNING [http-nio-8080-exec-8] org.apache.catalina.realm.LockOutRealm.authenticate An attempt was made to authenticate the locked user "admin"
08-Jun-2014 16:20:51.990 WARNING [http-nio-8080-exec-10] org.apache.catalina.realm.LockOutRealm.authenticate An attempt was made to authenticate the locked user "tomcat"
08-Jun-2014 16:20:52.037 WARNING [http-nio-8080-exec-5] org.apache.catalina.realm.LockOutRealm.authenticate An attempt was made to authenticate the locked user "tomcat"
08-Jun-2014 16:20:52.069 WARNING [http-nio-8080-exec-3] org.apache.catalina.realm.LockOutRealm.authenticate An attempt was made to authenticate the locked user "tomcat"
08-Jun-2014 16:20:52.100 WARNING [http-nio-8080-exec-1] org.apache.catalina.realm.LockOutRealm.authenticate An attempt was made to authenticate the locked user "admin"
08-Jun-2014 16:20:52.131 WARNING [http-nio-8080-exec-2] org.apache.catalina.realm.LockOutRealm.authenticate An attempt was made to authenticate the locked user "admin"
08-Jun-2014 16:20:52.194 WARNING [http-nio-8080-exec-4] org.apache.catalina.realm.LockOutRealm.authenticate An attempt was made to authenticate the locked user "admin"
08-Jun-2014 16:20:52.225 WARNING [http-nio-8080-exec-5] org.apache.catalina.realm.LockOutRealm.authenticate An attempt was made to authenticate the locked user "admin"
08-Jun-2014 16:20:52.256 WARNING [http-nio-8080-exec-3] org.apache.catalina.realm.LockOutRealm.authenticate An attempt was made to authenticate the locked user "admin"
08-Jun-2014 16:20:52.287 WARNING [http-nio-8080-exec-1] org.apache.catalina.realm.LockOutRealm.authenticate An attempt was made to authenticate the locked user "admin"
08-Jun-2014 16:20:52.303 WARNING [http-nio-8080-exec-2] org.apache.catalina.realm.LockOutRealm.authenticate An attempt was made to authenticate the locked user "admin"
08-Jun-2014 16:20:52.351 WARNING [http-nio-8080-exec-4] org.apache.catalina.realm.LockOutRealm.authenticate An attempt was made to authenticate the locked user "admin"
08-Jun-2014 16:20:52.569 WARNING [http-nio-8080-exec-5] org.apache.catalina.realm.LockOutRealm.authenticate An attempt was made to authenticate the locked user "root"
08-Jun-2014 16:20:52.616 WARNING [http-nio-8080-exec-8] org.apache.catalina.realm.LockOutRealm.authenticate An attempt was made to authenticate the locked user "root"
08-Jun-2014 16:20:52.647 WARNING [http-nio-8080-exec-9] org.apache.catalina.realm.LockOutRealm.authenticate An attempt was made to authenticate the locked user "root"
08-Jun-2014 19:57:29.225 WARNING [http-nio-8080-exec-3] org.apache.catalina.realm.LockOutRealm.authenticate An attempt was made to authenticate the locked user "role1"
08-Jun-2014 19:57:29.312 WARNING [http-nio-8080-exec-1] org.apache.catalina.realm.LockOutRealm.authenticate An attempt was made to authenticate the locked user "role1"
08-Jun-2014 19:57:29.352 WARNING [http-nio-8080-exec-10] org.apache.catalina.realm.LockOutRealm.authenticate An attempt was made to authenticate the locked user "role1"
08-Jun-2014 19:57:29.392 WARNING [http-nio-8080-exec-7] org.apache.catalina.realm.LockOutRealm.authenticate An attempt was made to authenticate the locked user "role1"
08-Jun-2014 19:57:29.424 WARNING [http-nio-8080-exec-5] org.apache.catalina.realm.LockOutRealm.authenticate An attempt was made to authenticate the locked user "role1"
08-Jun-2014 19:57:29.459 WARNING [http-nio-8080-exec-9] org.apache.catalina.realm.LockOutRealm.authenticate An attempt was made to authenticate the locked user "role1"
08-Jun-2014 19:57:29.526 WARNING [http-nio-8080-exec-1] org.apache.catalina.realm.LockOutRealm.authenticate An attempt was made to authenticate the locked user "role1"
08-Jun-2014 19:57:29.606 WARNING [http-nio-8080-exec-2] org.apache.catalina.realm.LockOutRealm.authenticate An attempt was made to authenticate the locked user "role1"
08-Jun-2014 19:57:29.771 WARNING [http-nio-8080-exec-7] org.apache.catalina.realm.LockOutRealm.authenticate An attempt was made to authenticate the locked user "role1"
08-Jun-2014 19:57:29.773 WARNING [http-nio-8080-exec-4] org.apache.catalina.realm.LockOutRealm.authenticate An attempt was made to authenticate the locked user "role1"
08-Jun-2014 19:57:29.775 WARNING [http-nio-8080-exec-5] org.apache.catalina.realm.LockOutRealm.authenticate An attempt was made to authenticate the locked user "role1"
08-Jun-2014 19:57:29.942 WARNING [http-nio-8080-exec-1] org.apache.catalina.realm.LockOutRealm.authenticate An attempt was made to authenticate the locked user "role1"
08-Jun-2014 19:57:29.991 WARNING [http-nio-8080-exec-2] org.apache.catalina.realm.LockOutRealm.authenticate An attempt was made to authenticate the locked user "role1"
08-Jun-2014 19:57:30.035 WARNING [http-nio-8080-exec-4] org.apache.catalina.realm.LockOutRealm.authenticate An attempt was made to authenticate the locked user "role1"
08-Jun-2014 19:57:30.073 WARNING [http-nio-8080-exec-5] org.apache.catalina.realm.LockOutRealm.authenticate An attempt was made to authenticate the locked user "role1"
08-Jun-2014 19:57:30.114 WARNING [http-nio-8080-exec-3] org.apache.catalina.realm.LockOutRealm.authenticate An attempt was made to authenticate the locked user "role1"
08-Jun-2014 19:57:30.169 WARNING [http-nio-8080-exec-1] org.apache.catalina.realm.LockOutRealm.authenticate An attempt was made to authenticate the locked user "role1"
08-Jun-2014 19:57:30.217 WARNING [http-nio-8080-exec-2] org.apache.catalina.realm.LockOutRealm.authenticate An attempt was made to authenticate the locked user "role1"
08-Jun-2014 19:57:30.269 WARNING [http-nio-8080-exec-7] org.apache.catalina.realm.LockOutRealm.authenticate An attempt was made to authenticate the locked user "role1"
08-Jun-2014 19:57:30.297 WARNING [http-nio-8080-exec-5] org.apache.catalina.realm.LockOutRealm.authenticate An attempt was made to authenticate the locked user "role1"
08-Jun-2014 19:57:30.356 WARNING [http-nio-8080-exec-3] org.apache.catalina.realm.LockOutRealm.authenticate An attempt was made to authenticate the locked user "role1"
08-Jun-2014 19:57:30.527 WARNING [http-nio-8080-exec-1] org.apache.catalina.realm.LockOutRealm.authenticate An attempt was made to authenticate the locked user "role1"
08-Jun-2014 19:57:30.530 WARNING [http-nio-8080-exec-10] org.apache.catalina.realm.LockOutRealm.authenticate An attempt was made to authenticate the locked user "role1"
08-Jun-2014 19:57:30.531 WARNING [http-nio-8080-exec-2] org.apache.catalina.realm.LockOutRealm.authenticate An attempt was made to authenticate the locked user "role1"
08-Jun-2014 19:57:30.733 WARNING [http-nio-8080-exec-6] org.apache.catalina.realm.LockOutRealm.authenticate An attempt was made to authenticate the locked user "role1"
08-Jun-2014 19:57:30.791 WARNING [http-nio-8080-exec-3] org.apache.catalina.realm.LockOutRealm.authenticate An attempt was made to authenticate the locked user "role1"
08-Jun-2014 19:57:31.132 WARNING [http-nio-8080-exec-1] org.apache.catalina.realm.LockOutRealm.authenticate An attempt was made to authenticate the locked user "manager"
08-Jun-2014 19:57:31.302 WARNING [http-nio-8080-exec-10] org.apache.catalina.realm.LockOutRealm.authenticate An attempt was made to authenticate the locked user "manager"
08-Jun-2014 19:57:31.304 WARNING [http-nio-8080-exec-2] org.apache.catalina.realm.LockOutRealm.authenticate An attempt was made to authenticate the locked user "manager"
08-Jun-2014 19:57:31.457 WARNING [http-nio-8080-exec-6] org.apache.catalina.realm.LockOutRealm.authenticate An attempt was made to authenticate the locked user "manager"
08-Jun-2014 19:57:31.516 WARNING [http-nio-8080-exec-3] org.apache.catalina.realm.LockOutRealm.authenticate An attempt was made to authenticate the locked user "manager"
08-Jun-2014 19:57:31.582 WARNING [http-nio-8080-exec-1] org.apache.catalina.realm.LockOutRealm.authenticate An attempt was made to authenticate the locked user "manager"
08-Jun-2014 19:57:31.631 WARNING [http-nio-8080-exec-2] org.apache.catalina.realm.LockOutRealm.authenticate An attempt was made to authenticate the locked user "manager"
08-Jun-2014 19:57:31.697 WARNING [http-nio-8080-exec-5] org.apache.catalina.realm.LockOutRealm.authenticate An attempt was made to authenticate the locked user "manager"
08-Jun-2014 19:57:31.787 WARNING [http-nio-8080-exec-6] org.apache.catalina.realm.LockOutRealm.authenticate An attempt was made to authenticate the locked user "manager"
08-Jun-2014 19:57:31.866 WARNING [http-nio-8080-exec-3] org.apache.catalina.realm.LockOutRealm.authenticate An attempt was made to authenticate the locked user "manager"
08-Jun-2014 19:57:31.938 WARNING [http-nio-8080-exec-1] org.apache.catalina.realm.LockOutRealm.authenticate An attempt was made to authenticate the locked user "manager"
08-Jun-2014 19:57:32.000 WARNING [http-nio-8080-exec-2] org.apache.catalina.realm.LockOutRealm.authenticate An attempt was made to authenticate the locked user "manager"
08-Jun-2014 19:57:32.049 WARNING [http-nio-8080-exec-5] org.apache.catalina.realm.LockOutRealm.authenticate An attempt was made to authenticate the locked user "manager"
08-Jun-2014 19:57:32.184 WARNING [http-nio-8080-exec-4] org.apache.catalina.realm.LockOutRealm.authenticate An attempt was made to authenticate the locked user "manager"
08-Jun-2014 19:57:32.364 WARNING [http-nio-8080-exec-3] org.apache.catalina.realm.LockOutRealm.authenticate An attempt was made to authenticate the locked user "manager"
08-Jun-2014 19:57:32.418 WARNING [http-nio-8080-exec-1] org.apache.catalina.realm.LockOutRealm.authenticate An attempt was made to authenticate the locked user "manager"
08-Jun-2014 19:57:32.519 WARNING [http-nio-8080-exec-2] org.apache.catalina.realm.LockOutRealm.authenticate An attempt was made to authenticate the locked user "manager"
08-Jun-2014 19:57:32.598 WARNING [http-nio-8080-exec-5] org.apache.catalina.realm.LockOutRealm.authenticate An attempt was made to authenticate the locked user "manager"
08-Jun-2014 19:57:32.695 WARNING [http-nio-8080-exec-6] org.apache.catalina.realm.LockOutRealm.authenticate An attempt was made to authenticate the locked user "manager"
08-Jun-2014 19:57:32.766 WARNING [http-nio-8080-exec-3] org.apache.catalina.realm.LockOutRealm.authenticate An attempt was made to authenticate the locked user "manager"
08-Jun-2014 19:57:32.816 WARNING [http-nio-8080-exec-1] org.apache.catalina.realm.LockOutRealm.authenticate An attempt was made to authenticate the locked user "manager"
08-Jun-2014 19:57:32.889 WARNING [http-nio-8080-exec-2] org.apache.catalina.realm.LockOutRealm.authenticate An attempt was made to authenticate the locked user "manager"
08-Jun-2014 19:57:33.004 WARNING [http-nio-8080-exec-5] org.apache.catalina.realm.LockOutRealm.authenticate An attempt was made to authenticate the locked user "manager"
08-Jun-2014 19:57:33.206 WARNING [http-nio-8080-exec-6] org.apache.catalina.realm.LockOutRealm.authenticate An attempt was made to authenticate the locked user "manager"
08-Jun-2014 19:57:33.213 WARNING [http-nio-8080-exec-9] org.apache.catalina.realm.LockOutRealm.authenticate An attempt was made to authenticate the locked user "manager"
08-Jun-2014 19:57:33.416 WARNING [http-nio-8080-exec-1] org.apache.catalina.realm.LockOutRealm.authenticate An attempt was made to authenticate the locked user "manager"
08-Jun-2014 19:57:33.852 WARNING [http-nio-8080-exec-2] org.apache.catalina.realm.LockOutRealm.authenticate An attempt was made to authenticate the locked user "tomcat"
08-Jun-2014 19:57:33.902 WARNING [http-nio-8080-exec-5] org.apache.catalina.realm.LockOutRealm.authenticate An attempt was made to authenticate the locked user "tomcat"
08-Jun-2014 19:57:33.958 WARNING [http-nio-8080-exec-6] org.apache.catalina.realm.LockOutRealm.authenticate An attempt was made to authenticate the locked user "tomcat"
08-Jun-2014 19:57:34.007 WARNING [http-nio-8080-exec-3] org.apache.catalina.realm.LockOutRealm.authenticate An attempt was made to authenticate the locked user "tomcat"
08-Jun-2014 19:57:34.160 WARNING [http-nio-8080-exec-8] org.apache.catalina.realm.LockOutRealm.authenticate An attempt was made to authenticate the locked user "tomcat"
08-Jun-2014 19:57:34.161 WARNING [http-nio-8080-exec-1] org.apache.catalina.realm.LockOutRealm.authenticate An attempt was made to authenticate the locked user "tomcat"
08-Jun-2014 19:57:34.165 WARNING [http-nio-8080-exec-10] org.apache.catalina.realm.LockOutRealm.authenticate An attempt was made to authenticate the locked user "tomcat"
08-Jun-2014 19:57:34.366 WARNING [http-nio-8080-exec-6] org.apache.catalina.realm.LockOutRealm.authenticate An attempt was made to authenticate the locked user "tomcat"
08-Jun-2014 19:57:34.437 WARNING [http-nio-8080-exec-3] org.apache.catalina.realm.LockOutRealm.authenticate An attempt was made to authenticate the locked user "tomcat"
08-Jun-2014 19:57:34.514 WARNING [http-nio-8080-exec-1] org.apache.catalina.realm.LockOutRealm.authenticate An attempt was made to authenticate the locked user "tomcat"
08-Jun-2014 19:57:34.562 WARNING [http-nio-8080-exec-2] org.apache.catalina.realm.LockOutRealm.authenticate An attempt was made to authenticate the locked user "tomcat"
08-Jun-2014 19:57:34.629 WARNING [http-nio-8080-exec-5] org.apache.catalina.realm.LockOutRealm.authenticate An attempt was made to authenticate the locked user "tomcat"
08-Jun-2014 19:57:34.672 WARNING [http-nio-8080-exec-6] org.apache.catalina.realm.LockOutRealm.authenticate An attempt was made to authenticate the locked user "tomcat"
08-Jun-2014 19:57:34.712 WARNING [http-nio-8080-exec-9] org.apache.catalina.realm.LockOutRealm.authenticate An attempt was made to authenticate the locked user "tomcat"
08-Jun-2014 19:57:34.761 WARNING [http-nio-8080-exec-1] org.apache.catalina.realm.LockOutRealm.authenticate An attempt was made to authenticate the locked user "tomcat"
08-Jun-2014 19:57:34.803 WARNING [http-nio-8080-exec-10] org.apache.catalina.realm.LockOutRealm.authenticate An attempt was made to authenticate the locked user "tomcat"
08-Jun-2014 19:57:34.855 WARNING [http-nio-8080-exec-5] org.apache.catalina.realm.LockOutRealm.authenticate An attempt was made to authenticate the locked user "tomcat"
08-Jun-2014 19:57:34.901 WARNING [http-nio-8080-exec-6] org.apache.catalina.realm.LockOutRealm.authenticate An attempt was made to authenticate the locked user "tomcat"
08-Jun-2014 19:57:34.970 WARNING [http-nio-8080-exec-3] org.apache.catalina.realm.LockOutRealm.authenticate An attempt was made to authenticate the locked user "tomcat"
08-Jun-2014 19:57:35.008 WARNING [http-nio-8080-exec-8] org.apache.catalina.realm.LockOutRealm.authenticate An attempt was made to authenticate the locked user "tomcat"
08-Jun-2014 19:57:35.062 WARNING [http-nio-8080-exec-2] org.apache.catalina.realm.LockOutRealm.authenticate An attempt was made to authenticate the locked user "tomcat"
08-Jun-2014 19:57:35.105 WARNING [http-nio-8080-exec-5] org.apache.catalina.realm.LockOutRealm.authenticate An attempt was made to authenticate the locked user "tomcat"
08-Jun-2014 19:57:35.170 WARNING [http-nio-8080-exec-6] org.apache.catalina.realm.LockOutRealm.authenticate An attempt was made to authenticate the locked user "tomcat"
08-Jun-2014 19:57:35.329 WARNING [http-nio-8080-exec-9] org.apache.catalina.realm.LockOutRealm.authenticate An attempt was made to authenticate the locked user "tomcat"
08-Jun-2014 19:57:35.330 WARNING [http-nio-8080-exec-3] org.apache.catalina.realm.LockOutRealm.authenticate An attempt was made to authenticate the locked user "tomcat"
08-Jun-2014 19:57:35.332 WARNING [http-nio-8080-exec-8] org.apache.catalina.realm.LockOutRealm.authenticate An attempt was made to authenticate the locked user "tomcat"
08-Jun-2014 19:57:35.808 WARNING [http-nio-8080-exec-7] org.apache.catalina.realm.LockOutRealm.authenticate An attempt was made to authenticate the locked user "admin"
08-Jun-2014 19:57:35.858 WARNING [http-nio-8080-exec-6] org.apache.catalina.realm.LockOutRealm.authenticate An attempt was made to authenticate the locked user "admin"
08-Jun-2014 19:57:35.919 WARNING [http-nio-8080-exec-3] org.apache.catalina.realm.LockOutRealm.authenticate An attempt was made to authenticate the locked user "admin"
08-Jun-2014 19:57:35.977 WARNING [http-nio-8080-exec-1] org.apache.catalina.realm.LockOutRealm.authenticate An attempt was made to authenticate the locked user "admin"
08-Jun-2014 19:57:36.049 WARNING [http-nio-8080-exec-2] org.apache.catalina.realm.LockOutRealm.authenticate An attempt was made to authenticate the locked user "admin"
08-Jun-2014 19:57:36.116 WARNING [http-nio-8080-exec-7] org.apache.catalina.realm.LockOutRealm.authenticate An attempt was made to authenticate the locked user "admin"
08-Jun-2014 19:57:36.158 WARNING [http-nio-8080-exec-4] org.apache.catalina.realm.LockOutRealm.authenticate An attempt was made to authenticate the locked user "admin"
08-Jun-2014 19:57:36.315 WARNING [http-nio-8080-exec-9] org.apache.catalina.realm.LockOutRealm.authenticate An attempt was made to authenticate the locked user "admin"
08-Jun-2014 19:57:36.315 WARNING [http-nio-8080-exec-3] org.apache.catalina.realm.LockOutRealm.authenticate An attempt was made to authenticate the locked user "admin"
08-Jun-2014 19:57:36.319 WARNING [http-nio-8080-exec-8] org.apache.catalina.realm.LockOutRealm.authenticate An attempt was made to authenticate the locked user "admin"
08-Jun-2014 19:57:36.502 WARNING [http-nio-8080-exec-7] org.apache.catalina.realm.LockOutRealm.authenticate An attempt was made to authenticate the locked user "admin"
08-Jun-2014 19:57:36.594 WARNING [http-nio-8080-exec-6] org.apache.catalina.realm.LockOutRealm.authenticate An attempt was made to authenticate the locked user "admin"
08-Jun-2014 19:57:36.644 WARNING [http-nio-8080-exec-9] org.apache.catalina.realm.LockOutRealm.authenticate An attempt was made to authenticate the locked user "admin"
08-Jun-2014 19:57:36.694 WARNING [http-nio-8080-exec-8] org.apache.catalina.realm.LockOutRealm.authenticate An attempt was made to authenticate the locked user "admin"
08-Jun-2014 19:57:36.763 WARNING [http-nio-8080-exec-2] org.apache.catalina.realm.LockOutRealm.authenticate An attempt was made to authenticate the locked user "admin"
08-Jun-2014 19:57:36.813 WARNING [http-nio-8080-exec-7] org.apache.catalina.realm.LockOutRealm.authenticate An attempt was made to authenticate the locked user "admin"
08-Jun-2014 19:57:36.864 WARNING [http-nio-8080-exec-6] org.apache.catalina.realm.LockOutRealm.authenticate An attempt was made to authenticate the locked user "admin"
08-Jun-2014 19:57:36.941 WARNING [http-nio-8080-exec-9] org.apache.catalina.realm.LockOutRealm.authenticate An attempt was made to authenticate the locked user "admin"
08-Jun-2014 19:57:36.998 WARNING [http-nio-8080-exec-1] org.apache.catalina.realm.LockOutRealm.authenticate An attempt was made to authenticate the locked user "admin"
08-Jun-2014 19:57:37.051 WARNING [http-nio-8080-exec-2] org.apache.catalina.realm.LockOutRealm.authenticate An attempt was made to authenticate the locked user "admin"
08-Jun-2014 19:57:37.098 WARNING [http-nio-8080-exec-7] org.apache.catalina.realm.LockOutRealm.authenticate An attempt was made to authenticate the locked user "admin"
08-Jun-2014 19:57:37.262 WARNING [http-nio-8080-exec-4] org.apache.catalina.realm.LockOutRealm.authenticate An attempt was made to authenticate the locked user "admin"
08-Jun-2014 19:57:37.268 WARNING [http-nio-8080-exec-6] org.apache.catalina.realm.LockOutRealm.authenticate An attempt was made to authenticate the locked user "admin"
08-Jun-2014 19:57:37.419 WARNING [http-nio-8080-exec-1] org.apache.catalina.realm.LockOutRealm.authenticate An attempt was made to authenticate the locked user "admin"
08-Jun-2014 19:57:37.480 WARNING [http-nio-8080-exec-2] org.apache.catalina.realm.LockOutRealm.authenticate An attempt was made to authenticate the locked user "admin"
08-Jun-2014 19:57:37.526 WARNING [http-nio-8080-exec-7] org.apache.catalina.realm.LockOutRealm.authenticate An attempt was made to authenticate the locked user "admin"
08-Jun-2014 19:57:37.955 WARNING [http-nio-8080-exec-6] org.apache.catalina.realm.LockOutRealm.authenticate An attempt was made to authenticate the locked user "both"
08-Jun-2014 19:57:38.031 WARNING [http-nio-8080-exec-9] org.apache.catalina.realm.LockOutRealm.authenticate An attempt was made to authenticate the locked user "both"
08-Jun-2014 19:57:38.200 WARNING [http-nio-8080-exec-8] org.apache.catalina.realm.LockOutRealm.authenticate An attempt was made to authenticate the locked user "both"
08-Jun-2014 19:57:38.204 WARNING [http-nio-8080-exec-1] org.apache.catalina.realm.LockOutRealm.authenticate An attempt was made to authenticate the locked user "both"
08-Jun-2014 19:57:38.370 WARNING [http-nio-8080-exec-7] org.apache.catalina.realm.LockOutRealm.authenticate An attempt was made to authenticate the locked user "both"
08-Jun-2014 19:57:38.457 WARNING [http-nio-8080-exec-6] org.apache.catalina.realm.LockOutRealm.authenticate An attempt was made to authenticate the locked user "both"
08-Jun-2014 19:57:38.517 WARNING [http-nio-8080-exec-9] org.apache.catalina.realm.LockOutRealm.authenticate An attempt was made to authenticate the locked user "both"
08-Jun-2014 19:57:38.581 WARNING [http-nio-8080-exec-1] org.apache.catalina.realm.LockOutRealm.authenticate An attempt was made to authenticate the locked user "both"
08-Jun-2014 19:57:38.631 WARNING [http-nio-8080-exec-2] org.apache.catalina.realm.LockOutRealm.authenticate An attempt was made to authenticate the locked user "both"
08-Jun-2014 19:57:38.717 WARNING [http-nio-8080-exec-7] org.apache.catalina.realm.LockOutRealm.authenticate An attempt was made to authenticate the locked user "both"
08-Jun-2014 19:57:38.787 WARNING [http-nio-8080-exec-6] org.apache.catalina.realm.LockOutRealm.authenticate An attempt was made to authenticate the locked user "both"
08-Jun-2014 19:57:38.845 WARNING [http-nio-8080-exec-9] org.apache.catalina.realm.LockOutRealm.authenticate An attempt was made to authenticate the locked user "both"
08-Jun-2014 19:57:38.905 WARNING [http-nio-8080-exec-1] org.apache.catalina.realm.LockOutRealm.authenticate An attempt was made to authenticate the locked user "both"
08-Jun-2014 19:57:38.948 WARNING [http-nio-8080-exec-2] org.apache.catalina.realm.LockOutRealm.authenticate An attempt was made to authenticate the locked user "both"
08-Jun-2014 19:57:39.145 WARNING [http-nio-8080-exec-7] org.apache.catalina.realm.LockOutRealm.authenticate An attempt was made to authenticate the locked user "both"
08-Jun-2014 19:57:39.157 WARNING [http-nio-8080-exec-4] org.apache.catalina.realm.LockOutRealm.authenticate An attempt was made to authenticate the locked user "both"
08-Jun-2014 19:57:39.331 WARNING [http-nio-8080-exec-9] org.apache.catalina.realm.LockOutRealm.authenticate An attempt was made to authenticate the locked user "both"
08-Jun-2014 19:57:39.404 WARNING [http-nio-8080-exec-1] org.apache.catalina.realm.LockOutRealm.authenticate An attempt was made to authenticate the locked user "both"
08-Jun-2014 19:57:39.464 WARNING [http-nio-8080-exec-2] org.apache.catalina.realm.LockOutRealm.authenticate An attempt was made to authenticate the locked user "both"
08-Jun-2014 19:57:39.534 WARNING [http-nio-8080-exec-7] org.apache.catalina.realm.LockOutRealm.authenticate An attempt was made to authenticate the locked user "both"
08-Jun-2014 19:57:39.578 WARNING [http-nio-8080-exec-4] org.apache.catalina.realm.LockOutRealm.authenticate An attempt was made to authenticate the locked user "both"
08-Jun-2014 19:57:39.671 WARNING [http-nio-8080-exec-9] org.apache.catalina.realm.LockOutRealm.authenticate An attempt was made to authenticate the locked user "both"
08-Jun-2014 19:57:39.740 WARNING [http-nio-8080-exec-1] org.apache.catalina.realm.LockOutRealm.authenticate An attempt was made to authenticate the locked user "both"
08-Jun-2014 19:57:39.806 WARNING [http-nio-8080-exec-2] org.apache.catalina.realm.LockOutRealm.authenticate An attempt was made to authenticate the locked user "both"
08-Jun-2014 19:57:39.873 WARNING [http-nio-8080-exec-7] org.apache.catalina.realm.LockOutRealm.authenticate An attempt was made to authenticate the locked user "both"
08-Jun-2014 19:57:39.918 WARNING [http-nio-8080-exec-4] org.apache.catalina.realm.LockOutRealm.authenticate An attempt was made to authenticate the locked user "both"
08-Jun-2014 19:57:40.491 WARNING [http-nio-8080-exec-9] org.apache.catalina.realm.LockOutRealm.authenticate An attempt was made to authenticate the locked user "test"
08-Jun-2014 19:57:40.530 WARNING [http-nio-8080-exec-8] org.apache.catalina.realm.LockOutRealm.authenticate An attempt was made to authenticate the locked user "test"
08-Jun-2014 19:57:40.594 WARNING [http-nio-8080-exec-2] org.apache.catalina.realm.LockOutRealm.authenticate An attempt was made to authenticate the locked user "test"
08-Jun-2014 19:57:40.656 WARNING [http-nio-8080-exec-7] org.apache.catalina.realm.LockOutRealm.authenticate An attempt was made to authenticate the locked user "test"
08-Jun-2014 19:57:40.724 WARNING [http-nio-8080-exec-6] org.apache.catalina.realm.LockOutRealm.authenticate An attempt was made to authenticate the locked user "test"
08-Jun-2014 19:57:40.955 WARNING [http-nio-8080-exec-9] org.apache.catalina.realm.LockOutRealm.authenticate An attempt was made to authenticate the locked user "test"
08-Jun-2014 19:57:40.957 WARNING [http-nio-8080-exec-8] org.apache.catalina.realm.LockOutRealm.authenticate An attempt was made to authenticate the locked user "test"
08-Jun-2014 19:57:40.959 WARNING [http-nio-8080-exec-1] org.apache.catalina.realm.LockOutRealm.authenticate An attempt was made to authenticate the locked user "test"
08-Jun-2014 19:57:41.169 WARNING [http-nio-8080-exec-7] org.apache.catalina.realm.LockOutRealm.authenticate An attempt was made to authenticate the locked user "test"
08-Jun-2014 19:57:41.213 WARNING [http-nio-8080-exec-6] org.apache.catalina.realm.LockOutRealm.authenticate An attempt was made to authenticate the locked user "test"
08-Jun-2014 19:57:41.291 WARNING [http-nio-8080-exec-9] org.apache.catalina.realm.LockOutRealm.authenticate An attempt was made to authenticate the locked user "test"
08-Jun-2014 19:57:41.368 WARNING [http-nio-8080-exec-1] org.apache.catalina.realm.LockOutRealm.authenticate An attempt was made to authenticate the locked user "test"
08-Jun-2014 19:57:41.463 WARNING [http-nio-8080-exec-2] org.apache.catalina.realm.LockOutRealm.authenticate An attempt was made to authenticate the locked user "test"
08-Jun-2014 19:57:41.500 WARNING [http-nio-8080-exec-5] org.apache.catalina.realm.LockOutRealm.authenticate An attempt was made to authenticate the locked user "test"
08-Jun-2014 19:57:41.522 WARNING [http-nio-8080-exec-4] org.apache.catalina.realm.LockOutRealm.authenticate An attempt was made to authenticate the locked user "test"
08-Jun-2014 19:57:41.655 WARNING [http-nio-8080-exec-9] org.apache.catalina.realm.LockOutRealm.authenticate An attempt was made to authenticate the locked user "test"
08-Jun-2014 19:57:41.732 WARNING [http-nio-8080-exec-1] org.apache.catalina.realm.LockOutRealm.authenticate An attempt was made to authenticate the locked user "test"
08-Jun-2014 19:57:41.860 WARNING [http-nio-8080-exec-10] org.apache.catalina.realm.LockOutRealm.authenticate An attempt was made to authenticate the locked user "test"
08-Jun-2014 19:57:41.860 WARNING [http-nio-8080-exec-2] org.apache.catalina.realm.LockOutRealm.authenticate An attempt was made to authenticate the locked user "test"
08-Jun-2014 19:57:42.082 WARNING [http-nio-8080-exec-6] org.apache.catalina.realm.LockOutRealm.authenticate An attempt was made to authenticate the locked user "test"
08-Jun-2014 19:57:42.129 WARNING [http-nio-8080-exec-9] org.apache.catalina.realm.LockOutRealm.authenticate An attempt was made to authenticate the locked user "test"
08-Jun-2014 19:57:42.212 WARNING [http-nio-8080-exec-1] org.apache.catalina.realm.LockOutRealm.authenticate An attempt was made to authenticate the locked user "test"
08-Jun-2014 19:57:42.265 WARNING [http-nio-8080-exec-2] org.apache.catalina.realm.LockOutRealm.authenticate An attempt was made to authenticate the locked user "test"
08-Jun-2014 19:57:42.354 WARNING [http-nio-8080-exec-7] org.apache.catalina.realm.LockOutRealm.authenticate An attempt was made to authenticate the locked user "test"
08-Jun-2014 19:57:42.833 WARNING [http-nio-8080-exec-4] org.apache.catalina.realm.LockOutRealm.authenticate An attempt was made to authenticate the locked user "root"
08-Jun-2014 19:57:42.837 WARNING [http-nio-8080-exec-6] org.apache.catalina.realm.LockOutRealm.authenticate An attempt was made to authenticate the locked user "root"
08-Jun-2014 19:57:43.017 WARNING [http-nio-8080-exec-1] org.apache.catalina.realm.LockOutRealm.authenticate An attempt was made to authenticate the locked user "root"
08-Jun-2014 19:57:43.088 WARNING [http-nio-8080-exec-2] org.apache.catalina.realm.LockOutRealm.authenticate An attempt was made to authenticate the locked user "root"
08-Jun-2014 19:57:43.151 WARNING [http-nio-8080-exec-7] org.apache.catalina.realm.LockOutRealm.authenticate An attempt was made to authenticate the locked user "root"
08-Jun-2014 19:57:43.315 WARNING [http-nio-8080-exec-6] org.apache.catalina.realm.LockOutRealm.authenticate An attempt was made to authenticate the locked user "root"
08-Jun-2014 19:57:43.399 WARNING [http-nio-8080-exec-9] org.apache.catalina.realm.LockOutRealm.authenticate An attempt was made to authenticate the locked user "root"
08-Jun-2014 19:57:43.470 WARNING [http-nio-8080-exec-1] org.apache.catalina.realm.LockOutRealm.authenticate An attempt was made to authenticate the locked user "root"
08-Jun-2014 19:57:43.504 WARNING [http-nio-8080-exec-10] org.apache.catalina.realm.LockOutRealm.authenticate An attempt was made to authenticate the locked user "root"
08-Jun-2014 19:57:43.567 WARNING [http-nio-8080-exec-7] org.apache.catalina.realm.LockOutRealm.authenticate An attempt was made to authenticate the locked user "root"
08-Jun-2014 19:57:43.780 WARNING [http-nio-8080-exec-6] org.apache.catalina.realm.LockOutRealm.authenticate An attempt was made to authenticate the locked user "root"
08-Jun-2014 19:57:43.782 WARNING [http-nio-8080-exec-3] org.apache.catalina.realm.LockOutRealm.authenticate An attempt was made to authenticate the locked user "root"
08-Jun-2014 19:57:43.951 WARNING [http-nio-8080-exec-1] org.apache.catalina.realm.LockOutRealm.authenticate An attempt was made to authenticate the locked user "root"
08-Jun-2014 19:57:44.022 WARNING [http-nio-8080-exec-2] org.apache.catalina.realm.LockOutRealm.authenticate An attempt was made to authenticate the locked user "root"
08-Jun-2014 19:57:44.073 WARNING [http-nio-8080-exec-7] org.apache.catalina.realm.LockOutRealm.authenticate An attempt was made to authenticate the locked user "root"
08-Jun-2014 19:57:44.099 WARNING [http-nio-8080-exec-4] org.apache.catalina.realm.LockOutRealm.authenticate An attempt was made to authenticate the locked user "root"
08-Jun-2014 19:57:44.153 WARNING [http-nio-8080-exec-9] org.apache.catalina.realm.LockOutRealm.authenticate An attempt was made to authenticate the locked user "root"
08-Jun-2014 19:57:44.185 WARNING [http-nio-8080-exec-8] org.apache.catalina.realm.LockOutRealm.authenticate An attempt was made to authenticate the locked user "root"
08-Jun-2014 19:57:44.253 WARNING [http-nio-8080-exec-2] org.apache.catalina.realm.LockOutRealm.authenticate An attempt was made to authenticate the locked user "root"
08-Jun-2014 19:57:44.304 WARNING [http-nio-8080-exec-7] org.apache.catalina.realm.LockOutRealm.authenticate An attempt was made to authenticate the locked user "root"
08-Jun-2014 19:57:44.368 WARNING [http-nio-8080-exec-6] org.apache.catalina.realm.LockOutRealm.authenticate An attempt was made to authenticate the locked user "root"
08-Jun-2014 19:57:44.532 WARNING [http-nio-8080-exec-9] org.apache.catalina.realm.LockOutRealm.authenticate An attempt was made to authenticate the locked user "root"
08-Jun-2014 19:57:44.722 WARNING [http-nio-8080-exec-1] org.apache.catalina.realm.LockOutRealm.authenticate An attempt was made to authenticate the locked user "root"
08-Jun-2014 23:22:22.878 WARNING [http-nio-8080-exec-7] org.apache.catalina.realm.LockOutRealm.authenticate An attempt was made to authenticate the locked user "s3cret"
08-Jun-2014 23:22:22.913 WARNING [http-nio-8080-exec-4] org.apache.catalina.realm.LockOutRealm.authenticate An attempt was made to authenticate the locked user "s3cret"
