12-Jun-2014 16:24:05.813 INFO [main] org.apache.catalina.core.AprLifecycleListener.init The APR based Apache Tomcat Native library which allows optimal performance in production environments was not found on the java.library.path: /Users/zplovett/Library/Java/Extensions:/Library/Java/Extensions:/Network/Library/Java/Extensions:/System/Library/Java/Extensions:/usr/lib/java:.
12-Jun-2014 16:24:06.142 INFO [main] org.apache.coyote.AbstractProtocol.init Initializing ProtocolHandler ["http-nio-8080"]
12-Jun-2014 16:24:06.164 INFO [main] org.apache.tomcat.util.net.NioSelectorPool.getSharedSelector Using a shared selector for servlet write/read
12-Jun-2014 16:24:06.168 INFO [main] org.apache.coyote.AbstractProtocol.init Initializing ProtocolHandler ["ajp-nio-8009"]
12-Jun-2014 16:24:06.169 INFO [main] org.apache.tomcat.util.net.NioSelectorPool.getSharedSelector Using a shared selector for servlet write/read
12-Jun-2014 16:24:06.169 INFO [main] org.apache.catalina.startup.Catalina.load Initialization processed in 749 ms
12-Jun-2014 16:24:06.205 INFO [main] org.apache.catalina.core.StandardService.startInternal Starting service Catalina
12-Jun-2014 16:24:06.205 INFO [main] org.apache.catalina.core.StandardEngine.startInternal Starting Servlet Engine: Apache Tomcat/8.0.8
12-Jun-2014 16:24:06.215 INFO [localhost-startStop-1] org.apache.catalina.startup.HostConfig.deployDirectory Deploying web application directory /Library/Tomcat/webapps/Bingle
12-Jun-2014 16:24:15.993 INFO [localhost-startStop-1] org.glassfish.jersey.server.ApplicationHandler.initialize Initiating Jersey application, version Jersey: 2.4 2013-10-24 18:25:49...
12-Jun-2014 16:24:16.591 INFO [localhost-startStop-1] org.apache.catalina.startup.HostConfig.deployDirectory Deployment of web application directory /Library/Tomcat/webapps/Bingle has finished in 10,375 ms
12-Jun-2014 16:24:16.591 INFO [localhost-startStop-1] org.apache.catalina.startup.HostConfig.deployDirectory Deploying web application directory /Library/Tomcat/webapps/BinglePhone
12-Jun-2014 16:24:24.891 INFO [localhost-startStop-1] org.apache.catalina.startup.HostConfig.deployDirectory Deployment of web application directory /Library/Tomcat/webapps/BinglePhone has finished in 8,300 ms
12-Jun-2014 16:24:24.891 INFO [localhost-startStop-1] org.apache.catalina.startup.HostConfig.deployDirectory Deploying web application directory /Library/Tomcat/webapps/docs
12-Jun-2014 16:24:24.909 INFO [localhost-startStop-1] org.apache.catalina.startup.HostConfig.deployDirectory Deployment of web application directory /Library/Tomcat/webapps/docs has finished in 18 ms
12-Jun-2014 16:24:24.909 INFO [localhost-startStop-1] org.apache.catalina.startup.HostConfig.deployDirectory Deploying web application directory /Library/Tomcat/webapps/examples
12-Jun-2014 16:24:25.130 INFO [localhost-startStop-1] org.apache.catalina.startup.HostConfig.deployDirectory Deployment of web application directory /Library/Tomcat/webapps/examples has finished in 221 ms
12-Jun-2014 16:24:25.130 INFO [localhost-startStop-1] org.apache.catalina.startup.HostConfig.deployDirectory Deploying web application directory /Library/Tomcat/webapps/host-manager
12-Jun-2014 16:24:25.148 INFO [localhost-startStop-1] org.apache.catalina.startup.HostConfig.deployDirectory Deployment of web application directory /Library/Tomcat/webapps/host-manager has finished in 18 ms
12-Jun-2014 16:24:25.148 INFO [localhost-startStop-1] org.apache.catalina.startup.HostConfig.deployDirectory Deploying web application directory /Library/Tomcat/webapps/manager
12-Jun-2014 16:24:25.167 INFO [localhost-startStop-1] org.apache.catalina.startup.HostConfig.deployDirectory Deployment of web application directory /Library/Tomcat/webapps/manager has finished in 19 ms
12-Jun-2014 16:24:25.167 INFO [localhost-startStop-1] org.apache.catalina.startup.HostConfig.deployDirectory Deploying web application directory /Library/Tomcat/webapps/ROOT
12-Jun-2014 16:24:25.178 INFO [localhost-startStop-1] org.apache.catalina.startup.HostConfig.deployDirectory Deployment of web application directory /Library/Tomcat/webapps/ROOT has finished in 11 ms
12-Jun-2014 16:24:25.178 INFO [localhost-startStop-1] org.apache.catalina.startup.HostConfig.deployDirectory Deploying web application directory /Library/Tomcat/webapps/solr
12-Jun-2014 16:24:27.487 INFO [localhost-startStop-1] org.apache.jasper.servlet.TldScanner.scanJars At least one JAR was scanned for TLDs yet contained no TLDs. Enable debug logging for this logger for a complete list of JARs that were scanned but no TLDs were found in them. Skipping unneeded JARs during scanning can improve startup time and JSP compilation time.
12-Jun-2014 16:24:32.747 INFO [localhost-startStop-1] org.apache.catalina.startup.HostConfig.deployDirectory Deployment of web application directory /Library/Tomcat/webapps/solr has finished in 7,569 ms
12-Jun-2014 16:24:32.753 INFO [main] org.apache.coyote.AbstractProtocol.start Starting ProtocolHandler ["http-nio-8080"]
12-Jun-2014 16:24:32.762 INFO [main] org.apache.coyote.AbstractProtocol.start Starting ProtocolHandler ["ajp-nio-8009"]
12-Jun-2014 16:24:32.763 INFO [main] org.apache.catalina.startup.Catalina.start Server startup in 26593 ms
12-Jun-2014 11:26:47.114 INFO [Thread-7] org.apache.coyote.AbstractProtocol.pause Pausing ProtocolHandler ["http-nio-8080"]
12-Jun-2014 11:26:47.166 INFO [Thread-7] org.apache.coyote.AbstractProtocol.pause Pausing ProtocolHandler ["ajp-nio-8009"]
12-Jun-2014 11:26:47.221 INFO [Thread-7] org.apache.catalina.core.StandardService.stopInternal Stopping service Catalina
12-Jun-2014 11:26:47.242 SEVERE [localhost-startStop-2] org.apache.catalina.loader.WebappClassLoader.clearReferencesThreads The web application [/BinglePhone] appears to have started a thread named [http-nio-8080-exec-1-SendThread(localhost:2181)] but has failed to stop it. This is very likely to create a memory leak.
12-Jun-2014 11:26:47.242 SEVERE [localhost-startStop-2] org.apache.catalina.loader.WebappClassLoader.clearReferencesThreads Stack trace of thread "http-nio-8080-exec-1-SendThread(localhost:2181)":
 java.lang.Thread.sleep(Native Method)
 org.apache.zookeeper.ClientCnxn$SendThread.run(ClientCnxn.java:994)
12-Jun-2014 11:26:47.243 SEVERE [localhost-startStop-2] org.apache.catalina.loader.WebappClassLoader.clearReferencesThreads The web application [/BinglePhone] appears to have started a thread named [http-nio-8080-exec-1-EventThread] but has failed to stop it. This is very likely to create a memory leak.
12-Jun-2014 11:26:47.243 SEVERE [localhost-startStop-2] org.apache.catalina.loader.WebappClassLoader.clearReferencesThreads Stack trace of thread "http-nio-8080-exec-1-EventThread":
 sun.misc.Unsafe.park(Native Method)
 java.util.concurrent.locks.LockSupport.park(LockSupport.java:175)
 java.util.concurrent.locks.AbstractQueuedSynchronizer$ConditionObject.await(AbstractQueuedSynchronizer.java:2039)
 java.util.concurrent.LinkedBlockingQueue.take(LinkedBlockingQueue.java:442)
 org.apache.zookeeper.ClientCnxn$EventThread.run(ClientCnxn.java:494)
12-Jun-2014 11:26:47.243 SEVERE [localhost-startStop-2] org.apache.catalina.loader.WebappClassLoader.clearReferencesThreads The web application [/BinglePhone] appears to have started a thread named [http-nio-8080-exec-6-SendThread(fe80:0:0:0:0:0:0:1%1:2181)] but has failed to stop it. This is very likely to create a memory leak.
12-Jun-2014 11:26:47.243 SEVERE [localhost-startStop-2] org.apache.catalina.loader.WebappClassLoader.clearReferencesThreads Stack trace of thread "http-nio-8080-exec-6-SendThread(fe80:0:0:0:0:0:0:1%1:2181)":
 java.lang.Thread.sleep(Native Method)
 org.apache.zookeeper.client.StaticHostProvider.next(StaticHostProvider.java:101)
 org.apache.zookeeper.ClientCnxn$SendThread.startConnect(ClientCnxn.java:940)
 org.apache.zookeeper.ClientCnxn$SendThread.run(ClientCnxn.java:1003)
12-Jun-2014 11:26:47.244 SEVERE [localhost-startStop-2] org.apache.catalina.loader.WebappClassLoader.clearReferencesThreads The web application [/BinglePhone] appears to have started a thread named [http-nio-8080-exec-6-EventThread] but has failed to stop it. This is very likely to create a memory leak.
12-Jun-2014 11:26:47.244 SEVERE [localhost-startStop-2] org.apache.catalina.loader.WebappClassLoader.clearReferencesThreads Stack trace of thread "http-nio-8080-exec-6-EventThread":
 sun.misc.Unsafe.park(Native Method)
 java.util.concurrent.locks.LockSupport.park(LockSupport.java:175)
 java.util.concurrent.locks.AbstractQueuedSynchronizer$ConditionObject.await(AbstractQueuedSynchronizer.java:2039)
 java.util.concurrent.LinkedBlockingQueue.take(LinkedBlockingQueue.java:442)
 org.apache.zookeeper.ClientCnxn$EventThread.run(ClientCnxn.java:494)
