07-Jun-2014 03:40:46.316 INFO [Thread-7] org.apache.coyote.AbstractProtocol.pause Pausing ProtocolHandler ["http-nio-8080"]
07-Jun-2014 15:45:19.866 INFO [main] org.apache.catalina.core.AprLifecycleListener.init The APR based Apache Tomcat Native library which allows optimal performance in production environments was not found on the java.library.path: /Users/zplovett/Library/Java/Extensions:/Library/Java/Extensions:/Network/Library/Java/Extensions:/System/Library/Java/Extensions:/usr/lib/java:.
07-Jun-2014 15:45:20.269 INFO [main] org.apache.coyote.AbstractProtocol.init Initializing ProtocolHandler ["http-nio-8080"]
07-Jun-2014 15:45:20.311 INFO [main] org.apache.tomcat.util.net.NioSelectorPool.getSharedSelector Using a shared selector for servlet write/read
07-Jun-2014 15:45:20.315 INFO [main] org.apache.coyote.AbstractProtocol.init Initializing ProtocolHandler ["ajp-nio-8009"]
07-Jun-2014 15:45:20.317 INFO [main] org.apache.tomcat.util.net.NioSelectorPool.getSharedSelector Using a shared selector for servlet write/read
07-Jun-2014 15:45:20.317 INFO [main] org.apache.catalina.startup.Catalina.load Initialization processed in 1030 ms
07-Jun-2014 15:45:20.371 INFO [main] org.apache.catalina.core.StandardService.startInternal Starting service Catalina
07-Jun-2014 15:45:20.371 INFO [main] org.apache.catalina.core.StandardEngine.startInternal Starting Servlet Engine: Apache Tomcat/8.0.8
07-Jun-2014 15:45:20.384 INFO [localhost-startStop-1] org.apache.catalina.startup.HostConfig.deployDirectory Deploying web application directory /Library/Tomcat/webapps/Bingle
07-Jun-2014 15:45:33.905 INFO [localhost-startStop-1] null.null Initiating Jersey application, version Jersey: 2.4 2013-10-24 18:25:49...
07-Jun-2014 15:45:34.411 INFO [localhost-startStop-1] org.apache.catalina.startup.HostConfig.deployDirectory Deployment of web application directory /Library/Tomcat/webapps/Bingle has finished in 14,027 ms
07-Jun-2014 15:45:34.412 INFO [localhost-startStop-1] org.apache.catalina.startup.HostConfig.deployDirectory Deploying web application directory /Library/Tomcat/webapps/docs
07-Jun-2014 15:45:34.430 INFO [localhost-startStop-1] org.apache.catalina.startup.HostConfig.deployDirectory Deployment of web application directory /Library/Tomcat/webapps/docs has finished in 18 ms
07-Jun-2014 15:45:34.430 INFO [localhost-startStop-1] org.apache.catalina.startup.HostConfig.deployDirectory Deploying web application directory /Library/Tomcat/webapps/examples
07-Jun-2014 15:45:34.728 INFO [localhost-startStop-1] org.apache.catalina.startup.HostConfig.deployDirectory Deployment of web application directory /Library/Tomcat/webapps/examples has finished in 298 ms
07-Jun-2014 15:45:34.729 INFO [localhost-startStop-1] org.apache.catalina.startup.HostConfig.deployDirectory Deploying web application directory /Library/Tomcat/webapps/host-manager
07-Jun-2014 15:45:34.759 INFO [localhost-startStop-1] org.apache.catalina.startup.HostConfig.deployDirectory Deployment of web application directory /Library/Tomcat/webapps/host-manager has finished in 31 ms
07-Jun-2014 15:45:34.759 INFO [localhost-startStop-1] org.apache.catalina.startup.HostConfig.deployDirectory Deploying web application directory /Library/Tomcat/webapps/manager
07-Jun-2014 15:45:34.783 INFO [localhost-startStop-1] org.apache.catalina.startup.HostConfig.deployDirectory Deployment of web application directory /Library/Tomcat/webapps/manager has finished in 24 ms
07-Jun-2014 15:45:34.783 INFO [localhost-startStop-1] org.apache.catalina.startup.HostConfig.deployDirectory Deploying web application directory /Library/Tomcat/webapps/ROOT
07-Jun-2014 15:45:34.799 INFO [localhost-startStop-1] org.apache.catalina.startup.HostConfig.deployDirectory Deployment of web application directory /Library/Tomcat/webapps/ROOT has finished in 16 ms
07-Jun-2014 15:45:34.799 INFO [localhost-startStop-1] org.apache.catalina.startup.HostConfig.deployDirectory Deploying web application directory /Library/Tomcat/webapps/solr
07-Jun-2014 15:45:37.690 INFO [localhost-startStop-1] org.apache.jasper.servlet.TldScanner.scanJars At least one JAR was scanned for TLDs yet contained no TLDs. Enable debug logging for this logger for a complete list of JARs that were scanned but no TLDs were found in them. Skipping unneeded JARs during scanning can improve startup time and JSP compilation time.
07-Jun-2014 15:45:58.980 INFO [localhost-startStop-1] org.apache.catalina.startup.HostConfig.deployDirectory Deployment of web application directory /Library/Tomcat/webapps/solr has finished in 24,180 ms
07-Jun-2014 15:45:58.988 INFO [main] org.apache.coyote.AbstractProtocol.start Starting ProtocolHandler ["http-nio-8080"]
07-Jun-2014 15:45:59.000 INFO [main] org.apache.coyote.AbstractProtocol.start Starting ProtocolHandler ["ajp-nio-8009"]
07-Jun-2014 15:45:59.001 INFO [main] org.apache.catalina.startup.Catalina.start Server startup in 38683 ms
