11-Jun-2014 04:43:57.941 INFO [main] org.apache.catalina.core.AprLifecycleListener.init The APR based Apache Tomcat Native library which allows optimal performance in production environments was not found on the java.library.path: /Users/zplovett/Library/Java/Extensions:/Library/Java/Extensions:/Network/Library/Java/Extensions:/System/Library/Java/Extensions:/usr/lib/java:.
11-Jun-2014 04:43:58.249 INFO [main] org.apache.coyote.AbstractProtocol.init Initializing ProtocolHandler ["http-nio-8080"]
11-Jun-2014 04:43:58.283 INFO [main] org.apache.tomcat.util.net.NioSelectorPool.getSharedSelector Using a shared selector for servlet write/read
11-Jun-2014 04:43:58.286 INFO [main] org.apache.coyote.AbstractProtocol.init Initializing ProtocolHandler ["ajp-nio-8009"]
11-Jun-2014 04:43:58.287 INFO [main] org.apache.tomcat.util.net.NioSelectorPool.getSharedSelector Using a shared selector for servlet write/read
11-Jun-2014 04:43:58.287 INFO [main] org.apache.catalina.startup.Catalina.load Initialization processed in 767 ms
11-Jun-2014 04:43:58.323 INFO [main] org.apache.catalina.core.StandardService.startInternal Starting service Catalina
11-Jun-2014 04:43:58.323 INFO [main] org.apache.catalina.core.StandardEngine.startInternal Starting Servlet Engine: Apache Tomcat/8.0.8
11-Jun-2014 04:43:58.332 INFO [localhost-startStop-1] org.apache.catalina.startup.HostConfig.deployDirectory Deploying web application directory /Library/Tomcat/webapps/Bingle
11-Jun-2014 04:44:07.654 INFO [localhost-startStop-1] org.glassfish.jersey.server.ApplicationHandler.null Initiating Jersey application, version Jersey: 2.4 2013-10-24 18:25:49...
11-Jun-2014 04:44:08.147 INFO [localhost-startStop-1] org.apache.catalina.startup.HostConfig.deployDirectory Deployment of web application directory /Library/Tomcat/webapps/Bingle has finished in 9,815 ms
11-Jun-2014 04:44:08.147 INFO [localhost-startStop-1] org.apache.catalina.startup.HostConfig.deployDirectory Deploying web application directory /Library/Tomcat/webapps/BinglePhone
11-Jun-2014 04:44:16.211 INFO [localhost-startStop-1] org.apache.catalina.startup.HostConfig.deployDirectory Deployment of web application directory /Library/Tomcat/webapps/BinglePhone has finished in 8,064 ms
11-Jun-2014 04:44:16.212 INFO [localhost-startStop-1] org.apache.catalina.startup.HostConfig.deployDirectory Deploying web application directory /Library/Tomcat/webapps/docs
11-Jun-2014 04:44:16.229 INFO [localhost-startStop-1] org.apache.catalina.startup.HostConfig.deployDirectory Deployment of web application directory /Library/Tomcat/webapps/docs has finished in 18 ms
11-Jun-2014 04:44:16.229 INFO [localhost-startStop-1] org.apache.catalina.startup.HostConfig.deployDirectory Deploying web application directory /Library/Tomcat/webapps/examples
11-Jun-2014 04:44:16.569 INFO [localhost-startStop-1] org.apache.catalina.startup.HostConfig.deployDirectory Deployment of web application directory /Library/Tomcat/webapps/examples has finished in 339 ms
11-Jun-2014 04:44:16.569 INFO [localhost-startStop-1] org.apache.catalina.startup.HostConfig.deployDirectory Deploying web application directory /Library/Tomcat/webapps/host-manager
11-Jun-2014 04:44:16.592 INFO [localhost-startStop-1] org.apache.catalina.startup.HostConfig.deployDirectory Deployment of web application directory /Library/Tomcat/webapps/host-manager has finished in 23 ms
11-Jun-2014 04:44:16.592 INFO [localhost-startStop-1] org.apache.catalina.startup.HostConfig.deployDirectory Deploying web application directory /Library/Tomcat/webapps/manager
11-Jun-2014 04:44:16.615 INFO [localhost-startStop-1] org.apache.catalina.startup.HostConfig.deployDirectory Deployment of web application directory /Library/Tomcat/webapps/manager has finished in 23 ms
11-Jun-2014 04:44:16.615 INFO [localhost-startStop-1] org.apache.catalina.startup.HostConfig.deployDirectory Deploying web application directory /Library/Tomcat/webapps/ROOT
11-Jun-2014 04:44:16.630 INFO [localhost-startStop-1] org.apache.catalina.startup.HostConfig.deployDirectory Deployment of web application directory /Library/Tomcat/webapps/ROOT has finished in 15 ms
11-Jun-2014 04:44:16.630 INFO [localhost-startStop-1] org.apache.catalina.startup.HostConfig.deployDirectory Deploying web application directory /Library/Tomcat/webapps/solr
11-Jun-2014 04:44:18.950 INFO [localhost-startStop-1] org.apache.jasper.servlet.TldScanner.scanJars At least one JAR was scanned for TLDs yet contained no TLDs. Enable debug logging for this logger for a complete list of JARs that were scanned but no TLDs were found in them. Skipping unneeded JARs during scanning can improve startup time and JSP compilation time.
11-Jun-2014 04:45:05.425 INFO [localhost-startStop-1] org.apache.catalina.startup.HostConfig.deployDirectory Deployment of web application directory /Library/Tomcat/webapps/solr has finished in 48,795 ms
11-Jun-2014 04:45:05.429 INFO [main] org.apache.coyote.AbstractProtocol.start Starting ProtocolHandler ["http-nio-8080"]
11-Jun-2014 04:45:05.435 INFO [main] org.apache.coyote.AbstractProtocol.start Starting ProtocolHandler ["ajp-nio-8009"]
11-Jun-2014 04:45:05.435 INFO [main] org.apache.catalina.startup.Catalina.start Server startup in 67147 ms
11-Jun-2014 04:46:31.845 INFO [main] org.apache.catalina.core.AprLifecycleListener.init The APR based Apache Tomcat Native library which allows optimal performance in production environments was not found on the java.library.path: /Users/zplovett/Library/Java/Extensions:/Library/Java/Extensions:/Network/Library/Java/Extensions:/System/Library/Java/Extensions:/usr/lib/java:.
11-Jun-2014 04:46:32.120 INFO [main] org.apache.coyote.AbstractProtocol.init Initializing ProtocolHandler ["http-nio-8080"]
11-Jun-2014 04:46:32.137 SEVERE [main] org.apache.coyote.AbstractProtocol.init Failed to initialize end point associated with ProtocolHandler ["http-nio-8080"]
 java.net.BindException: Address already in use
	at sun.nio.ch.Net.bind0(Native Method)
	at sun.nio.ch.Net.bind(Net.java:414)
	at sun.nio.ch.Net.bind(Net.java:406)
	at sun.nio.ch.ServerSocketChannelImpl.bind(ServerSocketChannelImpl.java:214)
	at sun.nio.ch.ServerSocketAdaptor.bind(ServerSocketAdaptor.java:74)
	at org.apache.tomcat.util.net.NioEndpoint.bind(NioEndpoint.java:351)
	at org.apache.tomcat.util.net.AbstractEndpoint.init(AbstractEndpoint.java:675)
	at org.apache.coyote.AbstractProtocol.init(AbstractProtocol.java:456)
	at org.apache.coyote.http11.AbstractHttp11JsseProtocol.init(AbstractHttp11JsseProtocol.java:120)
	at org.apache.catalina.connector.Connector.initInternal(Connector.java:960)
	at org.apache.catalina.util.LifecycleBase.init(LifecycleBase.java:102)
	at org.apache.catalina.core.StandardService.initInternal(StandardService.java:567)
	at org.apache.catalina.util.LifecycleBase.init(LifecycleBase.java:102)
	at org.apache.catalina.core.StandardServer.initInternal(StandardServer.java:834)
	at org.apache.catalina.util.LifecycleBase.init(LifecycleBase.java:102)
	at org.apache.catalina.startup.Catalina.load(Catalina.java:576)
	at org.apache.catalina.startup.Catalina.load(Catalina.java:599)
	at sun.reflect.NativeMethodAccessorImpl.invoke0(Native Method)
	at sun.reflect.NativeMethodAccessorImpl.invoke(NativeMethodAccessorImpl.java:62)
	at sun.reflect.DelegatingMethodAccessorImpl.invoke(DelegatingMethodAccessorImpl.java:43)
	at java.lang.reflect.Method.invoke(Method.java:483)
	at org.apache.catalina.startup.Bootstrap.load(Bootstrap.java:310)
	at org.apache.catalina.startup.Bootstrap.main(Bootstrap.java:484)

11-Jun-2014 04:46:32.138 SEVERE [main] org.apache.catalina.core.StandardService.initInternal Failed to initialize connector [Connector[HTTP/1.1-8080]]
 org.apache.catalina.LifecycleException: Failed to initialize component [Connector[HTTP/1.1-8080]]
	at org.apache.catalina.util.LifecycleBase.init(LifecycleBase.java:106)
	at org.apache.catalina.core.StandardService.initInternal(StandardService.java:567)
	at org.apache.catalina.util.LifecycleBase.init(LifecycleBase.java:102)
	at org.apache.catalina.core.StandardServer.initInternal(StandardServer.java:834)
	at org.apache.catalina.util.LifecycleBase.init(LifecycleBase.java:102)
	at org.apache.catalina.startup.Catalina.load(Catalina.java:576)
	at org.apache.catalina.startup.Catalina.load(Catalina.java:599)
	at sun.reflect.NativeMethodAccessorImpl.invoke0(Native Method)
	at sun.reflect.NativeMethodAccessorImpl.invoke(NativeMethodAccessorImpl.java:62)
	at sun.reflect.DelegatingMethodAccessorImpl.invoke(DelegatingMethodAccessorImpl.java:43)
	at java.lang.reflect.Method.invoke(Method.java:483)
	at org.apache.catalina.startup.Bootstrap.load(Bootstrap.java:310)
	at org.apache.catalina.startup.Bootstrap.main(Bootstrap.java:484)
Caused by: org.apache.catalina.LifecycleException: Protocol handler initialization failed
	at org.apache.catalina.connector.Connector.initInternal(Connector.java:962)
	at org.apache.catalina.util.LifecycleBase.init(LifecycleBase.java:102)
	... 12 more
Caused by: java.net.BindException: Address already in use
	at sun.nio.ch.Net.bind0(Native Method)
	at sun.nio.ch.Net.bind(Net.java:414)
	at sun.nio.ch.Net.bind(Net.java:406)
	at sun.nio.ch.ServerSocketChannelImpl.bind(ServerSocketChannelImpl.java:214)
	at sun.nio.ch.ServerSocketAdaptor.bind(ServerSocketAdaptor.java:74)
	at org.apache.tomcat.util.net.NioEndpoint.bind(NioEndpoint.java:351)
	at org.apache.tomcat.util.net.AbstractEndpoint.init(AbstractEndpoint.java:675)
	at org.apache.coyote.AbstractProtocol.init(AbstractProtocol.java:456)
	at org.apache.coyote.http11.AbstractHttp11JsseProtocol.init(AbstractHttp11JsseProtocol.java:120)
	at org.apache.catalina.connector.Connector.initInternal(Connector.java:960)
	... 13 more

11-Jun-2014 04:46:32.138 INFO [main] org.apache.coyote.AbstractProtocol.init Initializing ProtocolHandler ["ajp-nio-8009"]
11-Jun-2014 04:46:32.140 SEVERE [main] org.apache.coyote.AbstractProtocol.init Failed to initialize end point associated with ProtocolHandler ["ajp-nio-8009"]
 java.net.BindException: Address already in use
	at sun.nio.ch.Net.bind0(Native Method)
	at sun.nio.ch.Net.bind(Net.java:414)
	at sun.nio.ch.Net.bind(Net.java:406)
	at sun.nio.ch.ServerSocketChannelImpl.bind(ServerSocketChannelImpl.java:214)
	at sun.nio.ch.ServerSocketAdaptor.bind(ServerSocketAdaptor.java:74)
	at org.apache.tomcat.util.net.NioEndpoint.bind(NioEndpoint.java:351)
	at org.apache.tomcat.util.net.AbstractEndpoint.init(AbstractEndpoint.java:675)
	at org.apache.coyote.AbstractProtocol.init(AbstractProtocol.java:456)
	at org.apache.catalina.connector.Connector.initInternal(Connector.java:960)
	at org.apache.catalina.util.LifecycleBase.init(LifecycleBase.java:102)
	at org.apache.catalina.core.StandardService.initInternal(StandardService.java:567)
	at org.apache.catalina.util.LifecycleBase.init(LifecycleBase.java:102)
	at org.apache.catalina.core.StandardServer.initInternal(StandardServer.java:834)
	at org.apache.catalina.util.LifecycleBase.init(LifecycleBase.java:102)
	at org.apache.catalina.startup.Catalina.load(Catalina.java:576)
	at org.apache.catalina.startup.Catalina.load(Catalina.java:599)
	at sun.reflect.NativeMethodAccessorImpl.invoke0(Native Method)
	at sun.reflect.NativeMethodAccessorImpl.invoke(NativeMethodAccessorImpl.java:62)
	at sun.reflect.DelegatingMethodAccessorImpl.invoke(DelegatingMethodAccessorImpl.java:43)
	at java.lang.reflect.Method.invoke(Method.java:483)
	at org.apache.catalina.startup.Bootstrap.load(Bootstrap.java:310)
	at org.apache.catalina.startup.Bootstrap.main(Bootstrap.java:484)

11-Jun-2014 04:46:32.141 SEVERE [main] org.apache.catalina.core.StandardService.initInternal Failed to initialize connector [Connector[AJP/1.3-8009]]
 org.apache.catalina.LifecycleException: Failed to initialize component [Connector[AJP/1.3-8009]]
	at org.apache.catalina.util.LifecycleBase.init(LifecycleBase.java:106)
	at org.apache.catalina.core.StandardService.initInternal(StandardService.java:567)
	at org.apache.catalina.util.LifecycleBase.init(LifecycleBase.java:102)
	at org.apache.catalina.core.StandardServer.initInternal(StandardServer.java:834)
	at org.apache.catalina.util.LifecycleBase.init(LifecycleBase.java:102)
	at org.apache.catalina.startup.Catalina.load(Catalina.java:576)
	at org.apache.catalina.startup.Catalina.load(Catalina.java:599)
	at sun.reflect.NativeMethodAccessorImpl.invoke0(Native Method)
	at sun.reflect.NativeMethodAccessorImpl.invoke(NativeMethodAccessorImpl.java:62)
	at sun.reflect.DelegatingMethodAccessorImpl.invoke(DelegatingMethodAccessorImpl.java:43)
	at java.lang.reflect.Method.invoke(Method.java:483)
	at org.apache.catalina.startup.Bootstrap.load(Bootstrap.java:310)
	at org.apache.catalina.startup.Bootstrap.main(Bootstrap.java:484)
Caused by: org.apache.catalina.LifecycleException: Protocol handler initialization failed
	at org.apache.catalina.connector.Connector.initInternal(Connector.java:962)
	at org.apache.catalina.util.LifecycleBase.init(LifecycleBase.java:102)
	... 12 more
Caused by: java.net.BindException: Address already in use
	at sun.nio.ch.Net.bind0(Native Method)
	at sun.nio.ch.Net.bind(Net.java:414)
	at sun.nio.ch.Net.bind(Net.java:406)
	at sun.nio.ch.ServerSocketChannelImpl.bind(ServerSocketChannelImpl.java:214)
	at sun.nio.ch.ServerSocketAdaptor.bind(ServerSocketAdaptor.java:74)
	at org.apache.tomcat.util.net.NioEndpoint.bind(NioEndpoint.java:351)
	at org.apache.tomcat.util.net.AbstractEndpoint.init(AbstractEndpoint.java:675)
	at org.apache.coyote.AbstractProtocol.init(AbstractProtocol.java:456)
	at org.apache.catalina.connector.Connector.initInternal(Connector.java:960)
	... 13 more

11-Jun-2014 04:46:32.141 INFO [main] org.apache.catalina.startup.Catalina.load Initialization processed in 656 ms
11-Jun-2014 04:46:32.178 INFO [main] org.apache.catalina.core.StandardService.startInternal Starting service Catalina
11-Jun-2014 04:46:32.179 INFO [main] org.apache.catalina.core.StandardEngine.startInternal Starting Servlet Engine: Apache Tomcat/8.0.8
11-Jun-2014 04:46:32.187 INFO [localhost-startStop-1] org.apache.catalina.startup.HostConfig.deployDirectory Deploying web application directory /Library/Tomcat/webapps/Bingle
11-Jun-2014 04:46:43.569 INFO [localhost-startStop-1] org.glassfish.jersey.server.ApplicationHandler.initialize Initiating Jersey application, version Jersey: 2.4 2013-10-24 18:25:49...
11-Jun-2014 04:46:44.185 INFO [localhost-startStop-1] org.apache.catalina.startup.HostConfig.deployDirectory Deployment of web application directory /Library/Tomcat/webapps/Bingle has finished in 11,997 ms
11-Jun-2014 04:46:44.185 INFO [localhost-startStop-1] org.apache.catalina.startup.HostConfig.deployDirectory Deploying web application directory /Library/Tomcat/webapps/BinglePhone
11-Jun-2014 04:46:53.343 INFO [localhost-startStop-1] org.apache.catalina.startup.HostConfig.deployDirectory Deployment of web application directory /Library/Tomcat/webapps/BinglePhone has finished in 9,158 ms
11-Jun-2014 04:46:53.343 INFO [localhost-startStop-1] org.apache.catalina.startup.HostConfig.deployDirectory Deploying web application directory /Library/Tomcat/webapps/docs
11-Jun-2014 04:46:53.363 INFO [localhost-startStop-1] org.apache.catalina.startup.HostConfig.deployDirectory Deployment of web application directory /Library/Tomcat/webapps/docs has finished in 20 ms
11-Jun-2014 04:46:53.364 INFO [localhost-startStop-1] org.apache.catalina.startup.HostConfig.deployDirectory Deploying web application directory /Library/Tomcat/webapps/examples
11-Jun-2014 04:46:53.599 INFO [localhost-startStop-1] org.apache.catalina.startup.HostConfig.deployDirectory Deployment of web application directory /Library/Tomcat/webapps/examples has finished in 234 ms
11-Jun-2014 04:46:53.599 INFO [localhost-startStop-1] org.apache.catalina.startup.HostConfig.deployDirectory Deploying web application directory /Library/Tomcat/webapps/host-manager
11-Jun-2014 04:46:53.621 INFO [localhost-startStop-1] org.apache.catalina.startup.HostConfig.deployDirectory Deployment of web application directory /Library/Tomcat/webapps/host-manager has finished in 22 ms
11-Jun-2014 04:46:53.621 INFO [localhost-startStop-1] org.apache.catalina.startup.HostConfig.deployDirectory Deploying web application directory /Library/Tomcat/webapps/manager
11-Jun-2014 04:46:53.642 INFO [localhost-startStop-1] org.apache.catalina.startup.HostConfig.deployDirectory Deployment of web application directory /Library/Tomcat/webapps/manager has finished in 21 ms
11-Jun-2014 04:46:53.643 INFO [localhost-startStop-1] org.apache.catalina.startup.HostConfig.deployDirectory Deploying web application directory /Library/Tomcat/webapps/ROOT
11-Jun-2014 04:46:53.656 INFO [localhost-startStop-1] org.apache.catalina.startup.HostConfig.deployDirectory Deployment of web application directory /Library/Tomcat/webapps/ROOT has finished in 13 ms
11-Jun-2014 04:46:53.656 INFO [localhost-startStop-1] org.apache.catalina.startup.HostConfig.deployDirectory Deploying web application directory /Library/Tomcat/webapps/solr
11-Jun-2014 04:46:55.992 INFO [localhost-startStop-1] org.apache.jasper.servlet.TldScanner.scanJars At least one JAR was scanned for TLDs yet contained no TLDs. Enable debug logging for this logger for a complete list of JARs that were scanned but no TLDs were found in them. Skipping unneeded JARs during scanning can improve startup time and JSP compilation time.
11-Jun-2014 04:47:42.478 INFO [localhost-startStop-1] org.apache.catalina.startup.HostConfig.deployDirectory Deployment of web application directory /Library/Tomcat/webapps/solr has finished in 48,821 ms
11-Jun-2014 04:47:42.481 INFO [main] org.apache.catalina.startup.Catalina.start Server startup in 70339 ms
11-Jun-2014 04:47:42.483 SEVERE [main] org.apache.catalina.core.StandardServer.await StandardServer.await: create[localhost:8005]: 
 java.net.BindException: Address already in use
	at java.net.PlainSocketImpl.socketBind(Native Method)
	at java.net.AbstractPlainSocketImpl.bind(AbstractPlainSocketImpl.java:382)
	at java.net.ServerSocket.bind(ServerSocket.java:375)
	at java.net.ServerSocket.<init>(ServerSocket.java:237)
	at org.apache.catalina.core.StandardServer.await(StandardServer.java:419)
	at org.apache.catalina.startup.Catalina.await(Catalina.java:713)
	at org.apache.catalina.startup.Catalina.start(Catalina.java:659)
	at sun.reflect.NativeMethodAccessorImpl.invoke0(Native Method)
	at sun.reflect.NativeMethodAccessorImpl.invoke(NativeMethodAccessorImpl.java:62)
	at sun.reflect.DelegatingMethodAccessorImpl.invoke(DelegatingMethodAccessorImpl.java:43)
	at java.lang.reflect.Method.invoke(Method.java:483)
	at org.apache.catalina.startup.Bootstrap.start(Bootstrap.java:351)
	at org.apache.catalina.startup.Bootstrap.main(Bootstrap.java:485)

11-Jun-2014 04:47:42.483 INFO [main] org.apache.coyote.AbstractProtocol.pause Pausing ProtocolHandler ["http-nio-8080"]
11-Jun-2014 04:47:42.484 INFO [main] org.apache.coyote.AbstractProtocol.pause Pausing ProtocolHandler ["ajp-nio-8009"]
11-Jun-2014 04:47:42.484 INFO [main] org.apache.catalina.core.StandardService.stopInternal Stopping service Catalina
11-Jun-2014 04:47:42.516 INFO [main] org.apache.coyote.AbstractProtocol.stop Stopping ProtocolHandler ["http-nio-8080"]
11-Jun-2014 04:47:42.516 INFO [main] org.apache.coyote.AbstractProtocol.destroy Destroying ProtocolHandler ["http-nio-8080"]
11-Jun-2014 04:47:42.516 INFO [main] org.apache.coyote.AbstractProtocol.stop Stopping ProtocolHandler ["ajp-nio-8009"]
11-Jun-2014 04:47:42.516 INFO [main] org.apache.coyote.AbstractProtocol.destroy Destroying ProtocolHandler ["ajp-nio-8009"]
11-Jun-2014 05:32:25.984 INFO [Thread-5] org.apache.coyote.AbstractProtocol.pause Pausing ProtocolHandler ["http-nio-8080"]
11-Jun-2014 18:54:20.413 INFO [main] org.apache.catalina.core.AprLifecycleListener.init The APR based Apache Tomcat Native library which allows optimal performance in production environments was not found on the java.library.path: /Users/zplovett/Library/Java/Extensions:/Library/Java/Extensions:/Network/Library/Java/Extensions:/System/Library/Java/Extensions:/usr/lib/java:.
11-Jun-2014 18:54:20.688 INFO [main] org.apache.coyote.AbstractProtocol.init Initializing ProtocolHandler ["http-nio-8080"]
11-Jun-2014 18:54:20.710 INFO [main] org.apache.tomcat.util.net.NioSelectorPool.getSharedSelector Using a shared selector for servlet write/read
11-Jun-2014 18:54:20.713 INFO [main] org.apache.coyote.AbstractProtocol.init Initializing ProtocolHandler ["ajp-nio-8009"]
11-Jun-2014 18:54:20.714 INFO [main] org.apache.tomcat.util.net.NioSelectorPool.getSharedSelector Using a shared selector for servlet write/read
11-Jun-2014 18:54:20.715 INFO [main] org.apache.catalina.startup.Catalina.load Initialization processed in 661 ms
11-Jun-2014 18:54:20.749 INFO [main] org.apache.catalina.core.StandardService.startInternal Starting service Catalina
11-Jun-2014 18:54:20.749 INFO [main] org.apache.catalina.core.StandardEngine.startInternal Starting Servlet Engine: Apache Tomcat/8.0.8
11-Jun-2014 18:54:20.758 INFO [localhost-startStop-1] org.apache.catalina.startup.HostConfig.deployDirectory Deploying web application directory /Library/Tomcat/webapps/Bingle
11-Jun-2014 18:54:31.811 INFO [localhost-startStop-1] null.null Initiating Jersey application, version Jersey: 2.4 2013-10-24 18:25:49...
11-Jun-2014 18:54:32.243 INFO [localhost-startStop-1] org.apache.catalina.startup.HostConfig.deployDirectory Deployment of web application directory /Library/Tomcat/webapps/Bingle has finished in 11,484 ms
11-Jun-2014 18:54:32.243 INFO [localhost-startStop-1] org.apache.catalina.startup.HostConfig.deployDirectory Deploying web application directory /Library/Tomcat/webapps/BinglePhone
11-Jun-2014 18:54:40.081 INFO [localhost-startStop-1] org.apache.catalina.startup.HostConfig.deployDirectory Deployment of web application directory /Library/Tomcat/webapps/BinglePhone has finished in 7,838 ms
11-Jun-2014 18:54:40.081 INFO [localhost-startStop-1] org.apache.catalina.startup.HostConfig.deployDirectory Deploying web application directory /Library/Tomcat/webapps/docs
11-Jun-2014 18:54:40.097 INFO [localhost-startStop-1] org.apache.catalina.startup.HostConfig.deployDirectory Deployment of web application directory /Library/Tomcat/webapps/docs has finished in 15 ms
11-Jun-2014 18:54:40.097 INFO [localhost-startStop-1] org.apache.catalina.startup.HostConfig.deployDirectory Deploying web application directory /Library/Tomcat/webapps/examples
11-Jun-2014 18:54:40.285 INFO [localhost-startStop-1] org.apache.catalina.startup.HostConfig.deployDirectory Deployment of web application directory /Library/Tomcat/webapps/examples has finished in 188 ms
11-Jun-2014 18:54:40.285 INFO [localhost-startStop-1] org.apache.catalina.startup.HostConfig.deployDirectory Deploying web application directory /Library/Tomcat/webapps/host-manager
11-Jun-2014 18:54:40.303 INFO [localhost-startStop-1] org.apache.catalina.startup.HostConfig.deployDirectory Deployment of web application directory /Library/Tomcat/webapps/host-manager has finished in 18 ms
11-Jun-2014 18:54:40.303 INFO [localhost-startStop-1] org.apache.catalina.startup.HostConfig.deployDirectory Deploying web application directory /Library/Tomcat/webapps/manager
11-Jun-2014 18:54:40.319 INFO [localhost-startStop-1] org.apache.catalina.startup.HostConfig.deployDirectory Deployment of web application directory /Library/Tomcat/webapps/manager has finished in 16 ms
11-Jun-2014 18:54:40.319 INFO [localhost-startStop-1] org.apache.catalina.startup.HostConfig.deployDirectory Deploying web application directory /Library/Tomcat/webapps/ROOT
11-Jun-2014 18:54:40.330 INFO [localhost-startStop-1] org.apache.catalina.startup.HostConfig.deployDirectory Deployment of web application directory /Library/Tomcat/webapps/ROOT has finished in 11 ms
11-Jun-2014 18:54:40.330 INFO [localhost-startStop-1] org.apache.catalina.startup.HostConfig.deployDirectory Deploying web application directory /Library/Tomcat/webapps/solr
11-Jun-2014 18:54:42.498 INFO [localhost-startStop-1] org.apache.jasper.servlet.TldScanner.scanJars At least one JAR was scanned for TLDs yet contained no TLDs. Enable debug logging for this logger for a complete list of JARs that were scanned but no TLDs were found in them. Skipping unneeded JARs during scanning can improve startup time and JSP compilation time.
11-Jun-2014 18:55:02.679 INFO [localhost-startStop-1] org.apache.catalina.startup.HostConfig.deployDirectory Deployment of web application directory /Library/Tomcat/webapps/solr has finished in 22,348 ms
11-Jun-2014 18:55:02.684 INFO [main] org.apache.coyote.AbstractProtocol.start Starting ProtocolHandler ["http-nio-8080"]
11-Jun-2014 18:55:02.693 INFO [main] org.apache.coyote.AbstractProtocol.start Starting ProtocolHandler ["ajp-nio-8009"]
11-Jun-2014 18:55:02.694 INFO [main] org.apache.catalina.startup.Catalina.start Server startup in 41979 ms
11-Jun-2014 19:02:20.515 INFO [main] org.apache.catalina.core.AprLifecycleListener.init The APR based Apache Tomcat Native library which allows optimal performance in production environments was not found on the java.library.path: /Users/zplovett/Library/Java/Extensions:/Library/Java/Extensions:/Network/Library/Java/Extensions:/System/Library/Java/Extensions:/usr/lib/java:.
11-Jun-2014 19:02:20.810 INFO [main] org.apache.coyote.AbstractProtocol.init Initializing ProtocolHandler ["http-nio-8080"]
11-Jun-2014 19:02:20.834 SEVERE [main] org.apache.coyote.AbstractProtocol.init Failed to initialize end point associated with ProtocolHandler ["http-nio-8080"]
 java.net.BindException: Address already in use
	at sun.nio.ch.Net.bind0(Native Method)
	at sun.nio.ch.Net.bind(Net.java:414)
	at sun.nio.ch.Net.bind(Net.java:406)
	at sun.nio.ch.ServerSocketChannelImpl.bind(ServerSocketChannelImpl.java:214)
	at sun.nio.ch.ServerSocketAdaptor.bind(ServerSocketAdaptor.java:74)
	at org.apache.tomcat.util.net.NioEndpoint.bind(NioEndpoint.java:351)
	at org.apache.tomcat.util.net.AbstractEndpoint.init(AbstractEndpoint.java:675)
	at org.apache.coyote.AbstractProtocol.init(AbstractProtocol.java:456)
	at org.apache.coyote.http11.AbstractHttp11JsseProtocol.init(AbstractHttp11JsseProtocol.java:120)
	at org.apache.catalina.connector.Connector.initInternal(Connector.java:960)
	at org.apache.catalina.util.LifecycleBase.init(LifecycleBase.java:102)
	at org.apache.catalina.core.StandardService.initInternal(StandardService.java:567)
	at org.apache.catalina.util.LifecycleBase.init(LifecycleBase.java:102)
	at org.apache.catalina.core.StandardServer.initInternal(StandardServer.java:834)
	at org.apache.catalina.util.LifecycleBase.init(LifecycleBase.java:102)
	at org.apache.catalina.startup.Catalina.load(Catalina.java:576)
	at org.apache.catalina.startup.Catalina.load(Catalina.java:599)
	at sun.reflect.NativeMethodAccessorImpl.invoke0(Native Method)
	at sun.reflect.NativeMethodAccessorImpl.invoke(NativeMethodAccessorImpl.java:62)
	at sun.reflect.DelegatingMethodAccessorImpl.invoke(DelegatingMethodAccessorImpl.java:43)
	at java.lang.reflect.Method.invoke(Method.java:483)
	at org.apache.catalina.startup.Bootstrap.load(Bootstrap.java:310)
	at org.apache.catalina.startup.Bootstrap.main(Bootstrap.java:484)

11-Jun-2014 19:02:20.836 SEVERE [main] org.apache.catalina.core.StandardService.initInternal Failed to initialize connector [Connector[HTTP/1.1-8080]]
 org.apache.catalina.LifecycleException: Failed to initialize component [Connector[HTTP/1.1-8080]]
	at org.apache.catalina.util.LifecycleBase.init(LifecycleBase.java:106)
	at org.apache.catalina.core.StandardService.initInternal(StandardService.java:567)
	at org.apache.catalina.util.LifecycleBase.init(LifecycleBase.java:102)
	at org.apache.catalina.core.StandardServer.initInternal(StandardServer.java:834)
	at org.apache.catalina.util.LifecycleBase.init(LifecycleBase.java:102)
	at org.apache.catalina.startup.Catalina.load(Catalina.java:576)
	at org.apache.catalina.startup.Catalina.load(Catalina.java:599)
	at sun.reflect.NativeMethodAccessorImpl.invoke0(Native Method)
	at sun.reflect.NativeMethodAccessorImpl.invoke(NativeMethodAccessorImpl.java:62)
	at sun.reflect.DelegatingMethodAccessorImpl.invoke(DelegatingMethodAccessorImpl.java:43)
	at java.lang.reflect.Method.invoke(Method.java:483)
	at org.apache.catalina.startup.Bootstrap.load(Bootstrap.java:310)
	at org.apache.catalina.startup.Bootstrap.main(Bootstrap.java:484)
Caused by: org.apache.catalina.LifecycleException: Protocol handler initialization failed
	at org.apache.catalina.connector.Connector.initInternal(Connector.java:962)
	at org.apache.catalina.util.LifecycleBase.init(LifecycleBase.java:102)
	... 12 more
Caused by: java.net.BindException: Address already in use
	at sun.nio.ch.Net.bind0(Native Method)
	at sun.nio.ch.Net.bind(Net.java:414)
	at sun.nio.ch.Net.bind(Net.java:406)
	at sun.nio.ch.ServerSocketChannelImpl.bind(ServerSocketChannelImpl.java:214)
	at sun.nio.ch.ServerSocketAdaptor.bind(ServerSocketAdaptor.java:74)
	at org.apache.tomcat.util.net.NioEndpoint.bind(NioEndpoint.java:351)
	at org.apache.tomcat.util.net.AbstractEndpoint.init(AbstractEndpoint.java:675)
	at org.apache.coyote.AbstractProtocol.init(AbstractProtocol.java:456)
	at org.apache.coyote.http11.AbstractHttp11JsseProtocol.init(AbstractHttp11JsseProtocol.java:120)
	at org.apache.catalina.connector.Connector.initInternal(Connector.java:960)
	... 13 more

11-Jun-2014 19:02:20.836 INFO [main] org.apache.coyote.AbstractProtocol.init Initializing ProtocolHandler ["ajp-nio-8009"]
11-Jun-2014 19:02:20.837 SEVERE [main] org.apache.coyote.AbstractProtocol.init Failed to initialize end point associated with ProtocolHandler ["ajp-nio-8009"]
 java.net.BindException: Address already in use
	at sun.nio.ch.Net.bind0(Native Method)
	at sun.nio.ch.Net.bind(Net.java:414)
	at sun.nio.ch.Net.bind(Net.java:406)
	at sun.nio.ch.ServerSocketChannelImpl.bind(ServerSocketChannelImpl.java:214)
	at sun.nio.ch.ServerSocketAdaptor.bind(ServerSocketAdaptor.java:74)
	at org.apache.tomcat.util.net.NioEndpoint.bind(NioEndpoint.java:351)
	at org.apache.tomcat.util.net.AbstractEndpoint.init(AbstractEndpoint.java:675)
	at org.apache.coyote.AbstractProtocol.init(AbstractProtocol.java:456)
	at org.apache.catalina.connector.Connector.initInternal(Connector.java:960)
	at org.apache.catalina.util.LifecycleBase.init(LifecycleBase.java:102)
	at org.apache.catalina.core.StandardService.initInternal(StandardService.java:567)
	at org.apache.catalina.util.LifecycleBase.init(LifecycleBase.java:102)
	at org.apache.catalina.core.StandardServer.initInternal(StandardServer.java:834)
	at org.apache.catalina.util.LifecycleBase.init(LifecycleBase.java:102)
	at org.apache.catalina.startup.Catalina.load(Catalina.java:576)
	at org.apache.catalina.startup.Catalina.load(Catalina.java:599)
	at sun.reflect.NativeMethodAccessorImpl.invoke0(Native Method)
	at sun.reflect.NativeMethodAccessorImpl.invoke(NativeMethodAccessorImpl.java:62)
	at sun.reflect.DelegatingMethodAccessorImpl.invoke(DelegatingMethodAccessorImpl.java:43)
	at java.lang.reflect.Method.invoke(Method.java:483)
	at org.apache.catalina.startup.Bootstrap.load(Bootstrap.java:310)
	at org.apache.catalina.startup.Bootstrap.main(Bootstrap.java:484)

11-Jun-2014 19:02:20.838 SEVERE [main] org.apache.catalina.core.StandardService.initInternal Failed to initialize connector [Connector[AJP/1.3-8009]]
 org.apache.catalina.LifecycleException: Failed to initialize component [Connector[AJP/1.3-8009]]
	at org.apache.catalina.util.LifecycleBase.init(LifecycleBase.java:106)
	at org.apache.catalina.core.StandardService.initInternal(StandardService.java:567)
	at org.apache.catalina.util.LifecycleBase.init(LifecycleBase.java:102)
	at org.apache.catalina.core.StandardServer.initInternal(StandardServer.java:834)
	at org.apache.catalina.util.LifecycleBase.init(LifecycleBase.java:102)
	at org.apache.catalina.startup.Catalina.load(Catalina.java:576)
	at org.apache.catalina.startup.Catalina.load(Catalina.java:599)
	at sun.reflect.NativeMethodAccessorImpl.invoke0(Native Method)
	at sun.reflect.NativeMethodAccessorImpl.invoke(NativeMethodAccessorImpl.java:62)
	at sun.reflect.DelegatingMethodAccessorImpl.invoke(DelegatingMethodAccessorImpl.java:43)
	at java.lang.reflect.Method.invoke(Method.java:483)
	at org.apache.catalina.startup.Bootstrap.load(Bootstrap.java:310)
	at org.apache.catalina.startup.Bootstrap.main(Bootstrap.java:484)
Caused by: org.apache.catalina.LifecycleException: Protocol handler initialization failed
	at org.apache.catalina.connector.Connector.initInternal(Connector.java:962)
	at org.apache.catalina.util.LifecycleBase.init(LifecycleBase.java:102)
	... 12 more
Caused by: java.net.BindException: Address already in use
	at sun.nio.ch.Net.bind0(Native Method)
	at sun.nio.ch.Net.bind(Net.java:414)
	at sun.nio.ch.Net.bind(Net.java:406)
	at sun.nio.ch.ServerSocketChannelImpl.bind(ServerSocketChannelImpl.java:214)
	at sun.nio.ch.ServerSocketAdaptor.bind(ServerSocketAdaptor.java:74)
	at org.apache.tomcat.util.net.NioEndpoint.bind(NioEndpoint.java:351)
	at org.apache.tomcat.util.net.AbstractEndpoint.init(AbstractEndpoint.java:675)
	at org.apache.coyote.AbstractProtocol.init(AbstractProtocol.java:456)
	at org.apache.catalina.connector.Connector.initInternal(Connector.java:960)
	... 13 more

11-Jun-2014 19:02:20.838 INFO [main] org.apache.catalina.startup.Catalina.load Initialization processed in 710 ms
11-Jun-2014 19:02:20.873 INFO [main] org.apache.catalina.core.StandardService.startInternal Starting service Catalina
11-Jun-2014 19:02:20.873 INFO [main] org.apache.catalina.core.StandardEngine.startInternal Starting Servlet Engine: Apache Tomcat/8.0.8
11-Jun-2014 19:02:20.882 INFO [localhost-startStop-1] org.apache.catalina.startup.HostConfig.deployDirectory Deploying web application directory /Library/Tomcat/webapps/Bingle
11-Jun-2014 19:02:30.286 INFO [localhost-startStop-1] null.null Initiating Jersey application, version Jersey: 2.4 2013-10-24 18:25:49...
11-Jun-2014 19:02:30.762 INFO [localhost-startStop-1] org.apache.catalina.startup.HostConfig.deployDirectory Deployment of web application directory /Library/Tomcat/webapps/Bingle has finished in 9,880 ms
11-Jun-2014 19:02:30.762 INFO [localhost-startStop-1] org.apache.catalina.startup.HostConfig.deployDirectory Deploying web application directory /Library/Tomcat/webapps/BinglePhone
11-Jun-2014 19:02:38.859 INFO [localhost-startStop-1] org.apache.catalina.startup.HostConfig.deployDirectory Deployment of web application directory /Library/Tomcat/webapps/BinglePhone has finished in 8,097 ms
11-Jun-2014 19:02:38.859 INFO [localhost-startStop-1] org.apache.catalina.startup.HostConfig.deployDirectory Deploying web application directory /Library/Tomcat/webapps/docs
11-Jun-2014 19:02:38.880 INFO [localhost-startStop-1] org.apache.catalina.startup.HostConfig.deployDirectory Deployment of web application directory /Library/Tomcat/webapps/docs has finished in 21 ms
11-Jun-2014 19:02:38.881 INFO [localhost-startStop-1] org.apache.catalina.startup.HostConfig.deployDirectory Deploying web application directory /Library/Tomcat/webapps/examples
11-Jun-2014 19:02:39.097 INFO [localhost-startStop-1] org.apache.catalina.startup.HostConfig.deployDirectory Deployment of web application directory /Library/Tomcat/webapps/examples has finished in 215 ms
11-Jun-2014 19:02:39.097 INFO [localhost-startStop-1] org.apache.catalina.startup.HostConfig.deployDirectory Deploying web application directory /Library/Tomcat/webapps/host-manager
11-Jun-2014 19:02:39.121 INFO [localhost-startStop-1] org.apache.catalina.startup.HostConfig.deployDirectory Deployment of web application directory /Library/Tomcat/webapps/host-manager has finished in 24 ms
11-Jun-2014 19:02:39.121 INFO [localhost-startStop-1] org.apache.catalina.startup.HostConfig.deployDirectory Deploying web application directory /Library/Tomcat/webapps/manager
11-Jun-2014 19:02:39.139 INFO [localhost-startStop-1] org.apache.catalina.startup.HostConfig.deployDirectory Deployment of web application directory /Library/Tomcat/webapps/manager has finished in 18 ms
11-Jun-2014 19:02:39.140 INFO [localhost-startStop-1] org.apache.catalina.startup.HostConfig.deployDirectory Deploying web application directory /Library/Tomcat/webapps/ROOT
11-Jun-2014 19:02:39.151 INFO [localhost-startStop-1] org.apache.catalina.startup.HostConfig.deployDirectory Deployment of web application directory /Library/Tomcat/webapps/ROOT has finished in 11 ms
11-Jun-2014 19:02:39.151 INFO [localhost-startStop-1] org.apache.catalina.startup.HostConfig.deployDirectory Deploying web application directory /Library/Tomcat/webapps/solr
11-Jun-2014 19:02:41.308 INFO [localhost-startStop-1] org.apache.jasper.servlet.TldScanner.scanJars At least one JAR was scanned for TLDs yet contained no TLDs. Enable debug logging for this logger for a complete list of JARs that were scanned but no TLDs were found in them. Skipping unneeded JARs during scanning can improve startup time and JSP compilation time.
11-Jun-2014 19:02:59.706 INFO [localhost-startStop-1] org.apache.catalina.startup.HostConfig.deployDirectory Deployment of web application directory /Library/Tomcat/webapps/solr has finished in 20,555 ms
11-Jun-2014 19:02:59.709 INFO [main] org.apache.catalina.startup.Catalina.start Server startup in 38871 ms
11-Jun-2014 19:02:59.712 SEVERE [main] org.apache.catalina.core.StandardServer.await StandardServer.await: create[localhost:8005]: 
 java.net.BindException: Address already in use
	at java.net.PlainSocketImpl.socketBind(Native Method)
	at java.net.AbstractPlainSocketImpl.bind(AbstractPlainSocketImpl.java:382)
	at java.net.ServerSocket.bind(ServerSocket.java:375)
	at java.net.ServerSocket.<init>(ServerSocket.java:237)
	at org.apache.catalina.core.StandardServer.await(StandardServer.java:419)
	at org.apache.catalina.startup.Catalina.await(Catalina.java:713)
	at org.apache.catalina.startup.Catalina.start(Catalina.java:659)
	at sun.reflect.NativeMethodAccessorImpl.invoke0(Native Method)
	at sun.reflect.NativeMethodAccessorImpl.invoke(NativeMethodAccessorImpl.java:62)
	at sun.reflect.DelegatingMethodAccessorImpl.invoke(DelegatingMethodAccessorImpl.java:43)
	at java.lang.reflect.Method.invoke(Method.java:483)
	at org.apache.catalina.startup.Bootstrap.start(Bootstrap.java:351)
	at org.apache.catalina.startup.Bootstrap.main(Bootstrap.java:485)

11-Jun-2014 19:02:59.712 INFO [main] org.apache.coyote.AbstractProtocol.pause Pausing ProtocolHandler ["http-nio-8080"]
11-Jun-2014 19:02:59.713 INFO [main] org.apache.coyote.AbstractProtocol.pause Pausing ProtocolHandler ["ajp-nio-8009"]
11-Jun-2014 19:02:59.713 INFO [main] org.apache.catalina.core.StandardService.stopInternal Stopping service Catalina
11-Jun-2014 19:02:59.745 SEVERE [localhost-startStop-1] org.apache.catalina.loader.WebappClassLoader.clearReferencesThreads The web application [/solr] appears to have started a thread named [localhost-startStop-1-SendThread(wbuntu:2181)] but has failed to stop it. This is very likely to create a memory leak.
11-Jun-2014 19:02:59.745 SEVERE [localhost-startStop-1] org.apache.catalina.loader.WebappClassLoader.clearReferencesThreads Stack trace of thread "localhost-startStop-1-SendThread(wbuntu:2181)":
 java.lang.Thread.sleep(Native Method)
 org.apache.zookeeper.ClientCnxnSocketNIO.cleanup(ClientCnxnSocketNIO.java:230)
 org.apache.zookeeper.ClientCnxn$SendThread.cleanup(ClientCnxn.java:1185)
 org.apache.zookeeper.ClientCnxn$SendThread.run(ClientCnxn.java:1122)
11-Jun-2014 19:02:59.745 SEVERE [localhost-startStop-1] org.apache.catalina.loader.WebappClassLoader.clearReferencesThreads The web application [/solr] appears to have started a thread named [localhost-startStop-1-EventThread] but has failed to stop it. This is very likely to create a memory leak.
11-Jun-2014 19:02:59.746 SEVERE [localhost-startStop-1] org.apache.catalina.loader.WebappClassLoader.clearReferencesThreads Stack trace of thread "localhost-startStop-1-EventThread":
 java.lang.Thread.sleep(Native Method)
 org.apache.solr.common.cloud.ZkCmdExecutor.retryDelay(ZkCmdExecutor.java:119)
 org.apache.solr.common.cloud.ZkCmdExecutor.retryOperation(ZkCmdExecutor.java:87)
 org.apache.solr.common.cloud.SolrZkClient.getChildren(SolrZkClient.java:257)
 org.apache.solr.common.cloud.ZkStateReader$3.process(ZkStateReader.java:323)
 org.apache.zookeeper.ClientCnxn$EventThread.processEvent(ClientCnxn.java:522)
 org.apache.zookeeper.ClientCnxn$EventThread.run(ClientCnxn.java:498)
11-Jun-2014 19:02:59.754 INFO [main] org.apache.coyote.AbstractProtocol.stop Stopping ProtocolHandler ["http-nio-8080"]
11-Jun-2014 19:02:59.754 INFO [main] org.apache.coyote.AbstractProtocol.destroy Destroying ProtocolHandler ["http-nio-8080"]
11-Jun-2014 19:02:59.754 INFO [main] org.apache.coyote.AbstractProtocol.stop Stopping ProtocolHandler ["ajp-nio-8009"]
11-Jun-2014 19:02:59.754 INFO [main] org.apache.coyote.AbstractProtocol.destroy Destroying ProtocolHandler ["ajp-nio-8009"]
11-Jun-2014 19:04:44.310 INFO [Thread-8] org.apache.coyote.AbstractProtocol.pause Pausing ProtocolHandler ["http-nio-8080"]
11-Jun-2014 19:09:23.754 INFO [main] org.apache.catalina.core.AprLifecycleListener.init The APR based Apache Tomcat Native library which allows optimal performance in production environments was not found on the java.library.path: /Users/zplovett/Library/Java/Extensions:/Library/Java/Extensions:/Network/Library/Java/Extensions:/System/Library/Java/Extensions:/usr/lib/java:.
11-Jun-2014 19:09:24.079 INFO [main] org.apache.coyote.AbstractProtocol.init Initializing ProtocolHandler ["http-nio-8080"]
11-Jun-2014 19:09:24.103 INFO [main] org.apache.tomcat.util.net.NioSelectorPool.getSharedSelector Using a shared selector for servlet write/read
11-Jun-2014 19:09:24.106 INFO [main] org.apache.coyote.AbstractProtocol.init Initializing ProtocolHandler ["ajp-nio-8009"]
11-Jun-2014 19:09:24.107 INFO [main] org.apache.tomcat.util.net.NioSelectorPool.getSharedSelector Using a shared selector for servlet write/read
11-Jun-2014 19:09:24.107 INFO [main] org.apache.catalina.startup.Catalina.load Initialization processed in 756 ms
11-Jun-2014 19:09:24.148 INFO [main] org.apache.catalina.core.StandardService.startInternal Starting service Catalina
11-Jun-2014 19:09:24.148 INFO [main] org.apache.catalina.core.StandardEngine.startInternal Starting Servlet Engine: Apache Tomcat/8.0.8
11-Jun-2014 19:09:24.160 INFO [localhost-startStop-1] org.apache.catalina.startup.HostConfig.deployDirectory Deploying web application directory /Library/Tomcat/webapps/Bingle
11-Jun-2014 19:09:36.049 INFO [localhost-startStop-1] org.glassfish.jersey.server.ApplicationHandler.initialize Initiating Jersey application, version Jersey: 2.4 2013-10-24 18:25:49...
11-Jun-2014 19:09:36.608 INFO [localhost-startStop-1] org.apache.catalina.startup.HostConfig.deployDirectory Deployment of web application directory /Library/Tomcat/webapps/Bingle has finished in 12,447 ms
11-Jun-2014 19:09:36.608 INFO [localhost-startStop-1] org.apache.catalina.startup.HostConfig.deployDirectory Deploying web application directory /Library/Tomcat/webapps/BinglePhone
11-Jun-2014 19:09:44.714 INFO [localhost-startStop-1] org.apache.catalina.startup.HostConfig.deployDirectory Deployment of web application directory /Library/Tomcat/webapps/BinglePhone has finished in 8,106 ms
11-Jun-2014 19:09:44.714 INFO [localhost-startStop-1] org.apache.catalina.startup.HostConfig.deployDirectory Deploying web application directory /Library/Tomcat/webapps/docs
11-Jun-2014 19:09:44.730 INFO [localhost-startStop-1] org.apache.catalina.startup.HostConfig.deployDirectory Deployment of web application directory /Library/Tomcat/webapps/docs has finished in 16 ms
11-Jun-2014 19:09:44.730 INFO [localhost-startStop-1] org.apache.catalina.startup.HostConfig.deployDirectory Deploying web application directory /Library/Tomcat/webapps/examples
11-Jun-2014 19:09:45.031 INFO [localhost-startStop-1] org.apache.catalina.startup.HostConfig.deployDirectory Deployment of web application directory /Library/Tomcat/webapps/examples has finished in 301 ms
11-Jun-2014 19:09:45.031 INFO [localhost-startStop-1] org.apache.catalina.startup.HostConfig.deployDirectory Deploying web application directory /Library/Tomcat/webapps/host-manager
11-Jun-2014 19:09:45.049 INFO [localhost-startStop-1] org.apache.catalina.startup.HostConfig.deployDirectory Deployment of web application directory /Library/Tomcat/webapps/host-manager has finished in 18 ms
11-Jun-2014 19:09:45.049 INFO [localhost-startStop-1] org.apache.catalina.startup.HostConfig.deployDirectory Deploying web application directory /Library/Tomcat/webapps/manager
11-Jun-2014 19:09:45.069 INFO [localhost-startStop-1] org.apache.catalina.startup.HostConfig.deployDirectory Deployment of web application directory /Library/Tomcat/webapps/manager has finished in 20 ms
11-Jun-2014 19:09:45.069 INFO [localhost-startStop-1] org.apache.catalina.startup.HostConfig.deployDirectory Deploying web application directory /Library/Tomcat/webapps/ROOT
11-Jun-2014 19:09:45.081 INFO [localhost-startStop-1] org.apache.catalina.startup.HostConfig.deployDirectory Deployment of web application directory /Library/Tomcat/webapps/ROOT has finished in 12 ms
11-Jun-2014 19:09:45.082 INFO [localhost-startStop-1] org.apache.catalina.startup.HostConfig.deployDirectory Deploying web application directory /Library/Tomcat/webapps/solr
11-Jun-2014 19:09:47.219 INFO [localhost-startStop-1] org.apache.jasper.servlet.TldScanner.scanJars At least one JAR was scanned for TLDs yet contained no TLDs. Enable debug logging for this logger for a complete list of JARs that were scanned but no TLDs were found in them. Skipping unneeded JARs during scanning can improve startup time and JSP compilation time.
11-Jun-2014 19:09:53.411 INFO [localhost-startStop-1] org.apache.catalina.startup.HostConfig.deployDirectory Deployment of web application directory /Library/Tomcat/webapps/solr has finished in 8,329 ms
11-Jun-2014 19:09:53.416 INFO [main] org.apache.coyote.AbstractProtocol.start Starting ProtocolHandler ["http-nio-8080"]
11-Jun-2014 19:09:53.427 INFO [main] org.apache.coyote.AbstractProtocol.start Starting ProtocolHandler ["ajp-nio-8009"]
11-Jun-2014 19:09:53.427 INFO [main] org.apache.catalina.startup.Catalina.start Server startup in 29319 ms
11-Jun-2014 19:51:10.084 INFO [Thread-7] org.apache.coyote.AbstractProtocol.pause Pausing ProtocolHandler ["http-nio-8080"]
11-Jun-2014 19:51:10.086 INFO [Thread-7] org.apache.coyote.AbstractProtocol.pause Pausing ProtocolHandler ["ajp-nio-8009"]
11-Jun-2014 19:51:10.140 INFO [Thread-7] org.apache.catalina.core.StandardService.stopInternal Stopping service Catalina
11-Jun-2014 19:51:10.163 SEVERE [localhost-startStop-2] org.apache.catalina.loader.WebappClassLoader.clearReferencesThreads The web application [/BinglePhone] appears to have started a thread named [http-nio-8080-exec-8-SendThread(localhost:2181)] but has failed to stop it. This is very likely to create a memory leak.
11-Jun-2014 19:51:10.163 SEVERE [localhost-startStop-2] org.apache.catalina.loader.WebappClassLoader.clearReferencesThreads Stack trace of thread "http-nio-8080-exec-8-SendThread(localhost:2181)":
 java.lang.Thread.sleep(Native Method)
 org.apache.zookeeper.ClientCnxn$SendThread.run(ClientCnxn.java:994)
11-Jun-2014 19:51:10.163 SEVERE [localhost-startStop-2] org.apache.catalina.loader.WebappClassLoader.clearReferencesThreads The web application [/BinglePhone] appears to have started a thread named [http-nio-8080-exec-8-EventThread] but has failed to stop it. This is very likely to create a memory leak.
11-Jun-2014 19:51:10.164 SEVERE [localhost-startStop-2] org.apache.catalina.loader.WebappClassLoader.clearReferencesThreads Stack trace of thread "http-nio-8080-exec-8-EventThread":
 sun.misc.Unsafe.park(Native Method)
 java.util.concurrent.locks.LockSupport.park(LockSupport.java:175)
 java.util.concurrent.locks.AbstractQueuedSynchronizer$ConditionObject.await(AbstractQueuedSynchronizer.java:2039)
 java.util.concurrent.LinkedBlockingQueue.take(LinkedBlockingQueue.java:442)
 org.apache.zookeeper.ClientCnxn$EventThread.run(ClientCnxn.java:494)
11-Jun-2014 19:51:10.164 SEVERE [localhost-startStop-2] org.apache.catalina.loader.WebappClassLoader.clearReferencesThreads The web application [/BinglePhone] appears to have started a thread named [http-nio-8080-exec-6-SendThread(localhost:2181)] but has failed to stop it. This is very likely to create a memory leak.
11-Jun-2014 19:51:10.164 SEVERE [localhost-startStop-2] org.apache.catalina.loader.WebappClassLoader.clearReferencesThreads Stack trace of thread "http-nio-8080-exec-6-SendThread(localhost:2181)":
 java.lang.Thread.sleep(Native Method)
 org.apache.zookeeper.client.StaticHostProvider.next(StaticHostProvider.java:101)
 org.apache.zookeeper.ClientCnxn$SendThread.startConnect(ClientCnxn.java:940)
 org.apache.zookeeper.ClientCnxn$SendThread.run(ClientCnxn.java:1003)
11-Jun-2014 19:51:10.164 SEVERE [localhost-startStop-2] org.apache.catalina.loader.WebappClassLoader.clearReferencesThreads The web application [/BinglePhone] appears to have started a thread named [http-nio-8080-exec-6-EventThread] but has failed to stop it. This is very likely to create a memory leak.
11-Jun-2014 19:51:10.164 SEVERE [localhost-startStop-2] org.apache.catalina.loader.WebappClassLoader.clearReferencesThreads Stack trace of thread "http-nio-8080-exec-6-EventThread":
 sun.misc.Unsafe.park(Native Method)
 java.util.concurrent.locks.LockSupport.park(LockSupport.java:175)
 java.util.concurrent.locks.AbstractQueuedSynchronizer$ConditionObject.await(AbstractQueuedSynchronizer.java:2039)
 java.util.concurrent.LinkedBlockingQueue.take(LinkedBlockingQueue.java:442)
 org.apache.zookeeper.ClientCnxn$EventThread.run(ClientCnxn.java:494)
11-Jun-2014 19:51:10.196 SEVERE [localhost-startStop-2] org.apache.catalina.loader.WebappClassLoader.clearReferencesThreads The web application [/Bingle] appears to have started a thread named [http-nio-8080-exec-10-SendThread(fe80:0:0:0:0:0:0:1%1:2181)] but has failed to stop it. This is very likely to create a memory leak.
11-Jun-2014 19:51:10.197 SEVERE [localhost-startStop-2] org.apache.catalina.loader.WebappClassLoader.clearReferencesThreads Stack trace of thread "http-nio-8080-exec-10-SendThread(fe80:0:0:0:0:0:0:1%1:2181)":
 java.lang.Thread.sleep(Native Method)
 org.apache.zookeeper.ClientCnxn$SendThread.run(ClientCnxn.java:994)
11-Jun-2014 19:51:10.197 SEVERE [localhost-startStop-2] org.apache.catalina.loader.WebappClassLoader.clearReferencesThreads The web application [/Bingle] appears to have started a thread named [http-nio-8080-exec-10-EventThread] but has failed to stop it. This is very likely to create a memory leak.
11-Jun-2014 19:51:10.197 SEVERE [localhost-startStop-2] org.apache.catalina.loader.WebappClassLoader.clearReferencesThreads Stack trace of thread "http-nio-8080-exec-10-EventThread":
 sun.misc.Unsafe.park(Native Method)
 java.util.concurrent.locks.LockSupport.park(LockSupport.java:175)
 java.util.concurrent.locks.AbstractQueuedSynchronizer$ConditionObject.await(AbstractQueuedSynchronizer.java:2039)
 java.util.concurrent.LinkedBlockingQueue.take(LinkedBlockingQueue.java:442)
 org.apache.zookeeper.ClientCnxn$EventThread.run(ClientCnxn.java:494)
11-Jun-2014 19:51:10.197 SEVERE [localhost-startStop-2] org.apache.catalina.loader.WebappClassLoader.clearReferencesThreads The web application [/Bingle] appears to have started a thread named [http-nio-8080-exec-8-SendThread(localhost:2181)] but has failed to stop it. This is very likely to create a memory leak.
11-Jun-2014 19:51:10.198 SEVERE [localhost-startStop-2] org.apache.catalina.loader.WebappClassLoader.clearReferencesThreads Stack trace of thread "http-nio-8080-exec-8-SendThread(localhost:2181)":
 java.lang.Thread.sleep(Native Method)
 org.apache.zookeeper.ClientCnxnSocketNIO.cleanup(ClientCnxnSocketNIO.java:230)
 org.apache.zookeeper.ClientCnxn$SendThread.cleanup(ClientCnxn.java:1185)
 org.apache.zookeeper.ClientCnxn$SendThread.run(ClientCnxn.java:1110)
11-Jun-2014 19:51:10.198 SEVERE [localhost-startStop-2] org.apache.catalina.loader.WebappClassLoader.clearReferencesThreads The web application [/Bingle] appears to have started a thread named [http-nio-8080-exec-8-EventThread] but has failed to stop it. This is very likely to create a memory leak.
11-Jun-2014 19:51:10.198 SEVERE [localhost-startStop-2] org.apache.catalina.loader.WebappClassLoader.clearReferencesThreads Stack trace of thread "http-nio-8080-exec-8-EventThread":
 sun.misc.Unsafe.park(Native Method)
 java.util.concurrent.locks.LockSupport.park(LockSupport.java:175)
 java.util.concurrent.locks.AbstractQueuedSynchronizer$ConditionObject.await(AbstractQueuedSynchronizer.java:2039)
 java.util.concurrent.LinkedBlockingQueue.take(LinkedBlockingQueue.java:442)
 org.apache.zookeeper.ClientCnxn$EventThread.run(ClientCnxn.java:494)
11-Jun-2014 19:51:10.198 SEVERE [localhost-startStop-2] org.apache.catalina.loader.WebappClassLoader.clearReferencesThreads The web application [/Bingle] appears to have started a thread named [http-nio-8080-exec-4-SendThread(localhost:2181)] but has failed to stop it. This is very likely to create a memory leak.
11-Jun-2014 19:51:10.199 SEVERE [localhost-startStop-2] org.apache.catalina.loader.WebappClassLoader.clearReferencesThreads Stack trace of thread "http-nio-8080-exec-4-SendThread(localhost:2181)":
 java.lang.Thread.sleep(Native Method)
 org.apache.zookeeper.client.StaticHostProvider.next(StaticHostProvider.java:101)
 org.apache.zookeeper.ClientCnxn$SendThread.startConnect(ClientCnxn.java:940)
 org.apache.zookeeper.ClientCnxn$SendThread.run(ClientCnxn.java:1003)
11-Jun-2014 19:51:10.199 SEVERE [localhost-startStop-2] org.apache.catalina.loader.WebappClassLoader.clearReferencesThreads The web application [/Bingle] appears to have started a thread named [http-nio-8080-exec-4-EventThread] but has failed to stop it. This is very likely to create a memory leak.
11-Jun-2014 19:51:10.199 SEVERE [localhost-startStop-2] org.apache.catalina.loader.WebappClassLoader.clearReferencesThreads Stack trace of thread "http-nio-8080-exec-4-EventThread":
 sun.misc.Unsafe.park(Native Method)
 java.util.concurrent.locks.LockSupport.park(LockSupport.java:175)
 java.util.concurrent.locks.AbstractQueuedSynchronizer$ConditionObject.await(AbstractQueuedSynchronizer.java:2039)
 java.util.concurrent.LinkedBlockingQueue.take(LinkedBlockingQueue.java:442)
 org.apache.zookeeper.ClientCnxn$EventThread.run(ClientCnxn.java:494)
11-Jun-2014 19:51:10.199 SEVERE [localhost-startStop-2] org.apache.catalina.loader.WebappClassLoader.clearReferencesThreads The web application [/Bingle] appears to have started a thread named [http-nio-8080-exec-6-SendThread(localhost:2181)] but has failed to stop it. This is very likely to create a memory leak.
11-Jun-2014 19:51:10.199 SEVERE [localhost-startStop-2] org.apache.catalina.loader.WebappClassLoader.clearReferencesThreads Stack trace of thread "http-nio-8080-exec-6-SendThread(localhost:2181)":
 java.lang.Thread.sleep(Native Method)
 org.apache.zookeeper.ClientCnxnSocketNIO.cleanup(ClientCnxnSocketNIO.java:230)
 org.apache.zookeeper.ClientCnxn$SendThread.cleanup(ClientCnxn.java:1185)
 org.apache.zookeeper.ClientCnxn$SendThread.run(ClientCnxn.java:1110)
11-Jun-2014 19:51:10.199 SEVERE [localhost-startStop-2] org.apache.catalina.loader.WebappClassLoader.clearReferencesThreads The web application [/Bingle] appears to have started a thread named [http-nio-8080-exec-6-EventThread] but has failed to stop it. This is very likely to create a memory leak.
11-Jun-2014 19:51:10.200 SEVERE [localhost-startStop-2] org.apache.catalina.loader.WebappClassLoader.clearReferencesThreads Stack trace of thread "http-nio-8080-exec-6-EventThread":
 sun.misc.Unsafe.park(Native Method)
 java.util.concurrent.locks.LockSupport.park(LockSupport.java:175)
 java.util.concurrent.locks.AbstractQueuedSynchronizer$ConditionObject.await(AbstractQueuedSynchronizer.java:2039)
 java.util.concurrent.LinkedBlockingQueue.take(LinkedBlockingQueue.java:442)
 org.apache.zookeeper.ClientCnxn$EventThread.run(ClientCnxn.java:494)
11-Jun-2014 19:51:10.200 SEVERE [localhost-startStop-2] org.apache.catalina.loader.WebappClassLoader.clearReferencesThreads The web application [/Bingle] appears to have started a thread named [http-nio-8080-exec-7-SendThread(localhost:2181)] but has failed to stop it. This is very likely to create a memory leak.
11-Jun-2014 19:51:10.200 SEVERE [localhost-startStop-2] org.apache.catalina.loader.WebappClassLoader.clearReferencesThreads Stack trace of thread "http-nio-8080-exec-7-SendThread(localhost:2181)":
 java.lang.Thread.sleep(Native Method)
 org.apache.zookeeper.ClientCnxn$SendThread.run(ClientCnxn.java:994)
11-Jun-2014 19:51:10.200 SEVERE [localhost-startStop-2] org.apache.catalina.loader.WebappClassLoader.clearReferencesThreads The web application [/Bingle] appears to have started a thread named [http-nio-8080-exec-7-EventThread] but has failed to stop it. This is very likely to create a memory leak.
11-Jun-2014 19:51:10.200 SEVERE [localhost-startStop-2] org.apache.catalina.loader.WebappClassLoader.clearReferencesThreads Stack trace of thread "http-nio-8080-exec-7-EventThread":
 sun.misc.Unsafe.park(Native Method)
 java.util.concurrent.locks.LockSupport.park(LockSupport.java:175)
 java.util.concurrent.locks.AbstractQueuedSynchronizer$ConditionObject.await(AbstractQueuedSynchronizer.java:2039)
 java.util.concurrent.LinkedBlockingQueue.take(LinkedBlockingQueue.java:442)
 org.apache.zookeeper.ClientCnxn$EventThread.run(ClientCnxn.java:494)
11-Jun-2014 19:51:10.201 SEVERE [localhost-startStop-2] org.apache.catalina.loader.WebappClassLoader.clearReferencesThreads The web application [/Bingle] appears to have started a thread named [http-nio-8080-exec-8-SendThread(localhost:2181)] but has failed to stop it. This is very likely to create a memory leak.
11-Jun-2014 19:51:10.201 SEVERE [localhost-startStop-2] org.apache.catalina.loader.WebappClassLoader.clearReferencesThreads Stack trace of thread "http-nio-8080-exec-8-SendThread(localhost:2181)":
 java.lang.Thread.sleep(Native Method)
 org.apache.zookeeper.client.StaticHostProvider.next(StaticHostProvider.java:101)
 org.apache.zookeeper.ClientCnxn$SendThread.startConnect(ClientCnxn.java:940)
 org.apache.zookeeper.ClientCnxn$SendThread.run(ClientCnxn.java:1003)
11-Jun-2014 19:51:10.201 SEVERE [localhost-startStop-2] org.apache.catalina.loader.WebappClassLoader.clearReferencesThreads The web application [/Bingle] appears to have started a thread named [http-nio-8080-exec-8-EventThread] but has failed to stop it. This is very likely to create a memory leak.
11-Jun-2014 19:51:10.201 SEVERE [localhost-startStop-2] org.apache.catalina.loader.WebappClassLoader.clearReferencesThreads Stack trace of thread "http-nio-8080-exec-8-EventThread":
 sun.misc.Unsafe.park(Native Method)
 java.util.concurrent.locks.LockSupport.park(LockSupport.java:175)
 java.util.concurrent.locks.AbstractQueuedSynchronizer$ConditionObject.await(AbstractQueuedSynchronizer.java:2039)
 java.util.concurrent.LinkedBlockingQueue.take(LinkedBlockingQueue.java:442)
 org.apache.zookeeper.ClientCnxn$EventThread.run(ClientCnxn.java:494)
11-Jun-2014 19:52:02.328 SEVERE [localhost-startStop-2] org.apache.catalina.loader.WebappClassLoader.checkThreadLocalMapForLeaks The web application [/solr] created a ThreadLocal with key of type [org.apache.solr.schema.DateField.ThreadLocalDateFormat] (value [org.apache.solr.schema.DateField$ThreadLocalDateFormat@ddabde9]) and a value of type [org.apache.solr.schema.DateField.ISO8601CanonicalDateFormat] (value [org.apache.solr.schema.DateField$ISO8601CanonicalDateFormat@6b2ed43a]) but failed to remove it when the web application was stopped. Threads are going to be renewed over time to try and avoid a probable memory leak.
11-Jun-2014 19:52:02.328 SEVERE [localhost-startStop-2] org.apache.catalina.loader.WebappClassLoader.checkThreadLocalMapForLeaks The web application [/solr] created a ThreadLocal with key of type [org.apache.solr.schema.DateField.ThreadLocalDateFormat] (value [org.apache.solr.schema.DateField$ThreadLocalDateFormat@ddabde9]) and a value of type [org.apache.solr.schema.DateField.ISO8601CanonicalDateFormat] (value [org.apache.solr.schema.DateField$ISO8601CanonicalDateFormat@6b2ed43a]) but failed to remove it when the web application was stopped. Threads are going to be renewed over time to try and avoid a probable memory leak.
11-Jun-2014 19:52:02.336 INFO [Thread-7] org.apache.coyote.AbstractProtocol.stop Stopping ProtocolHandler ["http-nio-8080"]
11-Jun-2014 19:52:02.415 INFO [Thread-7] org.apache.coyote.AbstractProtocol.stop Stopping ProtocolHandler ["ajp-nio-8009"]
11-Jun-2014 19:52:02.516 INFO [Thread-7] org.apache.coyote.AbstractProtocol.destroy Destroying ProtocolHandler ["http-nio-8080"]
11-Jun-2014 19:52:02.516 INFO [Thread-7] org.apache.coyote.AbstractProtocol.destroy Destroying ProtocolHandler ["ajp-nio-8009"]
