06-Jun-2014 00:00:58.428 INFO [localhost-startStop-3] org.apache.catalina.startup.HostConfig.deployDirectory Deploying web application directory /Library/Tomcat/webapps/Bingle
06-Jun-2014 00:01:00.298 SEVERE [localhost-startStop-3] org.apache.catalina.core.ContainerBase.addChildInternal ContainerBase.addChild: start: 
 org.apache.catalina.LifecycleException: Failed to start component [StandardEngine[Catalina].StandardHost[localhost].StandardContext[/Bingle]]
	at org.apache.catalina.util.LifecycleBase.start(LifecycleBase.java:154)
	at org.apache.catalina.core.ContainerBase.addChildInternal(ContainerBase.java:724)
	at org.apache.catalina.core.ContainerBase.addChild(ContainerBase.java:700)
	at org.apache.catalina.core.StandardHost.addChild(StandardHost.java:697)
	at org.apache.catalina.startup.HostConfig.deployDirectory(HostConfig.java:1071)
	at org.apache.catalina.startup.HostConfig$DeployDirectory.run(HostConfig.java:1722)
	at java.util.concurrent.Executors$RunnableAdapter.call(Executors.java:511)
	at java.util.concurrent.FutureTask.run(FutureTask.java:266)
	at java.util.concurrent.ThreadPoolExecutor.runWorker(ThreadPoolExecutor.java:1142)
	at java.util.concurrent.ThreadPoolExecutor$Worker.run(ThreadPoolExecutor.java:617)
	at java.lang.Thread.run(Thread.java:745)
Caused by: java.lang.NoClassDefFoundError: org/apache/solr/common/params/SolrParams
	at java.lang.Class.getDeclaredFields0(Native Method)
	at java.lang.Class.privateGetDeclaredFields(Class.java:2570)
	at java.lang.Class.getDeclaredFields(Class.java:1903)
	at org.apache.catalina.util.Introspection.getDeclaredFields(Introspection.java:106)
	at org.apache.catalina.startup.WebAnnotationSet.loadFieldsAnnotation(WebAnnotationSet.java:261)
	at org.apache.catalina.startup.WebAnnotationSet.loadApplicationServletAnnotations(WebAnnotationSet.java:140)
	at org.apache.catalina.startup.WebAnnotationSet.loadApplicationAnnotations(WebAnnotationSet.java:66)
	at org.apache.catalina.startup.ContextConfig.applicationAnnotationsConfig(ContextConfig.java:332)
	at org.apache.catalina.startup.ContextConfig.configureStart(ContextConfig.java:771)
	at org.apache.catalina.startup.ContextConfig.lifecycleEvent(ContextConfig.java:303)
	at org.apache.catalina.util.LifecycleSupport.fireLifecycleEvent(LifecycleSupport.java:117)
	at org.apache.catalina.util.LifecycleBase.fireLifecycleEvent(LifecycleBase.java:90)
	at org.apache.catalina.core.StandardContext.startInternal(StandardContext.java:5069)
	at org.apache.catalina.util.LifecycleBase.start(LifecycleBase.java:150)
	... 10 more
Caused by: java.lang.ClassNotFoundException: org.apache.solr.common.params.SolrParams
	at org.apache.catalina.loader.WebappClassLoader.loadClass(WebappClassLoader.java:1333)
	at org.apache.catalina.loader.WebappClassLoader.loadClass(WebappClassLoader.java:1180)
	... 24 more

06-Jun-2014 00:01:00.301 SEVERE [localhost-startStop-3] org.apache.catalina.startup.HostConfig.deployDirectory Error deploying web application directory /Library/Tomcat/webapps/Bingle
 java.lang.IllegalStateException: ContainerBase.addChild: start: org.apache.catalina.LifecycleException: Failed to start component [StandardEngine[Catalina].StandardHost[localhost].StandardContext[/Bingle]]
	at org.apache.catalina.core.ContainerBase.addChildInternal(ContainerBase.java:727)
	at org.apache.catalina.core.ContainerBase.addChild(ContainerBase.java:700)
	at org.apache.catalina.core.StandardHost.addChild(StandardHost.java:697)
	at org.apache.catalina.startup.HostConfig.deployDirectory(HostConfig.java:1071)
	at org.apache.catalina.startup.HostConfig$DeployDirectory.run(HostConfig.java:1722)
	at java.util.concurrent.Executors$RunnableAdapter.call(Executors.java:511)
	at java.util.concurrent.FutureTask.run(FutureTask.java:266)
	at java.util.concurrent.ThreadPoolExecutor.runWorker(ThreadPoolExecutor.java:1142)
	at java.util.concurrent.ThreadPoolExecutor$Worker.run(ThreadPoolExecutor.java:617)
	at java.lang.Thread.run(Thread.java:745)

06-Jun-2014 00:01:00.302 INFO [localhost-startStop-3] org.apache.catalina.startup.HostConfig.deployDirectory Deployment of web application directory /Library/Tomcat/webapps/Bingle has finished in 1,875 ms
06-Jun-2014 00:01:15.872 INFO [http-nio-8080-exec-6-SendThread(localhost:2181)] org.apache.catalina.loader.WebappClassLoader.loadClass Illegal access: this web application instance has been stopped already.  Could not load org.apache.zookeeper.proto.WatcherEvent.  The eventual following stack trace is caused by an error thrown for debugging purposes as well as to attempt to terminate the thread which caused the illegal access, and has no functional impact.
 java.lang.IllegalStateException
	at org.apache.catalina.loader.WebappClassLoader.loadClass(WebappClassLoader.java:1221)
	at org.apache.catalina.loader.WebappClassLoader.loadClass(WebappClassLoader.java:1180)
	at org.apache.zookeeper.ClientCnxn$SendThread.readResponse(ClientCnxn.java:744)
	at org.apache.zookeeper.ClientCnxnSocketNIO.doIO(ClientCnxnSocketNIO.java:94)
	at org.apache.zookeeper.ClientCnxnSocketNIO.doTransport(ClientCnxnSocketNIO.java:366)
	at org.apache.zookeeper.ClientCnxn$SendThread.run(ClientCnxn.java:1081)

06-Jun-2014 00:01:15.874 INFO [http-nio-8080-exec-7-SendThread(fe80:0:0:0:0:0:0:1%1:2181)] org.apache.catalina.loader.WebappClassLoader.loadClass Illegal access: this web application instance has been stopped already.  Could not load org.apache.zookeeper.proto.WatcherEvent.  The eventual following stack trace is caused by an error thrown for debugging purposes as well as to attempt to terminate the thread which caused the illegal access, and has no functional impact.
 java.lang.IllegalStateException
	at org.apache.catalina.loader.WebappClassLoader.loadClass(WebappClassLoader.java:1221)
	at org.apache.catalina.loader.WebappClassLoader.loadClass(WebappClassLoader.java:1180)
	at org.apache.zookeeper.ClientCnxn$SendThread.readResponse(ClientCnxn.java:744)
	at org.apache.zookeeper.ClientCnxnSocketNIO.doIO(ClientCnxnSocketNIO.java:94)
	at org.apache.zookeeper.ClientCnxnSocketNIO.doTransport(ClientCnxnSocketNIO.java:366)
	at org.apache.zookeeper.ClientCnxn$SendThread.run(ClientCnxn.java:1081)

06-Jun-2014 00:01:15.875 INFO [http-nio-8080-exec-9-SendThread(localhost:2181)] org.apache.catalina.loader.WebappClassLoader.loadClass Illegal access: this web application instance has been stopped already.  Could not load org.apache.zookeeper.proto.WatcherEvent.  The eventual following stack trace is caused by an error thrown for debugging purposes as well as to attempt to terminate the thread which caused the illegal access, and has no functional impact.
 java.lang.IllegalStateException
	at org.apache.catalina.loader.WebappClassLoader.loadClass(WebappClassLoader.java:1221)
	at org.apache.catalina.loader.WebappClassLoader.loadClass(WebappClassLoader.java:1180)
	at org.apache.zookeeper.ClientCnxn$SendThread.readResponse(ClientCnxn.java:744)
	at org.apache.zookeeper.ClientCnxnSocketNIO.doIO(ClientCnxnSocketNIO.java:94)
	at org.apache.zookeeper.ClientCnxnSocketNIO.doTransport(ClientCnxnSocketNIO.java:366)
	at org.apache.zookeeper.ClientCnxn$SendThread.run(ClientCnxn.java:1081)

06-Jun-2014 00:01:15.876 INFO [http-nio-8080-exec-9-SendThread(localhost:2181)] org.apache.catalina.loader.WebappClassLoader.loadClass Illegal access: this web application instance has been stopped already.  Could not load org.apache.log4j.spi.ThrowableInformation.  The eventual following stack trace is caused by an error thrown for debugging purposes as well as to attempt to terminate the thread which caused the illegal access, and has no functional impact.
 java.lang.IllegalStateException
	at org.apache.catalina.loader.WebappClassLoader.loadClass(WebappClassLoader.java:1221)
	at org.apache.catalina.loader.WebappClassLoader.loadClass(WebappClassLoader.java:1180)
	at org.apache.log4j.spi.LoggingEvent.<init>(LoggingEvent.java:165)
	at org.apache.log4j.Category.forcedLog(Category.java:391)
	at org.apache.log4j.Category.log(Category.java:856)
	at org.slf4j.impl.Log4jLoggerAdapter.warn(Log4jLoggerAdapter.java:478)
	at org.apache.zookeeper.ClientCnxn$SendThread.run(ClientCnxn.java:1102)

06-Jun-2014 00:01:15.877 INFO [http-nio-8080-exec-7-SendThread(localhost:2181)] org.apache.catalina.loader.WebappClassLoader.loadClass Illegal access: this web application instance has been stopped already.  Could not load org.apache.zookeeper.proto.WatcherEvent.  The eventual following stack trace is caused by an error thrown for debugging purposes as well as to attempt to terminate the thread which caused the illegal access, and has no functional impact.
 java.lang.IllegalStateException
	at org.apache.catalina.loader.WebappClassLoader.loadClass(WebappClassLoader.java:1221)
	at org.apache.catalina.loader.WebappClassLoader.loadClass(WebappClassLoader.java:1180)
	at org.apache.zookeeper.ClientCnxn$SendThread.readResponse(ClientCnxn.java:744)
	at org.apache.zookeeper.ClientCnxnSocketNIO.doIO(ClientCnxnSocketNIO.java:94)
	at org.apache.zookeeper.ClientCnxnSocketNIO.doTransport(ClientCnxnSocketNIO.java:366)
	at org.apache.zookeeper.ClientCnxn$SendThread.run(ClientCnxn.java:1081)

06-Jun-2014 00:01:15.879 INFO [http-nio-8080-exec-1-SendThread(fe80:0:0:0:0:0:0:1%1:2181)] org.apache.catalina.loader.WebappClassLoader.loadClass Illegal access: this web application instance has been stopped already.  Could not load org.apache.zookeeper.proto.WatcherEvent.  The eventual following stack trace is caused by an error thrown for debugging purposes as well as to attempt to terminate the thread which caused the illegal access, and has no functional impact.
 java.lang.IllegalStateException
	at org.apache.catalina.loader.WebappClassLoader.loadClass(WebappClassLoader.java:1221)
	at org.apache.catalina.loader.WebappClassLoader.loadClass(WebappClassLoader.java:1180)
	at org.apache.zookeeper.ClientCnxn$SendThread.readResponse(ClientCnxn.java:744)
	at org.apache.zookeeper.ClientCnxnSocketNIO.doIO(ClientCnxnSocketNIO.java:94)
	at org.apache.zookeeper.ClientCnxnSocketNIO.doTransport(ClientCnxnSocketNIO.java:366)
	at org.apache.zookeeper.ClientCnxn$SendThread.run(ClientCnxn.java:1081)

06-Jun-2014 00:01:15.881 INFO [http-nio-8080-exec-7-SendThread(fe80:0:0:0:0:0:0:1%1:2181)] org.apache.catalina.loader.WebappClassLoader.loadClass Illegal access: this web application instance has been stopped already.  Could not load org.apache.zookeeper.proto.WatcherEvent.  The eventual following stack trace is caused by an error thrown for debugging purposes as well as to attempt to terminate the thread which caused the illegal access, and has no functional impact.
 java.lang.IllegalStateException
	at org.apache.catalina.loader.WebappClassLoader.loadClass(WebappClassLoader.java:1221)
	at org.apache.catalina.loader.WebappClassLoader.loadClass(WebappClassLoader.java:1180)
	at org.apache.zookeeper.ClientCnxn$SendThread.readResponse(ClientCnxn.java:744)
	at org.apache.zookeeper.ClientCnxnSocketNIO.doIO(ClientCnxnSocketNIO.java:94)
	at org.apache.zookeeper.ClientCnxnSocketNIO.doTransport(ClientCnxnSocketNIO.java:366)
	at org.apache.zookeeper.ClientCnxn$SendThread.run(ClientCnxn.java:1081)

06-Jun-2014 00:01:15.882 INFO [http-nio-8080-exec-6-SendThread(fe80:0:0:0:0:0:0:1%1:2181)] org.apache.catalina.loader.WebappClassLoader.loadClass Illegal access: this web application instance has been stopped already.  Could not load org.apache.zookeeper.proto.WatcherEvent.  The eventual following stack trace is caused by an error thrown for debugging purposes as well as to attempt to terminate the thread which caused the illegal access, and has no functional impact.
 java.lang.IllegalStateException
	at org.apache.catalina.loader.WebappClassLoader.loadClass(WebappClassLoader.java:1221)
	at org.apache.catalina.loader.WebappClassLoader.loadClass(WebappClassLoader.java:1180)
	at org.apache.zookeeper.ClientCnxn$SendThread.readResponse(ClientCnxn.java:744)
	at org.apache.zookeeper.ClientCnxnSocketNIO.doIO(ClientCnxnSocketNIO.java:94)
	at org.apache.zookeeper.ClientCnxnSocketNIO.doTransport(ClientCnxnSocketNIO.java:366)
	at org.apache.zookeeper.ClientCnxn$SendThread.run(ClientCnxn.java:1081)

06-Jun-2014 00:01:15.883 INFO [http-nio-8080-exec-3-SendThread(localhost:2181)] org.apache.catalina.loader.WebappClassLoader.loadClass Illegal access: this web application instance has been stopped already.  Could not load org.apache.zookeeper.proto.WatcherEvent.  The eventual following stack trace is caused by an error thrown for debugging purposes as well as to attempt to terminate the thread which caused the illegal access, and has no functional impact.
 java.lang.IllegalStateException
	at org.apache.catalina.loader.WebappClassLoader.loadClass(WebappClassLoader.java:1221)
	at org.apache.catalina.loader.WebappClassLoader.loadClass(WebappClassLoader.java:1180)
	at org.apache.zookeeper.ClientCnxn$SendThread.readResponse(ClientCnxn.java:744)
	at org.apache.zookeeper.ClientCnxnSocketNIO.doIO(ClientCnxnSocketNIO.java:94)
	at org.apache.zookeeper.ClientCnxnSocketNIO.doTransport(ClientCnxnSocketNIO.java:366)
	at org.apache.zookeeper.ClientCnxn$SendThread.run(ClientCnxn.java:1081)

06-Jun-2014 00:01:15.886 INFO [http-nio-8080-exec-7-SendThread(fe80:0:0:0:0:0:0:1%1:2181)] org.apache.catalina.loader.WebappClassLoader.loadClass Illegal access: this web application instance has been stopped already.  Could not load org.apache.log4j.spi.ThrowableInformation.  The eventual following stack trace is caused by an error thrown for debugging purposes as well as to attempt to terminate the thread which caused the illegal access, and has no functional impact.
 java.lang.IllegalStateException
	at org.apache.catalina.loader.WebappClassLoader.loadClass(WebappClassLoader.java:1221)
	at org.apache.catalina.loader.WebappClassLoader.loadClass(WebappClassLoader.java:1180)
	at org.apache.log4j.spi.LoggingEvent.<init>(LoggingEvent.java:165)
	at org.apache.log4j.Category.forcedLog(Category.java:391)
	at org.apache.log4j.Category.log(Category.java:856)
	at org.slf4j.impl.Log4jLoggerAdapter.warn(Log4jLoggerAdapter.java:478)
	at org.apache.zookeeper.ClientCnxn$SendThread.run(ClientCnxn.java:1102)

06-Jun-2014 00:01:15.887 INFO [http-nio-8080-exec-6-SendThread(localhost:2181)] org.apache.catalina.loader.WebappClassLoader.loadClass Illegal access: this web application instance has been stopped already.  Could not load org.apache.log4j.spi.ThrowableInformation.  The eventual following stack trace is caused by an error thrown for debugging purposes as well as to attempt to terminate the thread which caused the illegal access, and has no functional impact.
 java.lang.IllegalStateException
	at org.apache.catalina.loader.WebappClassLoader.loadClass(WebappClassLoader.java:1221)
	at org.apache.catalina.loader.WebappClassLoader.loadClass(WebappClassLoader.java:1180)
	at org.apache.log4j.spi.LoggingEvent.<init>(LoggingEvent.java:165)
	at org.apache.log4j.Category.forcedLog(Category.java:391)
	at org.apache.log4j.Category.log(Category.java:856)
	at org.slf4j.impl.Log4jLoggerAdapter.warn(Log4jLoggerAdapter.java:478)
	at org.apache.zookeeper.ClientCnxn$SendThread.run(ClientCnxn.java:1102)

06-Jun-2014 00:03:40.376 INFO [ContainerBackgroundProcessor[StandardEngine[Catalina]]] org.apache.catalina.startup.HostConfig.reload Reloading context [/Bingle]
06-Jun-2014 00:03:53.159 INFO [ContainerBackgroundProcessor[StandardEngine[Catalina]]] org.glassfish.jersey.server.ApplicationHandler.initialize Initiating Jersey application, version Jersey: 2.4 2013-10-24 18:25:49...
06-Jun-2014 00:07:15.215 INFO [main] org.apache.catalina.core.StandardServer.await A valid shutdown command was received via the shutdown port. Stopping the Server instance.
06-Jun-2014 00:07:15.217 INFO [main] org.apache.coyote.AbstractProtocol.pause Pausing ProtocolHandler ["http-nio-8080"]
06-Jun-2014 00:07:15.274 INFO [main] org.apache.coyote.AbstractProtocol.pause Pausing ProtocolHandler ["ajp-nio-8009"]
06-Jun-2014 00:07:15.328 INFO [main] org.apache.catalina.core.StandardService.stopInternal Stopping service Catalina
06-Jun-2014 00:07:15.438 SEVERE [localhost-startStop-4] org.apache.catalina.loader.WebappClassLoader.clearReferencesThreads The web application [/solr] appears to have started a thread named [localhost-startStop-1-SendThread(zplovett:2181)] but has failed to stop it. This is very likely to create a memory leak.
06-Jun-2014 00:07:15.438 SEVERE [localhost-startStop-4] org.apache.catalina.loader.WebappClassLoader.clearReferencesThreads Stack trace of thread "localhost-startStop-1-SendThread(zplovett:2181)":
 java.lang.Thread.sleep(Native Method)
 org.apache.zookeeper.ClientCnxnSocketNIO.cleanup(ClientCnxnSocketNIO.java:230)
 org.apache.zookeeper.ClientCnxn$SendThread.cleanup(ClientCnxn.java:1185)
 org.apache.zookeeper.ClientCnxn$SendThread.run(ClientCnxn.java:1122)
06-Jun-2014 00:07:15.453 INFO [main] org.apache.coyote.AbstractProtocol.stop Stopping ProtocolHandler ["http-nio-8080"]
06-Jun-2014 00:07:15.457 INFO [main] org.apache.coyote.AbstractProtocol.stop Stopping ProtocolHandler ["ajp-nio-8009"]
06-Jun-2014 00:07:15.458 INFO [main] org.apache.coyote.AbstractProtocol.destroy Destroying ProtocolHandler ["http-nio-8080"]
06-Jun-2014 00:07:15.459 INFO [main] org.apache.coyote.AbstractProtocol.destroy Destroying ProtocolHandler ["ajp-nio-8009"]
06-Jun-2014 00:07:21.642 INFO [main] org.apache.catalina.core.AprLifecycleListener.init The APR based Apache Tomcat Native library which allows optimal performance in production environments was not found on the java.library.path: /Users/zplovett/Library/Java/Extensions:/Library/Java/Extensions:/Network/Library/Java/Extensions:/System/Library/Java/Extensions:/usr/lib/java:.
06-Jun-2014 00:07:21.956 INFO [main] org.apache.coyote.AbstractProtocol.init Initializing ProtocolHandler ["http-nio-8080"]
06-Jun-2014 00:07:21.983 INFO [main] org.apache.tomcat.util.net.NioSelectorPool.getSharedSelector Using a shared selector for servlet write/read
06-Jun-2014 00:07:21.987 INFO [main] org.apache.coyote.AbstractProtocol.init Initializing ProtocolHandler ["ajp-nio-8009"]
06-Jun-2014 00:07:21.988 INFO [main] org.apache.tomcat.util.net.NioSelectorPool.getSharedSelector Using a shared selector for servlet write/read
06-Jun-2014 00:07:21.988 INFO [main] org.apache.catalina.startup.Catalina.load Initialization processed in 704 ms
06-Jun-2014 00:07:22.025 INFO [main] org.apache.catalina.core.StandardService.startInternal Starting service Catalina
06-Jun-2014 00:07:22.025 INFO [main] org.apache.catalina.core.StandardEngine.startInternal Starting Servlet Engine: Apache Tomcat/8.0.8
06-Jun-2014 00:07:22.034 INFO [localhost-startStop-1] org.apache.catalina.startup.HostConfig.deployDirectory Deploying web application directory /Library/Tomcat/webapps/Bingle
06-Jun-2014 00:07:32.599 INFO [localhost-startStop-1] null.null Initiating Jersey application, version Jersey: 2.4 2013-10-24 18:25:49...
06-Jun-2014 00:07:33.119 INFO [localhost-startStop-1] org.apache.catalina.startup.HostConfig.deployDirectory Deployment of web application directory /Library/Tomcat/webapps/Bingle has finished in 11,084 ms
06-Jun-2014 00:07:33.119 INFO [localhost-startStop-1] org.apache.catalina.startup.HostConfig.deployDirectory Deploying web application directory /Library/Tomcat/webapps/docs
06-Jun-2014 00:07:33.133 INFO [localhost-startStop-1] org.apache.catalina.startup.HostConfig.deployDirectory Deployment of web application directory /Library/Tomcat/webapps/docs has finished in 14 ms
06-Jun-2014 00:07:33.133 INFO [localhost-startStop-1] org.apache.catalina.startup.HostConfig.deployDirectory Deploying web application directory /Library/Tomcat/webapps/examples
06-Jun-2014 00:07:33.380 INFO [localhost-startStop-1] org.apache.catalina.startup.HostConfig.deployDirectory Deployment of web application directory /Library/Tomcat/webapps/examples has finished in 247 ms
06-Jun-2014 00:07:33.381 INFO [localhost-startStop-1] org.apache.catalina.startup.HostConfig.deployDirectory Deploying web application directory /Library/Tomcat/webapps/host-manager
06-Jun-2014 00:07:33.404 INFO [localhost-startStop-1] org.apache.catalina.startup.HostConfig.deployDirectory Deployment of web application directory /Library/Tomcat/webapps/host-manager has finished in 23 ms
06-Jun-2014 00:07:33.404 INFO [localhost-startStop-1] org.apache.catalina.startup.HostConfig.deployDirectory Deploying web application directory /Library/Tomcat/webapps/manager
06-Jun-2014 00:07:33.424 INFO [localhost-startStop-1] org.apache.catalina.startup.HostConfig.deployDirectory Deployment of web application directory /Library/Tomcat/webapps/manager has finished in 19 ms
06-Jun-2014 00:07:33.424 INFO [localhost-startStop-1] org.apache.catalina.startup.HostConfig.deployDirectory Deploying web application directory /Library/Tomcat/webapps/ROOT
06-Jun-2014 00:07:33.436 INFO [localhost-startStop-1] org.apache.catalina.startup.HostConfig.deployDirectory Deployment of web application directory /Library/Tomcat/webapps/ROOT has finished in 12 ms
06-Jun-2014 00:07:33.436 INFO [localhost-startStop-1] org.apache.catalina.startup.HostConfig.deployDirectory Deploying web application directory /Library/Tomcat/webapps/solr
06-Jun-2014 00:07:35.975 INFO [localhost-startStop-1] org.apache.jasper.servlet.TldScanner.scanJars At least one JAR was scanned for TLDs yet contained no TLDs. Enable debug logging for this logger for a complete list of JARs that were scanned but no TLDs were found in them. Skipping unneeded JARs during scanning can improve startup time and JSP compilation time.
06-Jun-2014 00:07:55.920 INFO [localhost-startStop-1] org.apache.catalina.startup.HostConfig.deployDirectory Deployment of web application directory /Library/Tomcat/webapps/solr has finished in 22,484 ms
06-Jun-2014 00:07:55.926 INFO [main] org.apache.coyote.AbstractProtocol.start Starting ProtocolHandler ["http-nio-8080"]
06-Jun-2014 00:07:55.936 INFO [main] org.apache.coyote.AbstractProtocol.start Starting ProtocolHandler ["ajp-nio-8009"]
06-Jun-2014 00:07:55.966 INFO [main] org.apache.catalina.startup.Catalina.start Server startup in 33948 ms
06-Jun-2014 02:23:08.071 INFO [main] org.apache.catalina.core.StandardServer.await A valid shutdown command was received via the shutdown port. Stopping the Server instance.
06-Jun-2014 02:23:08.076 INFO [main] org.apache.coyote.AbstractProtocol.pause Pausing ProtocolHandler ["http-nio-8080"]
06-Jun-2014 02:23:08.131 INFO [main] org.apache.coyote.AbstractProtocol.pause Pausing ProtocolHandler ["ajp-nio-8009"]
06-Jun-2014 02:23:08.186 INFO [main] org.apache.catalina.core.StandardService.stopInternal Stopping service Catalina
06-Jun-2014 02:23:08.243 SEVERE [localhost-startStop-2] org.apache.catalina.loader.WebappClassLoader.clearReferencesThreads The web application [/Bingle] appears to have started a thread named [http-nio-8080-exec-4-SendThread(fe80:0:0:0:0:0:0:1%1:2181)] but has failed to stop it. This is very likely to create a memory leak.
06-Jun-2014 02:23:08.244 SEVERE [localhost-startStop-2] org.apache.catalina.loader.WebappClassLoader.clearReferencesThreads Stack trace of thread "http-nio-8080-exec-4-SendThread(fe80:0:0:0:0:0:0:1%1:2181)":
 sun.nio.ch.KQueueArrayWrapper.kevent0(Native Method)
 sun.nio.ch.KQueueArrayWrapper.poll(KQueueArrayWrapper.java:202)
 sun.nio.ch.KQueueSelectorImpl.doSelect(KQueueSelectorImpl.java:103)
 sun.nio.ch.SelectorImpl.lockAndDoSelect(SelectorImpl.java:86)
 sun.nio.ch.SelectorImpl.select(SelectorImpl.java:97)
 org.apache.zookeeper.ClientCnxnSocketNIO.doTransport(ClientCnxnSocketNIO.java:349)
 org.apache.zookeeper.ClientCnxn$SendThread.run(ClientCnxn.java:1081)
06-Jun-2014 02:23:08.245 SEVERE [localhost-startStop-2] org.apache.catalina.loader.WebappClassLoader.clearReferencesThreads The web application [/Bingle] appears to have started a thread named [http-nio-8080-exec-4-EventThread] but has failed to stop it. This is very likely to create a memory leak.
06-Jun-2014 02:23:08.245 SEVERE [localhost-startStop-2] org.apache.catalina.loader.WebappClassLoader.clearReferencesThreads Stack trace of thread "http-nio-8080-exec-4-EventThread":
 sun.misc.Unsafe.park(Native Method)
 java.util.concurrent.locks.LockSupport.park(LockSupport.java:175)
 java.util.concurrent.locks.AbstractQueuedSynchronizer$ConditionObject.await(AbstractQueuedSynchronizer.java:2039)
 java.util.concurrent.LinkedBlockingQueue.take(LinkedBlockingQueue.java:442)
 org.apache.zookeeper.ClientCnxn$EventThread.run(ClientCnxn.java:494)
06-Jun-2014 02:23:08.245 SEVERE [localhost-startStop-2] org.apache.catalina.loader.WebappClassLoader.clearReferencesThreads The web application [/Bingle] appears to have started a thread named [http-nio-8080-exec-2-SendThread(localhost:2181)] but has failed to stop it. This is very likely to create a memory leak.
06-Jun-2014 02:23:08.245 SEVERE [localhost-startStop-2] org.apache.catalina.loader.WebappClassLoader.clearReferencesThreads Stack trace of thread "http-nio-8080-exec-2-SendThread(localhost:2181)":
 sun.nio.ch.KQueueArrayWrapper.kevent0(Native Method)
 sun.nio.ch.KQueueArrayWrapper.poll(KQueueArrayWrapper.java:202)
 sun.nio.ch.KQueueSelectorImpl.doSelect(KQueueSelectorImpl.java:103)
 sun.nio.ch.SelectorImpl.lockAndDoSelect(SelectorImpl.java:86)
 sun.nio.ch.SelectorImpl.select(SelectorImpl.java:97)
 org.apache.zookeeper.ClientCnxnSocketNIO.doTransport(ClientCnxnSocketNIO.java:349)
 org.apache.zookeeper.ClientCnxn$SendThread.run(ClientCnxn.java:1081)
06-Jun-2014 02:23:08.246 SEVERE [localhost-startStop-2] org.apache.catalina.loader.WebappClassLoader.clearReferencesThreads The web application [/Bingle] appears to have started a thread named [http-nio-8080-exec-2-EventThread] but has failed to stop it. This is very likely to create a memory leak.
06-Jun-2014 02:23:08.246 SEVERE [localhost-startStop-2] org.apache.catalina.loader.WebappClassLoader.clearReferencesThreads Stack trace of thread "http-nio-8080-exec-2-EventThread":
 sun.misc.Unsafe.park(Native Method)
 java.util.concurrent.locks.LockSupport.park(LockSupport.java:175)
 java.util.concurrent.locks.AbstractQueuedSynchronizer$ConditionObject.await(AbstractQueuedSynchronizer.java:2039)
 java.util.concurrent.LinkedBlockingQueue.take(LinkedBlockingQueue.java:442)
 org.apache.zookeeper.ClientCnxn$EventThread.run(ClientCnxn.java:494)
06-Jun-2014 02:23:08.246 SEVERE [localhost-startStop-2] org.apache.catalina.loader.WebappClassLoader.clearReferencesThreads The web application [/Bingle] appears to have started a thread named [http-nio-8080-exec-6-SendThread(localhost:2181)] but has failed to stop it. This is very likely to create a memory leak.
06-Jun-2014 02:23:08.246 SEVERE [localhost-startStop-2] org.apache.catalina.loader.WebappClassLoader.clearReferencesThreads Stack trace of thread "http-nio-8080-exec-6-SendThread(localhost:2181)":
 sun.nio.ch.KQueueArrayWrapper.kevent0(Native Method)
 sun.nio.ch.KQueueArrayWrapper.poll(KQueueArrayWrapper.java:202)
 sun.nio.ch.KQueueSelectorImpl.doSelect(KQueueSelectorImpl.java:103)
 sun.nio.ch.SelectorImpl.lockAndDoSelect(SelectorImpl.java:86)
 sun.nio.ch.SelectorImpl.select(SelectorImpl.java:97)
 org.apache.zookeeper.ClientCnxnSocketNIO.doTransport(ClientCnxnSocketNIO.java:349)
 org.apache.zookeeper.ClientCnxn$SendThread.run(ClientCnxn.java:1081)
06-Jun-2014 02:23:08.246 SEVERE [localhost-startStop-2] org.apache.catalina.loader.WebappClassLoader.clearReferencesThreads The web application [/Bingle] appears to have started a thread named [http-nio-8080-exec-6-EventThread] but has failed to stop it. This is very likely to create a memory leak.
06-Jun-2014 02:23:08.247 SEVERE [localhost-startStop-2] org.apache.catalina.loader.WebappClassLoader.clearReferencesThreads Stack trace of thread "http-nio-8080-exec-6-EventThread":
 sun.misc.Unsafe.park(Native Method)
 java.util.concurrent.locks.LockSupport.park(LockSupport.java:175)
 java.util.concurrent.locks.AbstractQueuedSynchronizer$ConditionObject.await(AbstractQueuedSynchronizer.java:2039)
 java.util.concurrent.LinkedBlockingQueue.take(LinkedBlockingQueue.java:442)
 org.apache.zookeeper.ClientCnxn$EventThread.run(ClientCnxn.java:494)
06-Jun-2014 02:23:08.247 SEVERE [localhost-startStop-2] org.apache.catalina.loader.WebappClassLoader.clearReferencesThreads The web application [/Bingle] appears to have started a thread named [http-nio-8080-exec-3-SendThread(localhost:2181)] but has failed to stop it. This is very likely to create a memory leak.
06-Jun-2014 02:23:08.247 SEVERE [localhost-startStop-2] org.apache.catalina.loader.WebappClassLoader.clearReferencesThreads Stack trace of thread "http-nio-8080-exec-3-SendThread(localhost:2181)":
 sun.nio.ch.KQueueArrayWrapper.kevent0(Native Method)
 sun.nio.ch.KQueueArrayWrapper.poll(KQueueArrayWrapper.java:202)
 sun.nio.ch.KQueueSelectorImpl.doSelect(KQueueSelectorImpl.java:103)
 sun.nio.ch.SelectorImpl.lockAndDoSelect(SelectorImpl.java:86)
 sun.nio.ch.SelectorImpl.select(SelectorImpl.java:97)
 org.apache.zookeeper.ClientCnxnSocketNIO.doTransport(ClientCnxnSocketNIO.java:349)
 org.apache.zookeeper.ClientCnxn$SendThread.run(ClientCnxn.java:1081)
06-Jun-2014 02:23:08.247 SEVERE [localhost-startStop-2] org.apache.catalina.loader.WebappClassLoader.clearReferencesThreads The web application [/Bingle] appears to have started a thread named [http-nio-8080-exec-3-EventThread] but has failed to stop it. This is very likely to create a memory leak.
06-Jun-2014 02:23:08.247 SEVERE [localhost-startStop-2] org.apache.catalina.loader.WebappClassLoader.clearReferencesThreads Stack trace of thread "http-nio-8080-exec-3-EventThread":
 sun.misc.Unsafe.park(Native Method)
 java.util.concurrent.locks.LockSupport.park(LockSupport.java:175)
 java.util.concurrent.locks.AbstractQueuedSynchronizer$ConditionObject.await(AbstractQueuedSynchronizer.java:2039)
 java.util.concurrent.LinkedBlockingQueue.take(LinkedBlockingQueue.java:442)
 org.apache.zookeeper.ClientCnxn$EventThread.run(ClientCnxn.java:494)
06-Jun-2014 02:23:08.248 SEVERE [localhost-startStop-2] org.apache.catalina.loader.WebappClassLoader.clearReferencesThreads The web application [/Bingle] appears to have started a thread named [http-nio-8080-exec-1-SendThread(fe80:0:0:0:0:0:0:1%1:2181)] but has failed to stop it. This is very likely to create a memory leak.
06-Jun-2014 02:23:08.248 SEVERE [localhost-startStop-2] org.apache.catalina.loader.WebappClassLoader.clearReferencesThreads Stack trace of thread "http-nio-8080-exec-1-SendThread(fe80:0:0:0:0:0:0:1%1:2181)":
 sun.nio.ch.KQueueArrayWrapper.kevent0(Native Method)
 sun.nio.ch.KQueueArrayWrapper.poll(KQueueArrayWrapper.java:202)
 sun.nio.ch.KQueueSelectorImpl.doSelect(KQueueSelectorImpl.java:103)
 sun.nio.ch.SelectorImpl.lockAndDoSelect(SelectorImpl.java:86)
 sun.nio.ch.SelectorImpl.select(SelectorImpl.java:97)
 org.apache.zookeeper.ClientCnxnSocketNIO.doTransport(ClientCnxnSocketNIO.java:349)
 org.apache.zookeeper.ClientCnxn$SendThread.run(ClientCnxn.java:1081)
06-Jun-2014 02:23:08.248 SEVERE [localhost-startStop-2] org.apache.catalina.loader.WebappClassLoader.clearReferencesThreads The web application [/Bingle] appears to have started a thread named [http-nio-8080-exec-1-EventThread] but has failed to stop it. This is very likely to create a memory leak.
06-Jun-2014 02:23:08.248 SEVERE [localhost-startStop-2] org.apache.catalina.loader.WebappClassLoader.clearReferencesThreads Stack trace of thread "http-nio-8080-exec-1-EventThread":
 sun.misc.Unsafe.park(Native Method)
 java.util.concurrent.locks.LockSupport.park(LockSupport.java:175)
 java.util.concurrent.locks.AbstractQueuedSynchronizer$ConditionObject.await(AbstractQueuedSynchronizer.java:2039)
 java.util.concurrent.LinkedBlockingQueue.take(LinkedBlockingQueue.java:442)
 org.apache.zookeeper.ClientCnxn$EventThread.run(ClientCnxn.java:494)
06-Jun-2014 02:23:08.249 SEVERE [localhost-startStop-2] org.apache.catalina.loader.WebappClassLoader.clearReferencesThreads The web application [/Bingle] appears to have started a thread named [http-nio-8080-exec-8-SendThread(fe80:0:0:0:0:0:0:1%1:2181)] but has failed to stop it. This is very likely to create a memory leak.
06-Jun-2014 02:23:08.249 SEVERE [localhost-startStop-2] org.apache.catalina.loader.WebappClassLoader.clearReferencesThreads Stack trace of thread "http-nio-8080-exec-8-SendThread(fe80:0:0:0:0:0:0:1%1:2181)":
 sun.nio.ch.KQueueArrayWrapper.kevent0(Native Method)
 sun.nio.ch.KQueueArrayWrapper.poll(KQueueArrayWrapper.java:202)
 sun.nio.ch.KQueueSelectorImpl.doSelect(KQueueSelectorImpl.java:103)
 sun.nio.ch.SelectorImpl.lockAndDoSelect(SelectorImpl.java:86)
 sun.nio.ch.SelectorImpl.select(SelectorImpl.java:97)
 org.apache.zookeeper.ClientCnxnSocketNIO.doTransport(ClientCnxnSocketNIO.java:349)
 org.apache.zookeeper.ClientCnxn$SendThread.run(ClientCnxn.java:1081)
06-Jun-2014 02:23:08.249 SEVERE [localhost-startStop-2] org.apache.catalina.loader.WebappClassLoader.clearReferencesThreads The web application [/Bingle] appears to have started a thread named [http-nio-8080-exec-8-EventThread] but has failed to stop it. This is very likely to create a memory leak.
06-Jun-2014 02:23:08.249 SEVERE [localhost-startStop-2] org.apache.catalina.loader.WebappClassLoader.clearReferencesThreads Stack trace of thread "http-nio-8080-exec-8-EventThread":
 sun.misc.Unsafe.park(Native Method)
 java.util.concurrent.locks.LockSupport.park(LockSupport.java:175)
 java.util.concurrent.locks.AbstractQueuedSynchronizer$ConditionObject.await(AbstractQueuedSynchronizer.java:2039)
 java.util.concurrent.LinkedBlockingQueue.take(LinkedBlockingQueue.java:442)
 org.apache.zookeeper.ClientCnxn$EventThread.run(ClientCnxn.java:494)
06-Jun-2014 02:23:08.288 INFO [http-nio-8080-exec-6-SendThread(localhost:2181)] org.apache.catalina.loader.WebappClassLoader.loadClass Illegal access: this web application instance has been stopped already.  Could not load org.apache.zookeeper.proto.WatcherEvent.  The eventual following stack trace is caused by an error thrown for debugging purposes as well as to attempt to terminate the thread which caused the illegal access, and has no functional impact.
 java.lang.IllegalStateException
	at org.apache.catalina.loader.WebappClassLoader.loadClass(WebappClassLoader.java:1221)
	at org.apache.catalina.loader.WebappClassLoader.loadClass(WebappClassLoader.java:1180)
	at org.apache.zookeeper.ClientCnxn$SendThread.readResponse(ClientCnxn.java:744)
	at org.apache.zookeeper.ClientCnxnSocketNIO.doIO(ClientCnxnSocketNIO.java:94)
	at org.apache.zookeeper.ClientCnxnSocketNIO.doTransport(ClientCnxnSocketNIO.java:366)
	at org.apache.zookeeper.ClientCnxn$SendThread.run(ClientCnxn.java:1081)

06-Jun-2014 02:23:08.291 INFO [http-nio-8080-exec-2-SendThread(localhost:2181)] org.apache.catalina.loader.WebappClassLoader.loadClass Illegal access: this web application instance has been stopped already.  Could not load org.apache.zookeeper.proto.WatcherEvent.  The eventual following stack trace is caused by an error thrown for debugging purposes as well as to attempt to terminate the thread which caused the illegal access, and has no functional impact.
 java.lang.IllegalStateException
	at org.apache.catalina.loader.WebappClassLoader.loadClass(WebappClassLoader.java:1221)
	at org.apache.catalina.loader.WebappClassLoader.loadClass(WebappClassLoader.java:1180)
	at org.apache.zookeeper.ClientCnxn$SendThread.readResponse(ClientCnxn.java:744)
	at org.apache.zookeeper.ClientCnxnSocketNIO.doIO(ClientCnxnSocketNIO.java:94)
	at org.apache.zookeeper.ClientCnxnSocketNIO.doTransport(ClientCnxnSocketNIO.java:366)
	at org.apache.zookeeper.ClientCnxn$SendThread.run(ClientCnxn.java:1081)

06-Jun-2014 02:23:08.292 INFO [http-nio-8080-exec-4-SendThread(fe80:0:0:0:0:0:0:1%1:2181)] org.apache.catalina.loader.WebappClassLoader.loadClass Illegal access: this web application instance has been stopped already.  Could not load org.apache.zookeeper.proto.WatcherEvent.  The eventual following stack trace is caused by an error thrown for debugging purposes as well as to attempt to terminate the thread which caused the illegal access, and has no functional impact.
 java.lang.IllegalStateException
	at org.apache.catalina.loader.WebappClassLoader.loadClass(WebappClassLoader.java:1221)
	at org.apache.catalina.loader.WebappClassLoader.loadClass(WebappClassLoader.java:1180)
	at org.apache.zookeeper.ClientCnxn$SendThread.readResponse(ClientCnxn.java:744)
	at org.apache.zookeeper.ClientCnxnSocketNIO.doIO(ClientCnxnSocketNIO.java:94)
	at org.apache.zookeeper.ClientCnxnSocketNIO.doTransport(ClientCnxnSocketNIO.java:366)
	at org.apache.zookeeper.ClientCnxn$SendThread.run(ClientCnxn.java:1081)

06-Jun-2014 02:23:08.293 INFO [http-nio-8080-exec-1-SendThread(fe80:0:0:0:0:0:0:1%1:2181)] org.apache.catalina.loader.WebappClassLoader.loadClass Illegal access: this web application instance has been stopped already.  Could not load org.apache.zookeeper.proto.WatcherEvent.  The eventual following stack trace is caused by an error thrown for debugging purposes as well as to attempt to terminate the thread which caused the illegal access, and has no functional impact.
 java.lang.IllegalStateException
	at org.apache.catalina.loader.WebappClassLoader.loadClass(WebappClassLoader.java:1221)
	at org.apache.catalina.loader.WebappClassLoader.loadClass(WebappClassLoader.java:1180)
	at org.apache.zookeeper.ClientCnxn$SendThread.readResponse(ClientCnxn.java:744)
	at org.apache.zookeeper.ClientCnxnSocketNIO.doIO(ClientCnxnSocketNIO.java:94)
	at org.apache.zookeeper.ClientCnxnSocketNIO.doTransport(ClientCnxnSocketNIO.java:366)
	at org.apache.zookeeper.ClientCnxn$SendThread.run(ClientCnxn.java:1081)

06-Jun-2014 02:23:08.294 INFO [http-nio-8080-exec-8-SendThread(fe80:0:0:0:0:0:0:1%1:2181)] org.apache.catalina.loader.WebappClassLoader.loadClass Illegal access: this web application instance has been stopped already.  Could not load org.apache.zookeeper.proto.WatcherEvent.  The eventual following stack trace is caused by an error thrown for debugging purposes as well as to attempt to terminate the thread which caused the illegal access, and has no functional impact.
 java.lang.IllegalStateException
	at org.apache.catalina.loader.WebappClassLoader.loadClass(WebappClassLoader.java:1221)
	at org.apache.catalina.loader.WebappClassLoader.loadClass(WebappClassLoader.java:1180)
	at org.apache.zookeeper.ClientCnxn$SendThread.readResponse(ClientCnxn.java:744)
	at org.apache.zookeeper.ClientCnxnSocketNIO.doIO(ClientCnxnSocketNIO.java:94)
	at org.apache.zookeeper.ClientCnxnSocketNIO.doTransport(ClientCnxnSocketNIO.java:366)
	at org.apache.zookeeper.ClientCnxn$SendThread.run(ClientCnxn.java:1081)

06-Jun-2014 02:23:08.296 INFO [http-nio-8080-exec-3-SendThread(localhost:2181)] org.apache.catalina.loader.WebappClassLoader.loadClass Illegal access: this web application instance has been stopped already.  Could not load org.apache.zookeeper.proto.WatcherEvent.  The eventual following stack trace is caused by an error thrown for debugging purposes as well as to attempt to terminate the thread which caused the illegal access, and has no functional impact.
 java.lang.IllegalStateException
	at org.apache.catalina.loader.WebappClassLoader.loadClass(WebappClassLoader.java:1221)
	at org.apache.catalina.loader.WebappClassLoader.loadClass(WebappClassLoader.java:1180)
	at org.apache.zookeeper.ClientCnxn$SendThread.readResponse(ClientCnxn.java:744)
	at org.apache.zookeeper.ClientCnxnSocketNIO.doIO(ClientCnxnSocketNIO.java:94)
	at org.apache.zookeeper.ClientCnxnSocketNIO.doTransport(ClientCnxnSocketNIO.java:366)
	at org.apache.zookeeper.ClientCnxn$SendThread.run(ClientCnxn.java:1081)

06-Jun-2014 02:23:08.297 INFO [http-nio-8080-exec-8-SendThread(fe80:0:0:0:0:0:0:1%1:2181)] org.apache.catalina.loader.WebappClassLoader.loadClass Illegal access: this web application instance has been stopped already.  Could not load org.apache.log4j.spi.ThrowableInformation.  The eventual following stack trace is caused by an error thrown for debugging purposes as well as to attempt to terminate the thread which caused the illegal access, and has no functional impact.
 java.lang.IllegalStateException
	at org.apache.catalina.loader.WebappClassLoader.loadClass(WebappClassLoader.java:1221)
	at org.apache.catalina.loader.WebappClassLoader.loadClass(WebappClassLoader.java:1180)
	at org.apache.log4j.spi.LoggingEvent.<init>(LoggingEvent.java:165)
	at org.apache.log4j.Category.forcedLog(Category.java:391)
	at org.apache.log4j.Category.log(Category.java:856)
	at org.slf4j.impl.Log4jLoggerAdapter.warn(Log4jLoggerAdapter.java:478)
	at org.apache.zookeeper.ClientCnxn$SendThread.run(ClientCnxn.java:1102)

06-Jun-2014 02:23:08.299 INFO [http-nio-8080-exec-1-SendThread(fe80:0:0:0:0:0:0:1%1:2181)] org.apache.catalina.loader.WebappClassLoader.loadClass Illegal access: this web application instance has been stopped already.  Could not load org.apache.log4j.spi.ThrowableInformation.  The eventual following stack trace is caused by an error thrown for debugging purposes as well as to attempt to terminate the thread which caused the illegal access, and has no functional impact.
 java.lang.IllegalStateException
	at org.apache.catalina.loader.WebappClassLoader.loadClass(WebappClassLoader.java:1221)
	at org.apache.catalina.loader.WebappClassLoader.loadClass(WebappClassLoader.java:1180)
	at org.apache.log4j.spi.LoggingEvent.<init>(LoggingEvent.java:165)
	at org.apache.log4j.Category.forcedLog(Category.java:391)
	at org.apache.log4j.Category.log(Category.java:856)
	at org.slf4j.impl.Log4jLoggerAdapter.warn(Log4jLoggerAdapter.java:478)
	at org.apache.zookeeper.ClientCnxn$SendThread.run(ClientCnxn.java:1102)

06-Jun-2014 02:23:08.300 INFO [http-nio-8080-exec-4-SendThread(fe80:0:0:0:0:0:0:1%1:2181)] org.apache.catalina.loader.WebappClassLoader.loadClass Illegal access: this web application instance has been stopped already.  Could not load org.apache.log4j.spi.ThrowableInformation.  The eventual following stack trace is caused by an error thrown for debugging purposes as well as to attempt to terminate the thread which caused the illegal access, and has no functional impact.
 java.lang.IllegalStateException
	at org.apache.catalina.loader.WebappClassLoader.loadClass(WebappClassLoader.java:1221)
	at org.apache.catalina.loader.WebappClassLoader.loadClass(WebappClassLoader.java:1180)
	at org.apache.log4j.spi.LoggingEvent.<init>(LoggingEvent.java:165)
	at org.apache.log4j.Category.forcedLog(Category.java:391)
	at org.apache.log4j.Category.log(Category.java:856)
	at org.slf4j.impl.Log4jLoggerAdapter.warn(Log4jLoggerAdapter.java:478)
	at org.apache.zookeeper.ClientCnxn$SendThread.run(ClientCnxn.java:1102)

06-Jun-2014 02:23:08.300 INFO [http-nio-8080-exec-2-SendThread(localhost:2181)] org.apache.catalina.loader.WebappClassLoader.loadClass Illegal access: this web application instance has been stopped already.  Could not load org.apache.log4j.spi.ThrowableInformation.  The eventual following stack trace is caused by an error thrown for debugging purposes as well as to attempt to terminate the thread which caused the illegal access, and has no functional impact.
 java.lang.IllegalStateException
	at org.apache.catalina.loader.WebappClassLoader.loadClass(WebappClassLoader.java:1221)
	at org.apache.catalina.loader.WebappClassLoader.loadClass(WebappClassLoader.java:1180)
	at org.apache.log4j.spi.LoggingEvent.<init>(LoggingEvent.java:165)
	at org.apache.log4j.Category.forcedLog(Category.java:391)
	at org.apache.log4j.Category.log(Category.java:856)
	at org.slf4j.impl.Log4jLoggerAdapter.warn(Log4jLoggerAdapter.java:478)
	at org.apache.zookeeper.ClientCnxn$SendThread.run(ClientCnxn.java:1102)

06-Jun-2014 02:23:08.301 INFO [http-nio-8080-exec-6-SendThread(localhost:2181)] org.apache.catalina.loader.WebappClassLoader.loadClass Illegal access: this web application instance has been stopped already.  Could not load org.apache.log4j.spi.ThrowableInformation.  The eventual following stack trace is caused by an error thrown for debugging purposes as well as to attempt to terminate the thread which caused the illegal access, and has no functional impact.
 java.lang.IllegalStateException
	at org.apache.catalina.loader.WebappClassLoader.loadClass(WebappClassLoader.java:1221)
	at org.apache.catalina.loader.WebappClassLoader.loadClass(WebappClassLoader.java:1180)
	at org.apache.log4j.spi.LoggingEvent.<init>(LoggingEvent.java:165)
	at org.apache.log4j.Category.forcedLog(Category.java:391)
	at org.apache.log4j.Category.log(Category.java:856)
	at org.slf4j.impl.Log4jLoggerAdapter.warn(Log4jLoggerAdapter.java:478)
	at org.apache.zookeeper.ClientCnxn$SendThread.run(ClientCnxn.java:1102)

06-Jun-2014 02:23:08.301 INFO [http-nio-8080-exec-3-SendThread(localhost:2181)] org.apache.catalina.loader.WebappClassLoader.loadClass Illegal access: this web application instance has been stopped already.  Could not load org.apache.log4j.spi.ThrowableInformation.  The eventual following stack trace is caused by an error thrown for debugging purposes as well as to attempt to terminate the thread which caused the illegal access, and has no functional impact.
 java.lang.IllegalStateException
	at org.apache.catalina.loader.WebappClassLoader.loadClass(WebappClassLoader.java:1221)
	at org.apache.catalina.loader.WebappClassLoader.loadClass(WebappClassLoader.java:1180)
	at org.apache.log4j.spi.LoggingEvent.<init>(LoggingEvent.java:165)
	at org.apache.log4j.Category.forcedLog(Category.java:391)
	at org.apache.log4j.Category.log(Category.java:856)
	at org.slf4j.impl.Log4jLoggerAdapter.warn(Log4jLoggerAdapter.java:478)
	at org.apache.zookeeper.ClientCnxn$SendThread.run(ClientCnxn.java:1102)

06-Jun-2014 02:23:08.322 SEVERE [localhost-startStop-2] org.apache.catalina.loader.WebappClassLoader.clearReferencesThreads The web application [/solr] appears to have started a thread named [localhost-startStop-1-SendThread(wbuntu:2181)] but has failed to stop it. This is very likely to create a memory leak.
06-Jun-2014 02:23:08.322 SEVERE [localhost-startStop-2] org.apache.catalina.loader.WebappClassLoader.clearReferencesThreads Stack trace of thread "localhost-startStop-1-SendThread(wbuntu:2181)":
 java.lang.Thread.sleep(Native Method)
 org.apache.zookeeper.ClientCnxnSocketNIO.cleanup(ClientCnxnSocketNIO.java:230)
 org.apache.zookeeper.ClientCnxn$SendThread.cleanup(ClientCnxn.java:1185)
 org.apache.zookeeper.ClientCnxn$SendThread.run(ClientCnxn.java:1122)
06-Jun-2014 02:23:08.323 SEVERE [localhost-startStop-2] org.apache.catalina.loader.WebappClassLoader.checkThreadLocalMapForLeaks The web application [/solr] created a ThreadLocal with key of type [org.apache.solr.schema.DateField.ThreadLocalDateFormat] (value [org.apache.solr.schema.DateField$ThreadLocalDateFormat@7032f722]) and a value of type [org.apache.solr.schema.DateField.ISO8601CanonicalDateFormat] (value [org.apache.solr.schema.DateField$ISO8601CanonicalDateFormat@6b2ed43a]) but failed to remove it when the web application was stopped. Threads are going to be renewed over time to try and avoid a probable memory leak.
06-Jun-2014 02:23:08.323 SEVERE [localhost-startStop-2] org.apache.catalina.loader.WebappClassLoader.checkThreadLocalMapForLeaks The web application [/solr] created a ThreadLocal with key of type [org.apache.solr.schema.DateField.ThreadLocalDateFormat] (value [org.apache.solr.schema.DateField$ThreadLocalDateFormat@7032f722]) and a value of type [org.apache.solr.schema.DateField.ISO8601CanonicalDateFormat] (value [org.apache.solr.schema.DateField$ISO8601CanonicalDateFormat@6b2ed43a]) but failed to remove it when the web application was stopped. Threads are going to be renewed over time to try and avoid a probable memory leak.
06-Jun-2014 02:23:08.323 SEVERE [localhost-startStop-2] org.apache.catalina.loader.WebappClassLoader.checkThreadLocalMapForLeaks The web application [/solr] created a ThreadLocal with key of type [org.apache.solr.schema.DateField.ThreadLocalDateFormat] (value [org.apache.solr.schema.DateField$ThreadLocalDateFormat@7032f722]) and a value of type [org.apache.solr.schema.DateField.ISO8601CanonicalDateFormat] (value [org.apache.solr.schema.DateField$ISO8601CanonicalDateFormat@6b2ed43a]) but failed to remove it when the web application was stopped. Threads are going to be renewed over time to try and avoid a probable memory leak.
06-Jun-2014 02:23:08.324 SEVERE [localhost-startStop-2] org.apache.catalina.loader.WebappClassLoader.checkThreadLocalMapForLeaks The web application [/solr] created a ThreadLocal with key of type [org.apache.solr.schema.DateField.ThreadLocalDateFormat] (value [org.apache.solr.schema.DateField$ThreadLocalDateFormat@7032f722]) and a value of type [org.apache.solr.schema.DateField.ISO8601CanonicalDateFormat] (value [org.apache.solr.schema.DateField$ISO8601CanonicalDateFormat@6b2ed43a]) but failed to remove it when the web application was stopped. Threads are going to be renewed over time to try and avoid a probable memory leak.
06-Jun-2014 02:23:08.344 INFO [main] org.apache.coyote.AbstractProtocol.stop Stopping ProtocolHandler ["http-nio-8080"]
06-Jun-2014 02:23:08.346 INFO [main] org.apache.coyote.AbstractProtocol.stop Stopping ProtocolHandler ["ajp-nio-8009"]
06-Jun-2014 02:23:08.403 INFO [main] org.apache.coyote.AbstractProtocol.destroy Destroying ProtocolHandler ["http-nio-8080"]
06-Jun-2014 02:23:08.404 INFO [main] org.apache.coyote.AbstractProtocol.destroy Destroying ProtocolHandler ["ajp-nio-8009"]
06-Jun-2014 02:29:04.086 INFO [main] org.apache.catalina.core.AprLifecycleListener.init The APR based Apache Tomcat Native library which allows optimal performance in production environments was not found on the java.library.path: /Users/zplovett/Library/Java/Extensions:/Library/Java/Extensions:/Network/Library/Java/Extensions:/System/Library/Java/Extensions:/usr/lib/java:.
06-Jun-2014 02:29:04.401 INFO [main] org.apache.coyote.AbstractProtocol.init Initializing ProtocolHandler ["http-nio-8080"]
06-Jun-2014 02:29:04.431 INFO [main] org.apache.tomcat.util.net.NioSelectorPool.getSharedSelector Using a shared selector for servlet write/read
06-Jun-2014 02:29:04.434 INFO [main] org.apache.coyote.AbstractProtocol.init Initializing ProtocolHandler ["ajp-nio-8009"]
06-Jun-2014 02:29:04.435 INFO [main] org.apache.tomcat.util.net.NioSelectorPool.getSharedSelector Using a shared selector for servlet write/read
06-Jun-2014 02:29:04.435 INFO [main] org.apache.catalina.startup.Catalina.load Initialization processed in 786 ms
06-Jun-2014 02:29:04.472 INFO [main] org.apache.catalina.core.StandardService.startInternal Starting service Catalina
06-Jun-2014 02:29:04.472 INFO [main] org.apache.catalina.core.StandardEngine.startInternal Starting Servlet Engine: Apache Tomcat/8.0.8
06-Jun-2014 02:29:04.483 INFO [localhost-startStop-1] org.apache.catalina.startup.HostConfig.deployDirectory Deploying web application directory /Library/Tomcat/webapps/Bingle
06-Jun-2014 02:29:15.197 INFO [localhost-startStop-1] null.null Initiating Jersey application, version Jersey: 2.4 2013-10-24 18:25:49...
06-Jun-2014 02:29:15.668 INFO [localhost-startStop-1] org.apache.catalina.startup.HostConfig.deployDirectory Deployment of web application directory /Library/Tomcat/webapps/Bingle has finished in 11,185 ms
06-Jun-2014 02:29:15.669 INFO [localhost-startStop-1] org.apache.catalina.startup.HostConfig.deployDirectory Deploying web application directory /Library/Tomcat/webapps/docs
06-Jun-2014 02:29:15.688 INFO [localhost-startStop-1] org.apache.catalina.startup.HostConfig.deployDirectory Deployment of web application directory /Library/Tomcat/webapps/docs has finished in 19 ms
06-Jun-2014 02:29:15.688 INFO [localhost-startStop-1] org.apache.catalina.startup.HostConfig.deployDirectory Deploying web application directory /Library/Tomcat/webapps/examples
06-Jun-2014 02:29:15.941 INFO [localhost-startStop-1] org.apache.catalina.startup.HostConfig.deployDirectory Deployment of web application directory /Library/Tomcat/webapps/examples has finished in 253 ms
06-Jun-2014 02:29:15.942 INFO [localhost-startStop-1] org.apache.catalina.startup.HostConfig.deployDirectory Deploying web application directory /Library/Tomcat/webapps/host-manager
06-Jun-2014 02:29:15.965 INFO [localhost-startStop-1] org.apache.catalina.startup.HostConfig.deployDirectory Deployment of web application directory /Library/Tomcat/webapps/host-manager has finished in 24 ms
06-Jun-2014 02:29:15.965 INFO [localhost-startStop-1] org.apache.catalina.startup.HostConfig.deployDirectory Deploying web application directory /Library/Tomcat/webapps/manager
06-Jun-2014 02:29:15.983 INFO [localhost-startStop-1] org.apache.catalina.startup.HostConfig.deployDirectory Deployment of web application directory /Library/Tomcat/webapps/manager has finished in 18 ms
06-Jun-2014 02:29:15.984 INFO [localhost-startStop-1] org.apache.catalina.startup.HostConfig.deployDirectory Deploying web application directory /Library/Tomcat/webapps/ROOT
06-Jun-2014 02:29:15.995 INFO [localhost-startStop-1] org.apache.catalina.startup.HostConfig.deployDirectory Deployment of web application directory /Library/Tomcat/webapps/ROOT has finished in 12 ms
06-Jun-2014 02:29:15.995 INFO [localhost-startStop-1] org.apache.catalina.startup.HostConfig.deployDirectory Deploying web application directory /Library/Tomcat/webapps/solr
06-Jun-2014 02:29:18.415 INFO [localhost-startStop-1] org.apache.jasper.servlet.TldScanner.scanJars At least one JAR was scanned for TLDs yet contained no TLDs. Enable debug logging for this logger for a complete list of JARs that were scanned but no TLDs were found in them. Skipping unneeded JARs during scanning can improve startup time and JSP compilation time.
06-Jun-2014 02:29:40.612 INFO [localhost-startStop-1] org.apache.catalina.startup.HostConfig.deployDirectory Deployment of web application directory /Library/Tomcat/webapps/solr has finished in 24,617 ms
06-Jun-2014 02:29:40.619 INFO [main] org.apache.coyote.AbstractProtocol.start Starting ProtocolHandler ["http-nio-8080"]
06-Jun-2014 02:29:40.631 INFO [main] org.apache.coyote.AbstractProtocol.start Starting ProtocolHandler ["ajp-nio-8009"]
06-Jun-2014 02:29:40.631 INFO [main] org.apache.catalina.startup.Catalina.start Server startup in 36195 ms
06-Jun-2014 21:01:14.268 WARNING [http-nio-8080-exec-6] org.apache.catalina.realm.LockOutRealm.authenticate An attempt was made to authenticate the locked user "admin"
06-Jun-2014 21:01:14.278 WARNING [http-nio-8080-exec-7] org.apache.catalina.realm.LockOutRealm.authenticate An attempt was made to authenticate the locked user "admin"
06-Jun-2014 21:01:14.295 WARNING [http-nio-8080-exec-3] org.apache.catalina.realm.LockOutRealm.authenticate An attempt was made to authenticate the locked user "admin"
06-Jun-2014 21:01:14.311 WARNING [http-nio-8080-exec-2] org.apache.catalina.realm.LockOutRealm.authenticate An attempt was made to authenticate the locked user "admin"
06-Jun-2014 21:01:14.324 WARNING [http-nio-8080-exec-10] org.apache.catalina.realm.LockOutRealm.authenticate An attempt was made to authenticate the locked user "admin"
06-Jun-2014 21:01:14.324 WARNING [http-nio-8080-exec-9] org.apache.catalina.realm.LockOutRealm.authenticate An attempt was made to authenticate the locked user "admin"
06-Jun-2014 21:01:14.340 WARNING [http-nio-8080-exec-6] org.apache.catalina.realm.LockOutRealm.authenticate An attempt was made to authenticate the locked user "admin"
06-Jun-2014 21:01:14.342 WARNING [http-nio-8080-exec-7] org.apache.catalina.realm.LockOutRealm.authenticate An attempt was made to authenticate the locked user "admin"
06-Jun-2014 21:01:14.370 WARNING [http-nio-8080-exec-5] org.apache.catalina.realm.LockOutRealm.authenticate An attempt was made to authenticate the locked user "admin"
06-Jun-2014 21:01:14.464 WARNING [http-nio-8080-exec-9] org.apache.catalina.realm.LockOutRealm.authenticate An attempt was made to authenticate the locked user "tomcat"
06-Jun-2014 21:01:14.464 WARNING [http-nio-8080-exec-8] org.apache.catalina.realm.LockOutRealm.authenticate An attempt was made to authenticate the locked user "tomcat"
06-Jun-2014 21:01:14.496 WARNING [http-nio-8080-exec-5] org.apache.catalina.realm.LockOutRealm.authenticate An attempt was made to authenticate the locked user "tomcat"
06-Jun-2014 21:01:14.496 WARNING [http-nio-8080-exec-3] org.apache.catalina.realm.LockOutRealm.authenticate An attempt was made to authenticate the locked user "tomcat"
06-Jun-2014 21:01:14.547 WARNING [http-nio-8080-exec-10] org.apache.catalina.realm.LockOutRealm.authenticate An attempt was made to authenticate the locked user "tomcat"
06-Jun-2014 21:01:14.547 WARNING [http-nio-8080-exec-6] org.apache.catalina.realm.LockOutRealm.authenticate An attempt was made to authenticate the locked user "tomcat"
06-Jun-2014 21:01:14.573 WARNING [http-nio-8080-exec-7] org.apache.catalina.realm.LockOutRealm.authenticate An attempt was made to authenticate the locked user "tomcat"
06-Jun-2014 21:01:14.573 WARNING [http-nio-8080-exec-1] org.apache.catalina.realm.LockOutRealm.authenticate An attempt was made to authenticate the locked user "tomcat"
06-Jun-2014 21:01:14.609 WARNING [http-nio-8080-exec-5] org.apache.catalina.realm.LockOutRealm.authenticate An attempt was made to authenticate the locked user "tomcat"
06-Jun-2014 21:01:14.698 WARNING [http-nio-8080-exec-2] org.apache.catalina.realm.LockOutRealm.authenticate An attempt was made to authenticate the locked user "manager"
06-Jun-2014 21:01:14.699 WARNING [http-nio-8080-exec-10] org.apache.catalina.realm.LockOutRealm.authenticate An attempt was made to authenticate the locked user "manager"
06-Jun-2014 21:01:14.731 WARNING [http-nio-8080-exec-9] org.apache.catalina.realm.LockOutRealm.authenticate An attempt was made to authenticate the locked user "manager"
06-Jun-2014 21:01:14.731 WARNING [http-nio-8080-exec-8] org.apache.catalina.realm.LockOutRealm.authenticate An attempt was made to authenticate the locked user "manager"
06-Jun-2014 21:01:14.746 WARNING [http-nio-8080-exec-7] org.apache.catalina.realm.LockOutRealm.authenticate An attempt was made to authenticate the locked user "manager"
06-Jun-2014 21:01:14.747 WARNING [http-nio-8080-exec-1] org.apache.catalina.realm.LockOutRealm.authenticate An attempt was made to authenticate the locked user "manager"
06-Jun-2014 21:01:14.826 WARNING [http-nio-8080-exec-7] org.apache.catalina.realm.LockOutRealm.authenticate An attempt was made to authenticate the locked user "manager"
06-Jun-2014 21:01:14.826 WARNING [http-nio-8080-exec-1] org.apache.catalina.realm.LockOutRealm.authenticate An attempt was made to authenticate the locked user "manager"
06-Jun-2014 21:01:14.838 WARNING [http-nio-8080-exec-5] org.apache.catalina.realm.LockOutRealm.authenticate An attempt was made to authenticate the locked user "manager"
